[ 2017-09-19T10:22:25+08:00 ] ::1 /subject/
INFO: [ app_init ] --START--
INFO: Run Behavior\BuildLiteBehavior [ RunTime:0.000031s ]
INFO: [ app_init ] --END-- [ RunTime:0.001532s ]
INFO: [ app_begin ] --START--
INFO: Run Behavior\ReadHtmlCacheBehavior [ RunTime:0.003639s ]
INFO: [ app_begin ] --END-- [ RunTime:0.005278s ]
SQL: SHOW COLUMNS FROM `news` [ RunTime:0.0364s ]
SQL: SHOW COLUMNS FROM `notice` [ RunTime:0.0565s ]
SQL: SHOW COLUMNS FROM `student` [ RunTime:0.0551s ]
SQL: SHOW COLUMNS FROM `picture` [ RunTime:0.0689s ]
SQL: SELECT * FROM `picture` ORDER BY id  [ RunTime:0.0013s ]
SQL: SELECT * FROM `news` ORDER BY istop desc,time desc LIMIT 3   [ RunTime:0.0371s ]
SQL: SELECT * FROM `notice` ORDER BY istop desc,time desc LIMIT 5   [ RunTime:0.0016s ]
SQL: SELECT * FROM `student` ORDER BY time desc LIMIT 8   [ RunTime:0.0140s ]
INFO: [ view_parse ] --START--
INFO: [ template_filter ] --START--
INFO: Run Behavior\ContentReplaceBehavior [ RunTime:0.000238s ]
INFO: [ template_filter ] --END-- [ RunTime:0.000358s ]
INFO: Run Behavior\ParseTemplateBehavior [ RunTime:0.056018s ]
INFO: [ view_parse ] --END-- [ RunTime:0.056120s ]
INFO: [ view_filter ] --START--
INFO: Run Behavior\WriteHtmlCacheBehavior [ RunTime:0.001206s ]
INFO: [ view_filter ] --END-- [ RunTime:0.001289s ]
INFO: [ app_end ] --START--
INFO: Run Behavior\ShowPageTraceBehavior [ RunTime:0.001813s ]
INFO: [ app_end ] --END-- [ RunTime:0.001944s ]

[ 2017-09-19T11:17:39+08:00 ] ::1 /subject/index.php/
INFO: [ app_init ] --START--
INFO: Run Behavior\BuildLiteBehavior [ RunTime:0.000031s ]
INFO: [ app_init ] --END-- [ RunTime:0.001322s ]
INFO: [ app_begin ] --START--
INFO: Run Behavior\ReadHtmlCacheBehavior [ RunTime:0.002148s ]
INFO: [ app_begin ] --END-- [ RunTime:0.002289s ]
SQL: SHOW COLUMNS FROM `news` [ RunTime:0.0147s ]
SQL: SHOW COLUMNS FROM `notice` [ RunTime:0.0125s ]
SQL: SHOW COLUMNS FROM `student` [ RunTime:0.0154s ]
SQL: SHOW COLUMNS FROM `picture` [ RunTime:0.0141s ]
SQL: SELECT * FROM `picture` ORDER BY id  [ RunTime:0.0009s ]
SQL: SELECT * FROM `news` ORDER BY istop desc,time desc LIMIT 3   [ RunTime:0.0011s ]
SQL: SELECT * FROM `notice` ORDER BY istop desc,time desc LIMIT 5   [ RunTime:0.0010s ]
SQL: SELECT * FROM `student` ORDER BY time desc LIMIT 8   [ RunTime:0.0012s ]
INFO: [ view_parse ] --START--
INFO: [ template_filter ] --START--
INFO: Run Behavior\ContentReplaceBehavior [ RunTime:0.000226s ]
INFO: [ template_filter ] --END-- [ RunTime:0.000343s ]
INFO: Run Behavior\ParseTemplateBehavior [ RunTime:0.034514s ]
INFO: [ view_parse ] --END-- [ RunTime:0.034662s ]
INFO: [ view_filter ] --START--
INFO: Run Behavior\WriteHtmlCacheBehavior [ RunTime:0.001621s ]
INFO: [ view_filter ] --END-- [ RunTime:0.001718s ]
INFO: [ app_end ] --START--
INFO: Run Behavior\ShowPageTraceBehavior [ RunTime:0.003792s ]
INFO: [ app_end ] --END-- [ RunTime:0.003925s ]

[ 2017-09-19T11:17:42+08:00 ] ::1 /subject/index.php/Home/Passages/time
INFO: [ app_init ] --START--
INFO: Run Behavior\BuildLiteBehavior [ RunTime:0.000031s ]
INFO: [ app_init ] --END-- [ RunTime:0.001261s ]
INFO: [ app_begin ] --START--
INFO: Run Behavior\ReadHtmlCacheBehavior [ RunTime:0.001411s ]
INFO: [ app_begin ] --END-- [ RunTime:0.001562s ]
INFO: [ view_parse ] --START--
INFO: [ template_filter ] --START--
INFO: Run Behavior\ContentReplaceBehavior [ RunTime:0.000330s ]
INFO: [ template_filter ] --END-- [ RunTime:0.000955s ]
INFO: Run Behavior\ParseTemplateBehavior [ RunTime:0.061392s ]
INFO: [ view_parse ] --END-- [ RunTime:0.061511s ]
INFO: [ view_filter ] --START--
INFO: Run Behavior\WriteHtmlCacheBehavior [ RunTime:0.001062s ]
INFO: [ view_filter ] --END-- [ RunTime:0.001160s ]
INFO: [ app_end ] --START--
INFO: Run Behavior\ShowPageTraceBehavior [ RunTime:0.001579s ]
INFO: [ app_end ] --END-- [ RunTime:0.001867s ]

