[ 2017-09-20T00:47:03+08:00 ] ::1 /subject/index.php/
INFO: [ app_init ] --START--
INFO: Run Behavior\BuildLiteBehavior [ RunTime:0.000070s ]
INFO: [ app_init ] --END-- [ RunTime:0.002130s ]
INFO: [ app_begin ] --START--
INFO: Run Behavior\ReadHtmlCacheBehavior [ RunTime:0.002028s ]
INFO: [ app_begin ] --END-- [ RunTime:0.002375s ]
SQL: SHOW COLUMNS FROM `news` [ RunTime:0.0092s ]
SQL: SHOW COLUMNS FROM `notice` [ RunTime:0.0027s ]
SQL: SHOW COLUMNS FROM `student` [ RunTime:0.0030s ]
SQL: SHOW COLUMNS FROM `picture` [ RunTime:0.0020s ]
SQL: SELECT * FROM `picture` ORDER BY id  [ RunTime:0.0020s ]
SQL: SELECT * FROM `news` ORDER BY istop desc,time desc LIMIT 3   [ RunTime:0.0029s ]
SQL: SELECT * FROM `notice` ORDER BY istop desc,time desc LIMIT 5   [ RunTime:0.0440s ]
SQL: SELECT * FROM `student` ORDER BY time desc LIMIT 8   [ RunTime:0.0208s ]
INFO: [ view_parse ] --START--
INFO: [ template_filter ] --START--
INFO: Run Behavior\ContentReplaceBehavior [ RunTime:0.000482s ]
INFO: [ template_filter ] --END-- [ RunTime:0.000897s ]
INFO: Run Behavior\ParseTemplateBehavior [ RunTime:0.153383s ]
INFO: [ view_parse ] --END-- [ RunTime:0.153746s ]
INFO: [ view_filter ] --START--
INFO: Run Behavior\WriteHtmlCacheBehavior [ RunTime:0.001458s ]
INFO: [ view_filter ] --END-- [ RunTime:0.001826s ]
INFO: [ app_end ] --START--
INFO: Run Behavior\ShowPageTraceBehavior [ RunTime:0.002002s ]
INFO: [ app_end ] --END-- [ RunTime:0.002336s ]

