[ 2017-09-18T17:19:49+08:00 ] 192.168.1.135 /subject/
INFO: [ app_init ] --START--
INFO: Run Behavior\BuildLiteBehavior [ RunTime:0.000040s ]
INFO: [ app_init ] --END-- [ RunTime:0.005843s ]
INFO: [ app_begin ] --START--
INFO: Run Behavior\ReadHtmlCacheBehavior [ RunTime:0.001932s ]
INFO: [ app_begin ] --END-- [ RunTime:0.002132s ]
SQL: SHOW COLUMNS FROM `news` [ RunTime:0.0380s ]
SQL: SHOW COLUMNS FROM `notice` [ RunTime:0.0062s ]
SQL: SHOW COLUMNS FROM `student` [ RunTime:0.0064s ]
SQL: SHOW COLUMNS FROM `picture` [ RunTime:0.0064s ]
SQL: SELECT * FROM `picture` ORDER BY id  [ RunTime:0.0061s ]
SQL: SELECT * FROM `news` ORDER BY time desc LIMIT 3   [ RunTime:0.0013s ]
SQL: SELECT * FROM `notice` ORDER BY time desc LIMIT 5   [ RunTime:0.0014s ]
SQL: SELECT * FROM `student` ORDER BY time desc LIMIT 8   [ RunTime:0.0012s ]
INFO: [ view_parse ] --START--
INFO: [ template_filter ] --START--
INFO: Run Behavior\ContentReplaceBehavior [ RunTime:0.004883s ]
INFO: [ template_filter ] --END-- [ RunTime:0.005069s ]
INFO: Run Behavior\ParseTemplateBehavior [ RunTime:0.093412s ]
INFO: [ view_parse ] --END-- [ RunTime:0.093567s ]
INFO: [ view_filter ] --START--
INFO: Run Behavior\WriteHtmlCacheBehavior [ RunTime:0.001216s ]
INFO: [ view_filter ] --END-- [ RunTime:0.001311s ]
INFO: [ app_end ] --START--
INFO: Run Behavior\ShowPageTraceBehavior [ RunTime:0.001427s ]
INFO: [ app_end ] --END-- [ RunTime:0.001543s ]

[ 2017-09-18T17:26:58+08:00 ] 192.168.1.135 /subject/index.php/Home/Passages/showPassages/2
INFO: [ app_init ] --START--
INFO: Run Behavior\BuildLiteBehavior [ RunTime:0.000022s ]
INFO: [ app_init ] --END-- [ RunTime:0.000518s ]
INFO: [ app_begin ] --START--
INFO: Run Behavior\ReadHtmlCacheBehavior [ RunTime:0.000643s ]
INFO: [ app_begin ] --END-- [ RunTime:0.000740s ]
SQL: SHOW COLUMNS FROM `passages` [ RunTime:0.0037s ]
SQL: SHOW COLUMNS FROM `news` [ RunTime:0.0011s ]
SQL: SHOW COLUMNS FROM `notice` [ RunTime:0.0008s ]
SQL: SELECT * FROM `news` ORDER BY time desc LIMIT 0,3   [ RunTime:0.0004s ]
SQL: SELECT * FROM `notice` ORDER BY time desc LIMIT 0,5   [ RunTime:0.0003s ]
SQL: SELECT * FROM `passages` WHERE `id` = 2 LIMIT 1   [ RunTime:0.0035s ]
SQL: SELECT MAX(id) AS tp_Max FROM `passages` LIMIT 1   [ RunTime:0.0038s ]
SQL: SELECT * FROM `passages` WHERE ( first='学术研究' )  [ RunTime:0.0005s ]
INFO: [ view_parse ] --START--
INFO: [ template_filter ] --START--
INFO: Run Behavior\ContentReplaceBehavior [ RunTime:0.000116s ]
INFO: [ template_filter ] --END-- [ RunTime:0.000221s ]
INFO: Run Behavior\ParseTemplateBehavior [ RunTime:0.016093s ]
INFO: [ view_parse ] --END-- [ RunTime:0.016246s ]
INFO: [ view_filter ] --START--
INFO: Run Behavior\WriteHtmlCacheBehavior [ RunTime:0.000568s ]
INFO: [ view_filter ] --END-- [ RunTime:0.000703s ]
INFO: [ app_end ] --START--
INFO: Run Behavior\ShowPageTraceBehavior [ RunTime:0.000679s ]
INFO: [ app_end ] --END-- [ RunTime:0.000823s ]

[ 2017-09-18T17:28:20+08:00 ] 192.168.1.135 /subject/index.php/Home/News/showList
INFO: [ app_init ] --START--
INFO: Run Behavior\BuildLiteBehavior [ RunTime:0.000022s ]
INFO: [ app_init ] --END-- [ RunTime:0.000499s ]
INFO: [ app_begin ] --START--
INFO: Run Behavior\ReadHtmlCacheBehavior [ RunTime:0.000608s ]
INFO: [ app_begin ] --END-- [ RunTime:0.000708s ]
SQL: SHOW COLUMNS FROM `news` [ RunTime:0.0009s ]
SQL: SELECT COUNT(*) AS tp_count FROM `news` LIMIT 1   [ RunTime:0.0013s ]
NOTIC: [8] Undefined index: p E:\wamp64\www\subject\Application\Home\Controller\NewsController.class.php 第 26 行.
NOTIC: [8] Undefined index: limit E:\wamp64\www\subject\ThinkPHP\Library\Think\Db\Driver.class.php 第 961 行.
SQL: SELECT * FROM `news` ORDER BY time desc LIMIT 0,20   [ RunTime:0.0006s ]
SQL: SHOW COLUMNS FROM `notice` [ RunTime:0.0010s ]
SQL: SELECT * FROM `notice` ORDER BY time desc  [ RunTime:0.0005s ]
INFO: [ view_parse ] --START--
INFO: [ template_filter ] --START--
INFO: Run Behavior\ContentReplaceBehavior [ RunTime:0.000184s ]
INFO: [ template_filter ] --END-- [ RunTime:0.000480s ]
INFO: Run Behavior\ParseTemplateBehavior [ RunTime:0.015102s ]
INFO: [ view_parse ] --END-- [ RunTime:0.015221s ]
INFO: [ view_filter ] --START--
INFO: Run Behavior\WriteHtmlCacheBehavior [ RunTime:0.000416s ]
INFO: [ view_filter ] --END-- [ RunTime:0.000501s ]
INFO: [ app_end ] --START--
INFO: Run Behavior\ShowPageTraceBehavior [ RunTime:0.000574s ]
INFO: [ app_end ] --END-- [ RunTime:0.000665s ]

[ 2017-09-18T17:32:10+08:00 ] 192.168.1.135 /subject/index.php/Home/News/showList
INFO: [ app_init ] --START--
INFO: Run Behavior\BuildLiteBehavior [ RunTime:0.000023s ]
INFO: [ app_init ] --END-- [ RunTime:0.000632s ]
INFO: [ app_begin ] --START--
INFO: Run Behavior\ReadHtmlCacheBehavior [ RunTime:0.000624s ]
INFO: [ app_begin ] --END-- [ RunTime:0.000722s ]
SQL: SHOW COLUMNS FROM `news` [ RunTime:0.0009s ]
SQL: SELECT COUNT(*) AS tp_count FROM `news` LIMIT 1   [ RunTime:0.0002s ]
NOTIC: [8] Undefined index: p E:\wamp64\www\subject\Application\Home\Controller\NewsController.class.php 第 26 行.
NOTIC: [8] Undefined index: limit E:\wamp64\www\subject\ThinkPHP\Library\Think\Db\Driver.class.php 第 961 行.
SQL: SELECT * FROM `news` ORDER BY time desc LIMIT 0,20   [ RunTime:0.0005s ]
SQL: SHOW COLUMNS FROM `notice` [ RunTime:0.0007s ]
SQL: SELECT * FROM `notice` ORDER BY time desc  [ RunTime:0.0004s ]
INFO: [ view_parse ] --START--
INFO: [ template_filter ] --START--
INFO: Run Behavior\ContentReplaceBehavior [ RunTime:0.000110s ]
INFO: [ template_filter ] --END-- [ RunTime:0.000206s ]
INFO: Run Behavior\ParseTemplateBehavior [ RunTime:0.020767s ]
INFO: [ view_parse ] --END-- [ RunTime:0.020933s ]
INFO: [ view_filter ] --START--
INFO: Run Behavior\WriteHtmlCacheBehavior [ RunTime:0.000601s ]
INFO: [ view_filter ] --END-- [ RunTime:0.000713s ]
INFO: [ app_end ] --START--
INFO: Run Behavior\ShowPageTraceBehavior [ RunTime:0.000779s ]
INFO: [ app_end ] --END-- [ RunTime:0.000872s ]

[ 2017-09-18T17:34:26+08:00 ] 192.168.1.135 /subject/index.php/Home/News/showList
INFO: [ app_init ] --START--
INFO: Run Behavior\BuildLiteBehavior [ RunTime:0.000039s ]
INFO: [ app_init ] --END-- [ RunTime:0.001042s ]
INFO: [ app_begin ] --START--
INFO: Run Behavior\ReadHtmlCacheBehavior [ RunTime:0.001171s ]
INFO: [ app_begin ] --END-- [ RunTime:0.001359s ]
SQL: SHOW COLUMNS FROM `news` [ RunTime:0.0015s ]
SQL: SELECT COUNT(*) AS tp_count FROM `news` LIMIT 1   [ RunTime:0.0004s ]
NOTIC: [8] Undefined index: p E:\wamp64\www\subject\Application\Home\Controller\NewsController.class.php 第 26 行.
NOTIC: [8] Undefined index: limit E:\wamp64\www\subject\ThinkPHP\Library\Think\Db\Driver.class.php 第 961 行.
SQL: SELECT * FROM `news` ORDER BY time desc LIMIT 0,20   [ RunTime:0.0007s ]
SQL: SHOW COLUMNS FROM `notice` [ RunTime:0.0011s ]
SQL: SELECT * FROM `notice` ORDER BY time desc  [ RunTime:0.0006s ]
INFO: [ view_parse ] --START--
INFO: [ template_filter ] --START--
INFO: Run Behavior\ContentReplaceBehavior [ RunTime:0.000128s ]
INFO: [ template_filter ] --END-- [ RunTime:0.000239s ]
INFO: Run Behavior\ParseTemplateBehavior [ RunTime:0.024648s ]
INFO: [ view_parse ] --END-- [ RunTime:0.024808s ]
INFO: [ view_filter ] --START--
INFO: Run Behavior\WriteHtmlCacheBehavior [ RunTime:0.000503s ]
INFO: [ view_filter ] --END-- [ RunTime:0.000591s ]
INFO: [ app_end ] --START--
INFO: Run Behavior\ShowPageTraceBehavior [ RunTime:0.000616s ]
INFO: [ app_end ] --END-- [ RunTime:0.000706s ]

[ 2017-09-18T17:36:49+08:00 ] 192.168.1.135 /subject/index.php/Home/News/showNews
INFO: [ app_init ] --START--
INFO: Run Behavior\BuildLiteBehavior [ RunTime:0.000033s ]
INFO: [ app_init ] --END-- [ RunTime:0.000939s ]
INFO: [ app_begin ] --START--
INFO: Run Behavior\ReadHtmlCacheBehavior [ RunTime:0.001049s ]
INFO: [ app_begin ] --END-- [ RunTime:0.001218s ]
SQL: SHOW COLUMNS FROM `notice` [ RunTime:0.0009s ]
SQL: SHOW COLUMNS FROM `news` [ RunTime:0.0007s ]
SQL: SELECT * FROM `news` WHERE `id` = 0 LIMIT 1   [ RunTime:0.0004s ]
SQL: SELECT MAX(id) AS tp_Max FROM `news` LIMIT 1   [ RunTime:0.0003s ]
SQL: SELECT * FROM `notice` ORDER BY time desc LIMIT 5   [ RunTime:0.0004s ]
SQL: SELECT * FROM `news` ORDER BY time desc LIMIT 3   [ RunTime:0.0003s ]
INFO: [ view_parse ] --START--
INFO: [ template_filter ] --START--
INFO: Run Behavior\ContentReplaceBehavior [ RunTime:0.000096s ]
INFO: [ template_filter ] --END-- [ RunTime:0.000192s ]
NOTIC: [8] Undefined index: title E:\wamp64\www\subject\Application\Runtime\Cache\Home\59b2d793f6b312a432fd3df66b3532af.php 第 150 行.
NOTIC: [8] Undefined index: author E:\wamp64\www\subject\Application\Runtime\Cache\Home\59b2d793f6b312a432fd3df66b3532af.php 第 152 行.
NOTIC: [8] Undefined index: time E:\wamp64\www\subject\Application\Runtime\Cache\Home\59b2d793f6b312a432fd3df66b3532af.php 第 153 行.
NOTIC: [8] Undefined index: content E:\wamp64\www\subject\Application\Runtime\Cache\Home\59b2d793f6b312a432fd3df66b3532af.php 第 203 行.
INFO: Run Behavior\ParseTemplateBehavior [ RunTime:0.017966s ]
INFO: [ view_parse ] --END-- [ RunTime:0.018052s ]
INFO: [ view_filter ] --START--
INFO: Run Behavior\WriteHtmlCacheBehavior [ RunTime:0.000476s ]
INFO: [ view_filter ] --END-- [ RunTime:0.000557s ]
INFO: [ app_end ] --START--
INFO: Run Behavior\ShowPageTraceBehavior [ RunTime:0.000835s ]
INFO: [ app_end ] --END-- [ RunTime:0.000921s ]

[ 2017-09-18T17:37:40+08:00 ] 192.168.1.135 /subject/index.php/Home/Notice/showList
INFO: [ app_init ] --START--
INFO: Run Behavior\BuildLiteBehavior [ RunTime:0.000048s ]
INFO: [ app_init ] --END-- [ RunTime:0.001225s ]
INFO: [ app_begin ] --START--
INFO: Run Behavior\ReadHtmlCacheBehavior [ RunTime:0.001505s ]
INFO: [ app_begin ] --END-- [ RunTime:0.001741s ]
SQL: SHOW COLUMNS FROM `notice` [ RunTime:0.0012s ]
SQL: SELECT COUNT(*) AS tp_count FROM `notice` LIMIT 1   [ RunTime:0.0003s ]
NOTIC: [8] Undefined index: p E:\wamp64\www\subject\Application\Home\Controller\NoticeController.class.php 第 13 行.
NOTIC: [8] Undefined index: limit E:\wamp64\www\subject\ThinkPHP\Library\Think\Db\Driver.class.php 第 961 行.
SQL: SELECT * FROM `notice` ORDER BY time desc LIMIT 0,20   [ RunTime:0.0006s ]
INFO: [ view_parse ] --START--
INFO: [ template_filter ] --START--
INFO: Run Behavior\ContentReplaceBehavior [ RunTime:0.000090s ]
INFO: [ template_filter ] --END-- [ RunTime:0.000186s ]
INFO: Run Behavior\ParseTemplateBehavior [ RunTime:0.014035s ]
INFO: [ view_parse ] --END-- [ RunTime:0.014146s ]
INFO: [ view_filter ] --START--
INFO: Run Behavior\WriteHtmlCacheBehavior [ RunTime:0.000494s ]
INFO: [ view_filter ] --END-- [ RunTime:0.000579s ]
INFO: [ app_end ] --START--
INFO: Run Behavior\ShowPageTraceBehavior [ RunTime:0.000671s ]
INFO: [ app_end ] --END-- [ RunTime:0.000767s ]

[ 2017-09-18T17:38:07+08:00 ] 192.168.1.135 /subject/index.php/Home/Notice/showNotice
INFO: [ app_init ] --START--
INFO: Run Behavior\BuildLiteBehavior [ RunTime:0.000038s ]
INFO: [ app_init ] --END-- [ RunTime:0.001123s ]
INFO: [ app_begin ] --START--
INFO: Run Behavior\ReadHtmlCacheBehavior [ RunTime:0.001209s ]
INFO: [ app_begin ] --END-- [ RunTime:0.001403s ]
SQL: SHOW COLUMNS FROM `news` [ RunTime:0.0012s ]
SQL: SHOW COLUMNS FROM `notice` [ RunTime:0.0007s ]
SQL: SELECT * FROM `notice` WHERE `id` = 0 LIMIT 1   [ RunTime:0.0004s ]
SQL: SELECT MAX(id) AS tp_Max FROM `notice` LIMIT 1   [ RunTime:0.0003s ]
SQL: SELECT * FROM `notice` ORDER BY time desc LIMIT 0,5   [ RunTime:0.0004s ]
SQL: SELECT * FROM `news` ORDER BY time desc LIMIT 0,3   [ RunTime:0.0003s ]
INFO: [ view_parse ] --START--
INFO: [ template_filter ] --START--
INFO: Run Behavior\ContentReplaceBehavior [ RunTime:0.000348s ]
INFO: [ template_filter ] --END-- [ RunTime:0.000678s ]
NOTIC: [8] Undefined index: title E:\wamp64\www\subject\Application\Runtime\Cache\Home\b9003f372ed86e850f3b327a1e89d14b.php 第 150 行.
NOTIC: [8] Undefined index: author E:\wamp64\www\subject\Application\Runtime\Cache\Home\b9003f372ed86e850f3b327a1e89d14b.php 第 152 行.
NOTIC: [8] Undefined index: time E:\wamp64\www\subject\Application\Runtime\Cache\Home\b9003f372ed86e850f3b327a1e89d14b.php 第 153 行.
NOTIC: [8] Undefined index: content E:\wamp64\www\subject\Application\Runtime\Cache\Home\b9003f372ed86e850f3b327a1e89d14b.php 第 202 行.
INFO: Run Behavior\ParseTemplateBehavior [ RunTime:0.027181s ]
INFO: [ view_parse ] --END-- [ RunTime:0.027397s ]
INFO: [ view_filter ] --START--
INFO: Run Behavior\WriteHtmlCacheBehavior [ RunTime:0.001415s ]
INFO: [ view_filter ] --END-- [ RunTime:0.001725s ]
INFO: [ app_end ] --START--
INFO: Run Behavior\ShowPageTraceBehavior [ RunTime:0.002031s ]
INFO: [ app_end ] --END-- [ RunTime:0.002376s ]

[ 2017-09-18T17:40:59+08:00 ] 192.168.1.135 /subject/index.php/Home/News/showList
INFO: [ app_init ] --START--
INFO: Run Behavior\BuildLiteBehavior [ RunTime:0.000038s ]
INFO: [ app_init ] --END-- [ RunTime:0.000998s ]
INFO: [ app_begin ] --START--
INFO: Run Behavior\ReadHtmlCacheBehavior [ RunTime:0.001107s ]
INFO: [ app_begin ] --END-- [ RunTime:0.001285s ]
SQL: SHOW COLUMNS FROM `news` [ RunTime:0.0011s ]
SQL: SELECT COUNT(*) AS tp_count FROM `news` LIMIT 1   [ RunTime:0.0003s ]
NOTIC: [8] Undefined index: p E:\wamp64\www\subject\Application\Home\Controller\NewsController.class.php 第 26 行.
NOTIC: [8] Undefined index: limit E:\wamp64\www\subject\ThinkPHP\Library\Think\Db\Driver.class.php 第 961 行.
SQL: SELECT * FROM `news` ORDER BY time desc LIMIT 0,20   [ RunTime:0.0004s ]
SQL: SHOW COLUMNS FROM `notice` [ RunTime:0.0007s ]
SQL: SELECT * FROM `notice` ORDER BY time desc  [ RunTime:0.0004s ]
INFO: [ view_parse ] --START--
INFO: [ template_filter ] --START--
INFO: Run Behavior\ContentReplaceBehavior [ RunTime:0.000111s ]
INFO: [ template_filter ] --END-- [ RunTime:0.000209s ]
INFO: Run Behavior\ParseTemplateBehavior [ RunTime:0.015727s ]
INFO: [ view_parse ] --END-- [ RunTime:0.015823s ]
INFO: [ view_filter ] --START--
INFO: Run Behavior\WriteHtmlCacheBehavior [ RunTime:0.000492s ]
INFO: [ view_filter ] --END-- [ RunTime:0.000613s ]
INFO: [ app_end ] --START--
INFO: Run Behavior\ShowPageTraceBehavior [ RunTime:0.000682s ]
INFO: [ app_end ] --END-- [ RunTime:0.000768s ]

[ 2017-09-18T17:41:05+08:00 ] 192.168.1.135 /subject/index.php/Home/News/showList
INFO: [ app_init ] --START--
INFO: Run Behavior\BuildLiteBehavior [ RunTime:0.000043s ]
INFO: [ app_init ] --END-- [ RunTime:0.001024s ]
INFO: [ app_begin ] --START--
INFO: Run Behavior\ReadHtmlCacheBehavior [ RunTime:0.001177s ]
INFO: [ app_begin ] --END-- [ RunTime:0.001381s ]
SQL: SHOW COLUMNS FROM `news` [ RunTime:0.0009s ]
SQL: SELECT COUNT(*) AS tp_count FROM `news` LIMIT 1   [ RunTime:0.0003s ]
NOTIC: [8] Undefined index: p E:\wamp64\www\subject\Application\Home\Controller\NewsController.class.php 第 26 行.
NOTIC: [8] Undefined index: limit E:\wamp64\www\subject\ThinkPHP\Library\Think\Db\Driver.class.php 第 961 行.
SQL: SELECT * FROM `news` ORDER BY time desc LIMIT 0,20   [ RunTime:0.0004s ]
SQL: SHOW COLUMNS FROM `notice` [ RunTime:0.0006s ]
SQL: SELECT * FROM `notice` ORDER BY time desc  [ RunTime:0.0004s ]
INFO: [ view_parse ] --START--
INFO: [ template_filter ] --START--
INFO: Run Behavior\ContentReplaceBehavior [ RunTime:0.000095s ]
INFO: [ template_filter ] --END-- [ RunTime:0.000180s ]
INFO: Run Behavior\ParseTemplateBehavior [ RunTime:0.021766s ]
INFO: [ view_parse ] --END-- [ RunTime:0.021863s ]
INFO: [ view_filter ] --START--
INFO: Run Behavior\WriteHtmlCacheBehavior [ RunTime:0.000531s ]
INFO: [ view_filter ] --END-- [ RunTime:0.000617s ]
INFO: [ app_end ] --START--
INFO: Run Behavior\ShowPageTraceBehavior [ RunTime:0.000629s ]
INFO: [ app_end ] --END-- [ RunTime:0.000713s ]

[ 2017-09-18T17:41:42+08:00 ] 192.168.1.135 /subject/index.php/Home/News/showList
INFO: [ app_init ] --START--
INFO: Run Behavior\BuildLiteBehavior [ RunTime:0.000045s ]
INFO: [ app_init ] --END-- [ RunTime:0.001142s ]
INFO: [ app_begin ] --START--
INFO: Run Behavior\ReadHtmlCacheBehavior [ RunTime:0.001212s ]
INFO: [ app_begin ] --END-- [ RunTime:0.001512s ]
SQL: SHOW COLUMNS FROM `news` [ RunTime:0.0009s ]
SQL: SELECT COUNT(*) AS tp_count FROM `news` LIMIT 1   [ RunTime:0.0003s ]
NOTIC: [8] Undefined index: p E:\wamp64\www\subject\Application\Home\Controller\NewsController.class.php 第 26 行.
NOTIC: [8] Undefined index: limit E:\wamp64\www\subject\ThinkPHP\Library\Think\Db\Driver.class.php 第 961 行.
SQL: SELECT * FROM `news` ORDER BY time desc LIMIT 0,20   [ RunTime:0.0010s ]
SQL: SHOW COLUMNS FROM `notice` [ RunTime:0.0009s ]
SQL: SELECT * FROM `notice` ORDER BY time desc  [ RunTime:0.0004s ]
INFO: [ view_parse ] --START--
INFO: [ template_filter ] --START--
INFO: Run Behavior\ContentReplaceBehavior [ RunTime:0.000205s ]
INFO: [ template_filter ] --END-- [ RunTime:0.000321s ]
INFO: Run Behavior\ParseTemplateBehavior [ RunTime:0.022195s ]
INFO: [ view_parse ] --END-- [ RunTime:0.022301s ]
INFO: [ view_filter ] --START--
INFO: Run Behavior\WriteHtmlCacheBehavior [ RunTime:0.000399s ]
INFO: [ view_filter ] --END-- [ RunTime:0.000493s ]
INFO: [ app_end ] --START--
INFO: Run Behavior\ShowPageTraceBehavior [ RunTime:0.000645s ]
INFO: [ app_end ] --END-- [ RunTime:0.000736s ]

[ 2017-09-18T17:42:26+08:00 ] 192.168.1.135 /subject/index.php/Home/News/showList
INFO: [ app_init ] --START--
INFO: Run Behavior\BuildLiteBehavior [ RunTime:0.000030s ]
INFO: [ app_init ] --END-- [ RunTime:0.001344s ]
INFO: [ app_begin ] --START--
INFO: Run Behavior\ReadHtmlCacheBehavior [ RunTime:0.000926s ]
INFO: [ app_begin ] --END-- [ RunTime:0.001070s ]
SQL: SHOW COLUMNS FROM `news` [ RunTime:0.0010s ]
SQL: SELECT COUNT(*) AS tp_count FROM `news` LIMIT 1   [ RunTime:0.0003s ]
NOTIC: [8] Undefined index: p E:\wamp64\www\subject\Application\Home\Controller\NewsController.class.php 第 26 行.
NOTIC: [8] Undefined index: limit E:\wamp64\www\subject\ThinkPHP\Library\Think\Db\Driver.class.php 第 961 行.
SQL: SELECT * FROM `news` ORDER BY time desc LIMIT 0,20   [ RunTime:0.0005s ]
SQL: SHOW COLUMNS FROM `notice` [ RunTime:0.0007s ]
SQL: SELECT * FROM `notice` ORDER BY time desc  [ RunTime:0.0004s ]
INFO: [ view_parse ] --START--
INFO: [ template_filter ] --START--
INFO: Run Behavior\ContentReplaceBehavior [ RunTime:0.000089s ]
INFO: [ template_filter ] --END-- [ RunTime:0.000178s ]
INFO: Run Behavior\ParseTemplateBehavior [ RunTime:0.018219s ]
INFO: [ view_parse ] --END-- [ RunTime:0.018325s ]
INFO: [ view_filter ] --START--
INFO: Run Behavior\WriteHtmlCacheBehavior [ RunTime:0.000473s ]
INFO: [ view_filter ] --END-- [ RunTime:0.000558s ]
INFO: [ app_end ] --START--
INFO: Run Behavior\ShowPageTraceBehavior [ RunTime:0.000747s ]
INFO: [ app_end ] --END-- [ RunTime:0.000831s ]

[ 2017-09-18T17:45:44+08:00 ] 192.168.1.135 /subject/index.php/Home/News/showList
INFO: [ app_init ] --START--
INFO: Run Behavior\BuildLiteBehavior [ RunTime:0.000029s ]
INFO: [ app_init ] --END-- [ RunTime:0.000819s ]
INFO: [ app_begin ] --START--
INFO: Run Behavior\ReadHtmlCacheBehavior [ RunTime:0.000926s ]
INFO: [ app_begin ] --END-- [ RunTime:0.001069s ]
SQL: SHOW COLUMNS FROM `news` [ RunTime:0.0010s ]
SQL: SELECT COUNT(*) AS tp_count FROM `news` LIMIT 1   [ RunTime:0.0003s ]
NOTIC: [8] Undefined index: p E:\wamp64\www\subject\Application\Home\Controller\NewsController.class.php 第 26 行.
NOTIC: [8] Undefined index: limit E:\wamp64\www\subject\ThinkPHP\Library\Think\Db\Driver.class.php 第 961 行.
SQL: SELECT * FROM `news` ORDER BY time desc LIMIT 0,20   [ RunTime:0.0005s ]
SQL: SHOW COLUMNS FROM `notice` [ RunTime:0.0006s ]
SQL: SELECT * FROM `notice` ORDER BY time desc  [ RunTime:0.0004s ]
INFO: [ view_parse ] --START--
INFO: [ template_filter ] --START--
INFO: Run Behavior\ContentReplaceBehavior [ RunTime:0.000101s ]
INFO: [ template_filter ] --END-- [ RunTime:0.000244s ]
INFO: Run Behavior\ParseTemplateBehavior [ RunTime:0.019202s ]
INFO: [ view_parse ] --END-- [ RunTime:0.019311s ]
INFO: [ view_filter ] --START--
INFO: Run Behavior\WriteHtmlCacheBehavior [ RunTime:0.000467s ]
INFO: [ view_filter ] --END-- [ RunTime:0.000548s ]
INFO: [ app_end ] --START--
INFO: Run Behavior\ShowPageTraceBehavior [ RunTime:0.000598s ]
INFO: [ app_end ] --END-- [ RunTime:0.000683s ]

[ 2017-09-18T17:46:55+08:00 ] 192.168.1.135 /subject/index.php/Home/News/showList
INFO: [ app_init ] --START--
INFO: Run Behavior\BuildLiteBehavior [ RunTime:0.000045s ]
INFO: [ app_init ] --END-- [ RunTime:0.001173s ]
INFO: [ app_begin ] --START--
INFO: Run Behavior\ReadHtmlCacheBehavior [ RunTime:0.000753s ]
INFO: [ app_begin ] --END-- [ RunTime:0.000909s ]
SQL: SHOW COLUMNS FROM `news` [ RunTime:0.0010s ]
SQL: SELECT COUNT(*) AS tp_count FROM `news` LIMIT 1   [ RunTime:0.0003s ]
NOTIC: [8] Undefined index: p E:\wamp64\www\subject\Application\Home\Controller\NewsController.class.php 第 26 行.
NOTIC: [8] Undefined index: limit E:\wamp64\www\subject\ThinkPHP\Library\Think\Db\Driver.class.php 第 961 行.
SQL: SELECT * FROM `news` ORDER BY time desc LIMIT 0,20   [ RunTime:0.0005s ]
SQL: SHOW COLUMNS FROM `notice` [ RunTime:0.0007s ]
SQL: SELECT * FROM `notice` ORDER BY time desc  [ RunTime:0.0004s ]
INFO: [ view_parse ] --START--
INFO: [ template_filter ] --START--
INFO: Run Behavior\ContentReplaceBehavior [ RunTime:0.000104s ]
INFO: [ template_filter ] --END-- [ RunTime:0.000200s ]
INFO: Run Behavior\ParseTemplateBehavior [ RunTime:0.023383s ]
INFO: [ view_parse ] --END-- [ RunTime:0.023484s ]
INFO: [ view_filter ] --START--
INFO: Run Behavior\WriteHtmlCacheBehavior [ RunTime:0.000535s ]
INFO: [ view_filter ] --END-- [ RunTime:0.000645s ]
INFO: [ app_end ] --START--
INFO: Run Behavior\ShowPageTraceBehavior [ RunTime:0.001254s ]
INFO: [ app_end ] --END-- [ RunTime:0.001384s ]

[ 2017-09-18T17:46:56+08:00 ] 192.168.1.135 /subject/index.php/Home/News/showList
INFO: [ app_init ] --START--
INFO: Run Behavior\BuildLiteBehavior [ RunTime:0.000066s ]
INFO: [ app_init ] --END-- [ RunTime:0.001738s ]
INFO: [ app_begin ] --START--
INFO: Run Behavior\ReadHtmlCacheBehavior [ RunTime:0.001959s ]
INFO: [ app_begin ] --END-- [ RunTime:0.002293s ]
SQL: SHOW COLUMNS FROM `news` [ RunTime:0.0011s ]
SQL: SELECT COUNT(*) AS tp_count FROM `news` LIMIT 1   [ RunTime:0.0003s ]
NOTIC: [8] Undefined index: p E:\wamp64\www\subject\Application\Home\Controller\NewsController.class.php 第 26 行.
NOTIC: [8] Undefined index: limit E:\wamp64\www\subject\ThinkPHP\Library\Think\Db\Driver.class.php 第 961 行.
SQL: SELECT * FROM `news` ORDER BY time desc LIMIT 0,20   [ RunTime:0.0005s ]
SQL: SHOW COLUMNS FROM `notice` [ RunTime:0.0008s ]
SQL: SELECT * FROM `notice` ORDER BY time desc  [ RunTime:0.0005s ]
INFO: [ view_parse ] --START--
INFO: [ template_filter ] --START--
INFO: Run Behavior\ContentReplaceBehavior [ RunTime:0.000104s ]
INFO: [ template_filter ] --END-- [ RunTime:0.000196s ]
INFO: Run Behavior\ParseTemplateBehavior [ RunTime:0.017419s ]
INFO: [ view_parse ] --END-- [ RunTime:0.017527s ]
INFO: [ view_filter ] --START--
INFO: Run Behavior\WriteHtmlCacheBehavior [ RunTime:0.000471s ]
INFO: [ view_filter ] --END-- [ RunTime:0.000551s ]
INFO: [ app_end ] --START--
INFO: Run Behavior\ShowPageTraceBehavior [ RunTime:0.000603s ]
INFO: [ app_end ] --END-- [ RunTime:0.000690s ]

[ 2017-09-18T17:48:55+08:00 ] 192.168.1.135 /subject/index.php/
INFO: [ app_init ] --START--
INFO: Run Behavior\BuildLiteBehavior [ RunTime:0.000029s ]
INFO: [ app_init ] --END-- [ RunTime:0.000831s ]
INFO: [ app_begin ] --START--
INFO: Run Behavior\ReadHtmlCacheBehavior [ RunTime:0.000942s ]
INFO: [ app_begin ] --END-- [ RunTime:0.001086s ]
SQL: SHOW COLUMNS FROM `news` [ RunTime:0.0009s ]
SQL: SHOW COLUMNS FROM `notice` [ RunTime:0.0008s ]
SQL: SHOW COLUMNS FROM `student` [ RunTime:0.0007s ]
SQL: SHOW COLUMNS FROM `picture` [ RunTime:0.0007s ]
SQL: SELECT * FROM `picture` ORDER BY id  [ RunTime:0.0004s ]
SQL: SELECT * FROM `news` ORDER BY time desc LIMIT 3   [ RunTime:0.0004s ]
SQL: SELECT * FROM `notice` ORDER BY time desc LIMIT 5   [ RunTime:0.0003s ]
SQL: SELECT * FROM `student` ORDER BY time desc LIMIT 8   [ RunTime:0.0003s ]
INFO: [ view_parse ] --START--
INFO: [ template_filter ] --START--
INFO: Run Behavior\ContentReplaceBehavior [ RunTime:0.000122s ]
INFO: [ template_filter ] --END-- [ RunTime:0.000210s ]
INFO: Run Behavior\ParseTemplateBehavior [ RunTime:0.017663s ]
INFO: [ view_parse ] --END-- [ RunTime:0.017761s ]
INFO: [ view_filter ] --START--
INFO: Run Behavior\WriteHtmlCacheBehavior [ RunTime:0.000524s ]
INFO: [ view_filter ] --END-- [ RunTime:0.000609s ]
INFO: [ app_end ] --START--
INFO: Run Behavior\ShowPageTraceBehavior [ RunTime:0.000722s ]
INFO: [ app_end ] --END-- [ RunTime:0.000842s ]

[ 2017-09-18T17:51:32+08:00 ] 192.168.1.135 /subject/index.php/Home/Passages/showPassages/2
INFO: [ app_init ] --START--
INFO: Run Behavior\BuildLiteBehavior [ RunTime:0.000032s ]
INFO: [ app_init ] --END-- [ RunTime:0.000839s ]
INFO: [ app_begin ] --START--
INFO: Run Behavior\ReadHtmlCacheBehavior [ RunTime:0.001010s ]
INFO: [ app_begin ] --END-- [ RunTime:0.001167s ]
SQL: SHOW COLUMNS FROM `passages` [ RunTime:0.0009s ]
SQL: SHOW COLUMNS FROM `news` [ RunTime:0.0006s ]
SQL: SHOW COLUMNS FROM `notice` [ RunTime:0.0005s ]
SQL: SELECT * FROM `news` ORDER BY time desc LIMIT 0,3   [ RunTime:0.0004s ]
SQL: SELECT * FROM `notice` ORDER BY time desc LIMIT 0,5   [ RunTime:0.0004s ]
SQL: SELECT * FROM `passages` WHERE `id` = 2 LIMIT 1   [ RunTime:0.0003s ]
SQL: SELECT MAX(id) AS tp_Max FROM `passages` LIMIT 1   [ RunTime:0.0003s ]
SQL: SELECT * FROM `passages` WHERE ( first='学术研究' )  [ RunTime:0.0003s ]
INFO: [ view_parse ] --START--
INFO: [ template_filter ] --START--
INFO: Run Behavior\ContentReplaceBehavior [ RunTime:0.000093s ]
INFO: [ template_filter ] --END-- [ RunTime:0.000177s ]
INFO: Run Behavior\ParseTemplateBehavior [ RunTime:0.013059s ]
INFO: [ view_parse ] --END-- [ RunTime:0.013149s ]
INFO: [ view_filter ] --START--
INFO: Run Behavior\WriteHtmlCacheBehavior [ RunTime:0.000488s ]
INFO: [ view_filter ] --END-- [ RunTime:0.000569s ]
INFO: [ app_end ] --START--
INFO: Run Behavior\ShowPageTraceBehavior [ RunTime:0.000606s ]
INFO: [ app_end ] --END-- [ RunTime:0.000691s ]

[ 2017-09-18T17:51:43+08:00 ] 192.168.1.135 /subject/index.php/Home/Passages/showPassages/1
INFO: [ app_init ] --START--
INFO: Run Behavior\BuildLiteBehavior [ RunTime:0.000045s ]
INFO: [ app_init ] --END-- [ RunTime:0.001119s ]
INFO: [ app_begin ] --START--
INFO: Run Behavior\ReadHtmlCacheBehavior [ RunTime:0.001310s ]
INFO: [ app_begin ] --END-- [ RunTime:0.001524s ]
SQL: SHOW COLUMNS FROM `passages` [ RunTime:0.0007s ]
SQL: SHOW COLUMNS FROM `news` [ RunTime:0.0006s ]
SQL: SHOW COLUMNS FROM `notice` [ RunTime:0.0005s ]
SQL: SELECT * FROM `news` ORDER BY time desc LIMIT 0,3   [ RunTime:0.0004s ]
SQL: SELECT * FROM `notice` ORDER BY time desc LIMIT 0,5   [ RunTime:0.0005s ]
SQL: SELECT * FROM `passages` WHERE `id` = 1 LIMIT 1   [ RunTime:0.0003s ]
SQL: SELECT MAX(id) AS tp_Max FROM `passages` LIMIT 1   [ RunTime:0.0002s ]
SQL: SELECT * FROM `passages` WHERE ( first='学科介绍' )  [ RunTime:0.0003s ]
INFO: [ view_parse ] --START--
INFO: [ template_filter ] --START--
INFO: Run Behavior\ContentReplaceBehavior [ RunTime:0.000098s ]
INFO: [ template_filter ] --END-- [ RunTime:0.000196s ]
INFO: Run Behavior\ParseTemplateBehavior [ RunTime:0.024029s ]
INFO: [ view_parse ] --END-- [ RunTime:0.024125s ]
INFO: [ view_filter ] --START--
INFO: Run Behavior\WriteHtmlCacheBehavior [ RunTime:0.000705s ]
INFO: [ view_filter ] --END-- [ RunTime:0.000825s ]
INFO: [ app_end ] --START--
INFO: Run Behavior\ShowPageTraceBehavior [ RunTime:0.000825s ]
INFO: [ app_end ] --END-- [ RunTime:0.000968s ]

[ 2017-09-18T17:51:50+08:00 ] 192.168.1.135 /subject/index.php/Home/Passages/showPassages/11
INFO: [ app_init ] --START--
INFO: Run Behavior\BuildLiteBehavior [ RunTime:0.000034s ]
INFO: [ app_init ] --END-- [ RunTime:0.000890s ]
INFO: [ app_begin ] --START--
INFO: Run Behavior\ReadHtmlCacheBehavior [ RunTime:0.000926s ]
INFO: [ app_begin ] --END-- [ RunTime:0.001093s ]
SQL: SHOW COLUMNS FROM `passages` [ RunTime:0.0010s ]
SQL: SHOW COLUMNS FROM `news` [ RunTime:0.0006s ]
SQL: SHOW COLUMNS FROM `notice` [ RunTime:0.0005s ]
SQL: SELECT * FROM `news` ORDER BY time desc LIMIT 0,3   [ RunTime:0.0005s ]
SQL: SELECT * FROM `notice` ORDER BY time desc LIMIT 0,5   [ RunTime:0.0005s ]
SQL: SELECT * FROM `passages` WHERE `id` = 11 LIMIT 1   [ RunTime:0.0003s ]
SQL: SELECT MAX(id) AS tp_Max FROM `passages` LIMIT 1   [ RunTime:0.0002s ]
SQL: SELECT * FROM `passages` WHERE ( first='学生成果' )  [ RunTime:0.0003s ]
INFO: [ view_parse ] --START--
INFO: [ template_filter ] --START--
INFO: Run Behavior\ContentReplaceBehavior [ RunTime:0.000096s ]
INFO: [ template_filter ] --END-- [ RunTime:0.000190s ]
INFO: Run Behavior\ParseTemplateBehavior [ RunTime:0.030040s ]
INFO: [ view_parse ] --END-- [ RunTime:0.030139s ]
INFO: [ view_filter ] --START--
INFO: Run Behavior\WriteHtmlCacheBehavior [ RunTime:0.000490s ]
INFO: [ view_filter ] --END-- [ RunTime:0.000573s ]
INFO: [ app_end ] --START--
INFO: Run Behavior\ShowPageTraceBehavior [ RunTime:0.000619s ]
INFO: [ app_end ] --END-- [ RunTime:0.000709s ]

[ 2017-09-18T17:51:52+08:00 ] 192.168.1.135 /subject/index.php/Home/Passages/showPassages/12
INFO: [ app_init ] --START--
INFO: Run Behavior\BuildLiteBehavior [ RunTime:0.000034s ]
INFO: [ app_init ] --END-- [ RunTime:0.000886s ]
INFO: [ app_begin ] --START--
INFO: Run Behavior\ReadHtmlCacheBehavior [ RunTime:0.000918s ]
INFO: [ app_begin ] --END-- [ RunTime:0.001082s ]
SQL: SHOW COLUMNS FROM `passages` [ RunTime:0.0010s ]
SQL: SHOW COLUMNS FROM `news` [ RunTime:0.0006s ]
SQL: SHOW COLUMNS FROM `notice` [ RunTime:0.0006s ]
SQL: SELECT * FROM `news` ORDER BY time desc LIMIT 0,3   [ RunTime:0.0005s ]
SQL: SELECT * FROM `notice` ORDER BY time desc LIMIT 0,5   [ RunTime:0.0004s ]
SQL: SELECT * FROM `passages` WHERE `id` = 12 LIMIT 1   [ RunTime:0.0003s ]
SQL: SELECT MAX(id) AS tp_Max FROM `passages` LIMIT 1   [ RunTime:0.0002s ]
SQL: SELECT * FROM `passages` WHERE ( first='学生成果' )  [ RunTime:0.0002s ]
INFO: [ view_parse ] --START--
INFO: [ template_filter ] --START--
INFO: Run Behavior\ContentReplaceBehavior [ RunTime:0.000097s ]
INFO: [ template_filter ] --END-- [ RunTime:0.000193s ]
INFO: Run Behavior\ParseTemplateBehavior [ RunTime:0.021333s ]
INFO: [ view_parse ] --END-- [ RunTime:0.021442s ]
INFO: [ view_filter ] --START--
INFO: Run Behavior\WriteHtmlCacheBehavior [ RunTime:0.000488s ]
INFO: [ view_filter ] --END-- [ RunTime:0.000607s ]
INFO: [ app_end ] --START--
INFO: Run Behavior\ShowPageTraceBehavior [ RunTime:0.000602s ]
INFO: [ app_end ] --END-- [ RunTime:0.000693s ]

[ 2017-09-18T17:51:54+08:00 ] 192.168.1.135 /subject/index.php/Home/Passages/showPassages/13
INFO: [ app_init ] --START--
INFO: Run Behavior\BuildLiteBehavior [ RunTime:0.000022s ]
INFO: [ app_init ] --END-- [ RunTime:0.000681s ]
INFO: [ app_begin ] --START--
INFO: Run Behavior\ReadHtmlCacheBehavior [ RunTime:0.000527s ]
INFO: [ app_begin ] --END-- [ RunTime:0.000639s ]
SQL: SHOW COLUMNS FROM `passages` [ RunTime:0.0009s ]
SQL: SHOW COLUMNS FROM `news` [ RunTime:0.0006s ]
SQL: SHOW COLUMNS FROM `notice` [ RunTime:0.0005s ]
SQL: SELECT * FROM `news` ORDER BY time desc LIMIT 0,3   [ RunTime:0.0004s ]
SQL: SELECT * FROM `notice` ORDER BY time desc LIMIT 0,5   [ RunTime:0.0005s ]
SQL: SELECT * FROM `passages` WHERE `id` = 13 LIMIT 1   [ RunTime:0.0003s ]
SQL: SELECT MAX(id) AS tp_Max FROM `passages` LIMIT 1   [ RunTime:0.0002s ]
SQL: SELECT * FROM `passages` WHERE ( first='学生成果' )  [ RunTime:0.0003s ]
INFO: [ view_parse ] --START--
INFO: [ template_filter ] --START--
INFO: Run Behavior\ContentReplaceBehavior [ RunTime:0.000101s ]
INFO: [ template_filter ] --END-- [ RunTime:0.000202s ]
INFO: Run Behavior\ParseTemplateBehavior [ RunTime:0.013870s ]
INFO: [ view_parse ] --END-- [ RunTime:0.014038s ]
INFO: [ view_filter ] --START--
INFO: Run Behavior\WriteHtmlCacheBehavior [ RunTime:0.000472s ]
INFO: [ view_filter ] --END-- [ RunTime:0.000623s ]
INFO: [ app_end ] --START--
INFO: Run Behavior\ShowPageTraceBehavior [ RunTime:0.000646s ]
INFO: [ app_end ] --END-- [ RunTime:0.000793s ]

[ 2017-09-18T17:51:55+08:00 ] 192.168.1.135 /subject/index.php/Home/Passages/showPassages/14
INFO: [ app_init ] --START--
INFO: Run Behavior\BuildLiteBehavior [ RunTime:0.000020s ]
INFO: [ app_init ] --END-- [ RunTime:0.000586s ]
INFO: [ app_begin ] --START--
INFO: Run Behavior\ReadHtmlCacheBehavior [ RunTime:0.000538s ]
INFO: [ app_begin ] --END-- [ RunTime:0.000630s ]
SQL: SHOW COLUMNS FROM `passages` [ RunTime:0.0008s ]
SQL: SHOW COLUMNS FROM `news` [ RunTime:0.0005s ]
SQL: SHOW COLUMNS FROM `notice` [ RunTime:0.0004s ]
SQL: SELECT * FROM `news` ORDER BY time desc LIMIT 0,3   [ RunTime:0.0004s ]
SQL: SELECT * FROM `notice` ORDER BY time desc LIMIT 0,5   [ RunTime:0.0003s ]
SQL: SELECT * FROM `passages` WHERE `id` = 14 LIMIT 1   [ RunTime:0.0003s ]
SQL: SELECT MAX(id) AS tp_Max FROM `passages` LIMIT 1   [ RunTime:0.0003s ]
SQL: SELECT * FROM `passages` WHERE ( first='资源环境' )  [ RunTime:0.0003s ]
INFO: [ view_parse ] --START--
INFO: [ template_filter ] --START--
INFO: Run Behavior\ContentReplaceBehavior [ RunTime:0.000105s ]
INFO: [ template_filter ] --END-- [ RunTime:0.000210s ]
INFO: Run Behavior\ParseTemplateBehavior [ RunTime:0.039264s ]
INFO: [ view_parse ] --END-- [ RunTime:0.039372s ]
INFO: [ view_filter ] --START--
INFO: Run Behavior\WriteHtmlCacheBehavior [ RunTime:0.000439s ]
INFO: [ view_filter ] --END-- [ RunTime:0.000528s ]
INFO: [ app_end ] --START--
INFO: Run Behavior\ShowPageTraceBehavior [ RunTime:0.000634s ]
INFO: [ app_end ] --END-- [ RunTime:0.000730s ]

[ 2017-09-18T17:52:00+08:00 ] 192.168.1.135 /subject/index.php/Home/Passages/showPassageslist
INFO: [ app_init ] --START--
INFO: Run Behavior\BuildLiteBehavior [ RunTime:0.000045s ]
INFO: [ app_init ] --END-- [ RunTime:0.000869s ]
INFO: [ app_begin ] --START--
INFO: Run Behavior\ReadHtmlCacheBehavior [ RunTime:0.000817s ]
INFO: [ app_begin ] --END-- [ RunTime:0.000960s ]
INFO: [ view_parse ] --START--
INFO: [ template_filter ] --START--
INFO: Run Behavior\ContentReplaceBehavior [ RunTime:0.000186s ]
INFO: [ template_filter ] --END-- [ RunTime:0.000301s ]
NOTIC: [8] Undefined variable: result E:\wamp64\www\subject\Application\Runtime\Cache\Home\d188c6e5f73dc6c26e8b5a07facf430f.php 第 150 行.
NOTIC: [8] Undefined variable: result E:\wamp64\www\subject\Application\Runtime\Cache\Home\d188c6e5f73dc6c26e8b5a07facf430f.php 第 151 行.
NOTIC: [8] Undefined variable: result E:\wamp64\www\subject\Application\Runtime\Cache\Home\d188c6e5f73dc6c26e8b5a07facf430f.php 第 151 行.
NOTIC: [8] Undefined variable: result E:\wamp64\www\subject\Application\Runtime\Cache\Home\d188c6e5f73dc6c26e8b5a07facf430f.php 第 165 行.
NOTIC: [8] Undefined variable: sons E:\wamp64\www\subject\Application\Runtime\Cache\Home\d188c6e5f73dc6c26e8b5a07facf430f.php 第 167 行.
NOTIC: [8] Undefined variable: notice E:\wamp64\www\subject\Application\Runtime\Cache\Home\d188c6e5f73dc6c26e8b5a07facf430f.php 第 182 行.
NOTIC: [8] Undefined variable: result E:\wamp64\www\subject\Application\Runtime\Cache\Home\d188c6e5f73dc6c26e8b5a07facf430f.php 第 216 行.
NOTIC: [8] Undefined variable: result E:\wamp64\www\subject\Application\Runtime\Cache\Home\d188c6e5f73dc6c26e8b5a07facf430f.php 第 225 行.
NOTIC: [8] Undefined variable: result E:\wamp64\www\subject\Application\Runtime\Cache\Home\d188c6e5f73dc6c26e8b5a07facf430f.php 第 230 行.
NOTIC: [8] Undefined variable: news E:\wamp64\www\subject\Application\Runtime\Cache\Home\d188c6e5f73dc6c26e8b5a07facf430f.php 第 250 行.
NOTIC: [8] Undefined variable: vo E:\wamp64\www\subject\Application\Runtime\Cache\Home\d188c6e5f73dc6c26e8b5a07facf430f.php 第 296 行.
NOTIC: [8] Undefined variable: vo E:\wamp64\www\subject\Application\Runtime\Cache\Home\d188c6e5f73dc6c26e8b5a07facf430f.php 第 300 行.
NOTIC: [8] Undefined variable: vo E:\wamp64\www\subject\Application\Runtime\Cache\Home\d188c6e5f73dc6c26e8b5a07facf430f.php 第 300 行.
NOTIC: [8] Undefined variable: vo E:\wamp64\www\subject\Application\Runtime\Cache\Home\d188c6e5f73dc6c26e8b5a07facf430f.php 第 319 行.
NOTIC: [8] Undefined variable: vo E:\wamp64\www\subject\Application\Runtime\Cache\Home\d188c6e5f73dc6c26e8b5a07facf430f.php 第 323 行.
NOTIC: [8] Undefined variable: vo E:\wamp64\www\subject\Application\Runtime\Cache\Home\d188c6e5f73dc6c26e8b5a07facf430f.php 第 323 行.
NOTIC: [8] Undefined variable: vo E:\wamp64\www\subject\Application\Runtime\Cache\Home\d188c6e5f73dc6c26e8b5a07facf430f.php 第 342 行.
NOTIC: [8] Undefined variable: vo E:\wamp64\www\subject\Application\Runtime\Cache\Home\d188c6e5f73dc6c26e8b5a07facf430f.php 第 346 行.
NOTIC: [8] Undefined variable: vo E:\wamp64\www\subject\Application\Runtime\Cache\Home\d188c6e5f73dc6c26e8b5a07facf430f.php 第 346 行.
NOTIC: [8] Undefined variable: vo E:\wamp64\www\subject\Application\Runtime\Cache\Home\d188c6e5f73dc6c26e8b5a07facf430f.php 第 365 行.
NOTIC: [8] Undefined variable: vo E:\wamp64\www\subject\Application\Runtime\Cache\Home\d188c6e5f73dc6c26e8b5a07facf430f.php 第 369 行.
NOTIC: [8] Undefined variable: vo E:\wamp64\www\subject\Application\Runtime\Cache\Home\d188c6e5f73dc6c26e8b5a07facf430f.php 第 369 行.
NOTIC: [8] Undefined variable: vo E:\wamp64\www\subject\Application\Runtime\Cache\Home\d188c6e5f73dc6c26e8b5a07facf430f.php 第 388 行.
NOTIC: [8] Undefined variable: vo E:\wamp64\www\subject\Application\Runtime\Cache\Home\d188c6e5f73dc6c26e8b5a07facf430f.php 第 392 行.
NOTIC: [8] Undefined variable: vo E:\wamp64\www\subject\Application\Runtime\Cache\Home\d188c6e5f73dc6c26e8b5a07facf430f.php 第 392 行.
NOTIC: [8] Undefined variable: vo E:\wamp64\www\subject\Application\Runtime\Cache\Home\d188c6e5f73dc6c26e8b5a07facf430f.php 第 411 行.
NOTIC: [8] Undefined variable: vo E:\wamp64\www\subject\Application\Runtime\Cache\Home\d188c6e5f73dc6c26e8b5a07facf430f.php 第 415 行.
NOTIC: [8] Undefined variable: vo E:\wamp64\www\subject\Application\Runtime\Cache\Home\d188c6e5f73dc6c26e8b5a07facf430f.php 第 415 行.
NOTIC: [8] Undefined variable: page E:\wamp64\www\subject\Application\Runtime\Cache\Home\d188c6e5f73dc6c26e8b5a07facf430f.php 第 430 行.
INFO: Run Behavior\ParseTemplateBehavior [ RunTime:0.033594s ]
INFO: [ view_parse ] --END-- [ RunTime:0.033742s ]
INFO: [ view_filter ] --START--
INFO: Run Behavior\WriteHtmlCacheBehavior [ RunTime:0.000762s ]
INFO: [ view_filter ] --END-- [ RunTime:0.000922s ]
INFO: [ app_end ] --START--
INFO: Run Behavior\ShowPageTraceBehavior [ RunTime:0.000596s ]
INFO: [ app_end ] --END-- [ RunTime:0.000706s ]

[ 2017-09-18T17:52:23+08:00 ] 192.168.1.135 /subject/index.php/Home/News/showList
INFO: [ app_init ] --START--
INFO: Run Behavior\BuildLiteBehavior [ RunTime:0.000032s ]
INFO: [ app_init ] --END-- [ RunTime:0.000754s ]
INFO: [ app_begin ] --START--
INFO: Run Behavior\ReadHtmlCacheBehavior [ RunTime:0.000757s ]
INFO: [ app_begin ] --END-- [ RunTime:0.000899s ]
SQL: SHOW COLUMNS FROM `news` [ RunTime:0.0011s ]
SQL: SELECT COUNT(*) AS tp_count FROM `news` LIMIT 1   [ RunTime:0.0002s ]
NOTIC: [8] Undefined index: p E:\wamp64\www\subject\Application\Home\Controller\NewsController.class.php 第 26 行.
NOTIC: [8] Undefined index: limit E:\wamp64\www\subject\ThinkPHP\Library\Think\Db\Driver.class.php 第 961 行.
SQL: SELECT * FROM `news` ORDER BY time desc LIMIT 0,20   [ RunTime:0.0007s ]
SQL: SHOW COLUMNS FROM `notice` [ RunTime:0.0007s ]
SQL: SELECT * FROM `notice` ORDER BY time desc  [ RunTime:0.0004s ]
INFO: [ view_parse ] --START--
INFO: [ template_filter ] --START--
INFO: Run Behavior\ContentReplaceBehavior [ RunTime:0.000193s ]
INFO: [ template_filter ] --END-- [ RunTime:0.000314s ]
INFO: Run Behavior\ParseTemplateBehavior [ RunTime:0.020734s ]
INFO: [ view_parse ] --END-- [ RunTime:0.020846s ]
INFO: [ view_filter ] --START--
INFO: Run Behavior\WriteHtmlCacheBehavior [ RunTime:0.000547s ]
INFO: [ view_filter ] --END-- [ RunTime:0.000636s ]
INFO: [ app_end ] --START--
INFO: Run Behavior\ShowPageTraceBehavior [ RunTime:0.000597s ]
INFO: [ app_end ] --END-- [ RunTime:0.000691s ]

[ 2017-09-18T17:53:07+08:00 ] 192.168.1.135 /subject/index.php/Home/News/showList
INFO: [ app_init ] --START--
INFO: Run Behavior\BuildLiteBehavior [ RunTime:0.000022s ]
INFO: [ app_init ] --END-- [ RunTime:0.000640s ]
INFO: [ app_begin ] --START--
INFO: Run Behavior\ReadHtmlCacheBehavior [ RunTime:0.001160s ]
INFO: [ app_begin ] --END-- [ RunTime:0.001306s ]
SQL: SHOW COLUMNS FROM `news` [ RunTime:0.0014s ]
SQL: SELECT COUNT(*) AS tp_count FROM `news` LIMIT 1   [ RunTime:0.0004s ]
NOTIC: [8] Undefined index: p E:\wamp64\www\subject\Application\Home\Controller\NewsController.class.php 第 26 行.
NOTIC: [8] Undefined index: limit E:\wamp64\www\subject\ThinkPHP\Library\Think\Db\Driver.class.php 第 961 行.
SQL: SELECT * FROM `news` ORDER BY time desc LIMIT 0,20   [ RunTime:0.0005s ]
SQL: SHOW COLUMNS FROM `notice` [ RunTime:0.0005s ]
SQL: SELECT * FROM `notice` ORDER BY time desc  [ RunTime:0.0004s ]
INFO: [ view_parse ] --START--
INFO: [ template_filter ] --START--
INFO: Run Behavior\ContentReplaceBehavior [ RunTime:0.000105s ]
INFO: [ template_filter ] --END-- [ RunTime:0.000212s ]
INFO: Run Behavior\ParseTemplateBehavior [ RunTime:0.025536s ]
INFO: [ view_parse ] --END-- [ RunTime:0.025714s ]
INFO: [ view_filter ] --START--
INFO: Run Behavior\WriteHtmlCacheBehavior [ RunTime:0.000873s ]
INFO: [ view_filter ] --END-- [ RunTime:0.001007s ]
INFO: [ app_end ] --START--
INFO: Run Behavior\ShowPageTraceBehavior [ RunTime:0.000963s ]
INFO: [ app_end ] --END-- [ RunTime:0.001091s ]

[ 2017-09-18T17:54:41+08:00 ] 192.168.1.135 /subject/index.php/Home/News/showList
INFO: [ app_init ] --START--
INFO: Run Behavior\BuildLiteBehavior [ RunTime:0.000069s ]
INFO: [ app_init ] --END-- [ RunTime:0.001705s ]
INFO: [ app_begin ] --START--
INFO: Run Behavior\ReadHtmlCacheBehavior [ RunTime:0.001989s ]
INFO: [ app_begin ] --END-- [ RunTime:0.002333s ]
SQL: SHOW COLUMNS FROM `news` [ RunTime:0.0008s ]
SQL: SELECT COUNT(*) AS tp_count FROM `news` LIMIT 1   [ RunTime:0.0003s ]
NOTIC: [8] Undefined index: p E:\wamp64\www\subject\Application\Home\Controller\NewsController.class.php 第 26 行.
NOTIC: [8] Undefined index: limit E:\wamp64\www\subject\ThinkPHP\Library\Think\Db\Driver.class.php 第 961 行.
SQL: SELECT * FROM `news` ORDER BY time desc LIMIT 0,20   [ RunTime:0.0005s ]
SQL: SHOW COLUMNS FROM `notice` [ RunTime:0.0006s ]
SQL: SELECT * FROM `notice` ORDER BY time desc  [ RunTime:0.0004s ]
INFO: [ view_parse ] --START--
INFO: [ template_filter ] --START--
INFO: Run Behavior\ContentReplaceBehavior [ RunTime:0.000139s ]
INFO: [ template_filter ] --END-- [ RunTime:0.000280s ]
INFO: Run Behavior\ParseTemplateBehavior [ RunTime:0.023389s ]
INFO: [ view_parse ] --END-- [ RunTime:0.023537s ]
INFO: [ view_filter ] --START--
INFO: Run Behavior\WriteHtmlCacheBehavior [ RunTime:0.000661s ]
INFO: [ view_filter ] --END-- [ RunTime:0.000796s ]
INFO: [ app_end ] --START--
INFO: Run Behavior\ShowPageTraceBehavior [ RunTime:0.000805s ]
INFO: [ app_end ] --END-- [ RunTime:0.000947s ]

