[ 2017-08-21T00:58:55+08:00 ] ::1 /subject/
INFO: [ app_init ] --START--
INFO: Run Behavior\BuildLiteBehavior [ RunTime:0.000022s ]
INFO: [ app_init ] --END-- [ RunTime:0.000968s ]
INFO: [ app_begin ] --START--
INFO: Run Behavior\ReadHtmlCacheBehavior [ RunTime:0.000807s ]
INFO: [ app_begin ] --END-- [ RunTime:0.000906s ]
SQL: SHOW COLUMNS FROM `news` [ RunTime:0.0007s ]
SQL: SHOW COLUMNS FROM `notice` [ RunTime:0.0006s ]
SQL: SHOW COLUMNS FROM `student` [ RunTime:0.0007s ]
SQL: SHOW COLUMNS FROM `picture` [ RunTime:0.0009s ]
SQL: SELECT * FROM `picture` ORDER BY id  [ RunTime:0.0009s ]
SQL: SELECT * FROM `news` ORDER BY time desc LIMIT 3   [ RunTime:0.2919s ]
SQL: SELECT * FROM `notice` ORDER BY time desc LIMIT 5   [ RunTime:0.0011s ]
SQL: SELECT * FROM `student` ORDER BY time desc LIMIT 8   [ RunTime:0.0008s ]
INFO: [ view_parse ] --START--
INFO: [ template_filter ] --START--
INFO: Run Behavior\ContentReplaceBehavior [ RunTime:0.000442s ]
INFO: [ template_filter ] --END-- [ RunTime:0.000825s ]
INFO: Run Behavior\ParseTemplateBehavior [ RunTime:0.122175s ]
INFO: [ view_parse ] --END-- [ RunTime:0.122462s ]
INFO: [ view_filter ] --START--
INFO: Run Behavior\WriteHtmlCacheBehavior [ RunTime:0.001400s ]
INFO: [ view_filter ] --END-- [ RunTime:0.001601s ]
INFO: [ app_end ] --START--
INFO: Run Behavior\ShowPageTraceBehavior [ RunTime:0.002132s ]
INFO: [ app_end ] --END-- [ RunTime:0.002359s ]

[ 2017-08-21T00:59:05+08:00 ] ::1 /subject/index.php/Home/Passages/showPassages/1
INFO: [ app_init ] --START--
INFO: Run Behavior\BuildLiteBehavior [ RunTime:0.000020s ]
INFO: [ app_init ] --END-- [ RunTime:0.000853s ]
INFO: [ app_begin ] --START--
INFO: Run Behavior\ReadHtmlCacheBehavior [ RunTime:0.001060s ]
INFO: [ app_begin ] --END-- [ RunTime:0.001160s ]
SQL: SHOW COLUMNS FROM `passages` [ RunTime:0.0010s ]
SQL: SHOW COLUMNS FROM `news` [ RunTime:0.0010s ]
SQL: SHOW COLUMNS FROM `notice` [ RunTime:0.0007s ]
SQL: SELECT * FROM `news` ORDER BY time desc LIMIT 0,3   [ RunTime:0.0004s ]
SQL: SELECT * FROM `notice` ORDER BY time desc LIMIT 0,5   [ RunTime:0.0004s ]
SQL: SELECT * FROM `passages` WHERE `id` = 1 LIMIT 1   [ RunTime:0.0923s ]
SQL: SELECT MAX(id) AS tp_Max FROM `passages` LIMIT 1   [ RunTime:0.0188s ]
SQL: SELECT * FROM `passages` WHERE ( first='学科介绍' )  [ RunTime:0.0005s ]
INFO: [ view_parse ] --START--
INFO: [ template_filter ] --START--
INFO: Run Behavior\ContentReplaceBehavior [ RunTime:0.000223s ]
INFO: [ template_filter ] --END-- [ RunTime:0.000450s ]
INFO: Run Behavior\ParseTemplateBehavior [ RunTime:0.037773s ]
INFO: [ view_parse ] --END-- [ RunTime:0.037934s ]
INFO: [ view_filter ] --START--
INFO: Run Behavior\WriteHtmlCacheBehavior [ RunTime:0.001049s ]
INFO: [ view_filter ] --END-- [ RunTime:0.001156s ]
INFO: [ app_end ] --START--
INFO: Run Behavior\ShowPageTraceBehavior [ RunTime:0.001217s ]
INFO: [ app_end ] --END-- [ RunTime:0.001331s ]

[ 2017-08-21T01:00:19+08:00 ] ::1 /subject/index.php/Home/Passages/showPassages/9
INFO: [ app_init ] --START--
INFO: Run Behavior\BuildLiteBehavior [ RunTime:0.000022s ]
INFO: [ app_init ] --END-- [ RunTime:0.000914s ]
INFO: [ app_begin ] --START--
INFO: Run Behavior\ReadHtmlCacheBehavior [ RunTime:0.001057s ]
INFO: [ app_begin ] --END-- [ RunTime:0.001154s ]
SQL: SHOW COLUMNS FROM `passages` [ RunTime:0.0008s ]
SQL: SHOW COLUMNS FROM `news` [ RunTime:0.0006s ]
SQL: SHOW COLUMNS FROM `notice` [ RunTime:0.0006s ]
SQL: SELECT * FROM `news` ORDER BY time desc LIMIT 0,3   [ RunTime:0.0004s ]
SQL: SELECT * FROM `notice` ORDER BY time desc LIMIT 0,5   [ RunTime:0.0004s ]
SQL: SELECT * FROM `passages` WHERE `id` = 9 LIMIT 1   [ RunTime:0.0003s ]
SQL: SELECT MAX(id) AS tp_Max FROM `passages` LIMIT 1   [ RunTime:0.0003s ]
SQL: SELECT * FROM `passages` WHERE ( first='研究成果' )  [ RunTime:0.0003s ]
INFO: [ view_parse ] --START--
INFO: [ template_filter ] --START--
INFO: Run Behavior\ContentReplaceBehavior [ RunTime:0.000110s ]
INFO: [ template_filter ] --END-- [ RunTime:0.000218s ]
INFO: Run Behavior\ParseTemplateBehavior [ RunTime:0.019310s ]
INFO: [ view_parse ] --END-- [ RunTime:0.019412s ]
INFO: [ view_filter ] --START--
INFO: Run Behavior\WriteHtmlCacheBehavior [ RunTime:0.000948s ]
INFO: [ view_filter ] --END-- [ RunTime:0.001035s ]
INFO: [ app_end ] --START--
INFO: Run Behavior\ShowPageTraceBehavior [ RunTime:0.001209s ]
INFO: [ app_end ] --END-- [ RunTime:0.001399s ]

[ 2017-08-21T01:00:26+08:00 ] ::1 /subject/index.php/Home/Passages/showPassages/9
INFO: [ app_init ] --START--
INFO: Run Behavior\BuildLiteBehavior [ RunTime:0.000025s ]
INFO: [ app_init ] --END-- [ RunTime:0.000785s ]
INFO: [ app_begin ] --START--
INFO: Run Behavior\ReadHtmlCacheBehavior [ RunTime:0.000770s ]
INFO: [ app_begin ] --END-- [ RunTime:0.000892s ]
SQL: SHOW COLUMNS FROM `passages` [ RunTime:0.0008s ]
SQL: SHOW COLUMNS FROM `news` [ RunTime:0.0009s ]
SQL: SHOW COLUMNS FROM `notice` [ RunTime:0.0008s ]
SQL: SELECT * FROM `news` ORDER BY time desc LIMIT 0,3   [ RunTime:0.0007s ]
SQL: SELECT * FROM `notice` ORDER BY time desc LIMIT 0,5   [ RunTime:0.0004s ]
SQL: SELECT * FROM `passages` WHERE `id` = 9 LIMIT 1   [ RunTime:0.0002s ]
SQL: SELECT MAX(id) AS tp_Max FROM `passages` LIMIT 1   [ RunTime:0.0002s ]
SQL: SELECT * FROM `passages` WHERE ( first='研究成果' )  [ RunTime:0.0002s ]
INFO: [ view_parse ] --START--
INFO: [ template_filter ] --START--
INFO: Run Behavior\ContentReplaceBehavior [ RunTime:0.000106s ]
INFO: [ template_filter ] --END-- [ RunTime:0.000209s ]
INFO: Run Behavior\ParseTemplateBehavior [ RunTime:0.017865s ]
INFO: [ view_parse ] --END-- [ RunTime:0.017990s ]
INFO: [ view_filter ] --START--
INFO: Run Behavior\WriteHtmlCacheBehavior [ RunTime:0.000707s ]
INFO: [ view_filter ] --END-- [ RunTime:0.000792s ]
INFO: [ app_end ] --START--
INFO: Run Behavior\ShowPageTraceBehavior [ RunTime:0.001083s ]
INFO: [ app_end ] --END-- [ RunTime:0.001177s ]

[ 2017-08-21T01:02:55+08:00 ] ::1 /subject/index.php/
INFO: [ app_init ] --START--
INFO: Run Behavior\BuildLiteBehavior [ RunTime:0.000030s ]
INFO: [ app_init ] --END-- [ RunTime:0.000984s ]
INFO: [ app_begin ] --START--
INFO: Run Behavior\ReadHtmlCacheBehavior [ RunTime:0.001048s ]
INFO: [ app_begin ] --END-- [ RunTime:0.001161s ]
SQL: SHOW COLUMNS FROM `news` [ RunTime:0.0009s ]
SQL: SHOW COLUMNS FROM `notice` [ RunTime:0.0005s ]
SQL: SHOW COLUMNS FROM `student` [ RunTime:0.0005s ]
SQL: SHOW COLUMNS FROM `picture` [ RunTime:0.0005s ]
SQL: SELECT * FROM `picture` ORDER BY id  [ RunTime:0.0003s ]
SQL: SELECT * FROM `news` ORDER BY time desc LIMIT 3   [ RunTime:0.0003s ]
SQL: SELECT * FROM `notice` ORDER BY time desc LIMIT 5   [ RunTime:0.0003s ]
SQL: SELECT * FROM `student` ORDER BY time desc LIMIT 8   [ RunTime:0.0003s ]
INFO: [ view_parse ] --START--
INFO: [ template_filter ] --START--
INFO: Run Behavior\ContentReplaceBehavior [ RunTime:0.000118s ]
INFO: [ template_filter ] --END-- [ RunTime:0.000222s ]
INFO: Run Behavior\ParseTemplateBehavior [ RunTime:0.022525s ]
INFO: [ view_parse ] --END-- [ RunTime:0.022630s ]
INFO: [ view_filter ] --START--
INFO: Run Behavior\WriteHtmlCacheBehavior [ RunTime:0.000994s ]
INFO: [ view_filter ] --END-- [ RunTime:0.001083s ]
INFO: [ app_end ] --START--
INFO: Run Behavior\ShowPageTraceBehavior [ RunTime:0.001675s ]
INFO: [ app_end ] --END-- [ RunTime:0.001856s ]

[ 2017-08-21T01:02:58+08:00 ] ::1 /subject/index.php/Home/Passages/showPassages/7
INFO: [ app_init ] --START--
INFO: Run Behavior\BuildLiteBehavior [ RunTime:0.000024s ]
INFO: [ app_init ] --END-- [ RunTime:0.000787s ]
INFO: [ app_begin ] --START--
INFO: Run Behavior\ReadHtmlCacheBehavior [ RunTime:0.000889s ]
INFO: [ app_begin ] --END-- [ RunTime:0.001015s ]
SQL: SHOW COLUMNS FROM `passages` [ RunTime:0.0009s ]
SQL: SHOW COLUMNS FROM `news` [ RunTime:0.0006s ]
SQL: SHOW COLUMNS FROM `notice` [ RunTime:0.0005s ]
SQL: SELECT * FROM `news` ORDER BY time desc LIMIT 0,3   [ RunTime:0.0004s ]
SQL: SELECT * FROM `notice` ORDER BY time desc LIMIT 0,5   [ RunTime:0.0004s ]
SQL: SELECT * FROM `passages` WHERE `id` = 7 LIMIT 1   [ RunTime:0.0004s ]
SQL: SELECT MAX(id) AS tp_Max FROM `passages` LIMIT 1   [ RunTime:0.0002s ]
SQL: SELECT * FROM `passages` WHERE ( first='研究成果' )  [ RunTime:0.0003s ]
INFO: [ view_parse ] --START--
INFO: [ template_filter ] --START--
INFO: Run Behavior\ContentReplaceBehavior [ RunTime:0.000108s ]
INFO: [ template_filter ] --END-- [ RunTime:0.000216s ]
INFO: Run Behavior\ParseTemplateBehavior [ RunTime:0.019108s ]
INFO: [ view_parse ] --END-- [ RunTime:0.019254s ]
INFO: [ view_filter ] --START--
INFO: Run Behavior\WriteHtmlCacheBehavior [ RunTime:0.000678s ]
INFO: [ view_filter ] --END-- [ RunTime:0.000767s ]
INFO: [ app_end ] --START--
INFO: Run Behavior\ShowPageTraceBehavior [ RunTime:0.002099s ]
INFO: [ app_end ] --END-- [ RunTime:0.002296s ]

[ 2017-08-21T01:03:48+08:00 ] ::1 /subject/index.php/
INFO: [ app_init ] --START--
INFO: Run Behavior\BuildLiteBehavior [ RunTime:0.000028s ]
INFO: [ app_init ] --END-- [ RunTime:0.001647s ]
INFO: [ app_begin ] --START--
INFO: Run Behavior\ReadHtmlCacheBehavior [ RunTime:0.001652s ]
INFO: [ app_begin ] --END-- [ RunTime:0.001764s ]
SQL: SHOW COLUMNS FROM `news` [ RunTime:0.0011s ]
SQL: SHOW COLUMNS FROM `notice` [ RunTime:0.0006s ]
SQL: SHOW COLUMNS FROM `student` [ RunTime:0.0005s ]
SQL: SHOW COLUMNS FROM `picture` [ RunTime:0.0006s ]
SQL: SELECT * FROM `picture` ORDER BY id  [ RunTime:0.0004s ]
SQL: SELECT * FROM `news` ORDER BY time desc LIMIT 3   [ RunTime:0.0004s ]
SQL: SELECT * FROM `notice` ORDER BY time desc LIMIT 5   [ RunTime:0.0004s ]
SQL: SELECT * FROM `student` ORDER BY time desc LIMIT 8   [ RunTime:0.0003s ]
INFO: [ view_parse ] --START--
INFO: [ template_filter ] --START--
INFO: Run Behavior\ContentReplaceBehavior [ RunTime:0.000263s ]
INFO: [ template_filter ] --END-- [ RunTime:0.000459s ]
INFO: Run Behavior\ParseTemplateBehavior [ RunTime:0.035227s ]
INFO: [ view_parse ] --END-- [ RunTime:0.035351s ]
INFO: [ view_filter ] --START--
INFO: Run Behavior\WriteHtmlCacheBehavior [ RunTime:0.001446s ]
INFO: [ view_filter ] --END-- [ RunTime:0.001550s ]
INFO: [ app_end ] --START--
INFO: Run Behavior\ShowPageTraceBehavior [ RunTime:0.002776s ]
INFO: [ app_end ] --END-- [ RunTime:0.002988s ]

[ 2017-08-21T01:03:50+08:00 ] ::1 /subject/index.php/Home/Passages/showPassages/7
INFO: [ app_init ] --START--
INFO: Run Behavior\BuildLiteBehavior [ RunTime:0.000021s ]
INFO: [ app_init ] --END-- [ RunTime:0.000974s ]
INFO: [ app_begin ] --START--
INFO: Run Behavior\ReadHtmlCacheBehavior [ RunTime:0.001969s ]
INFO: [ app_begin ] --END-- [ RunTime:0.002137s ]
SQL: SHOW COLUMNS FROM `passages` [ RunTime:0.0008s ]
SQL: SHOW COLUMNS FROM `news` [ RunTime:0.0006s ]
SQL: SHOW COLUMNS FROM `notice` [ RunTime:0.0006s ]
SQL: SELECT * FROM `news` ORDER BY time desc LIMIT 0,3   [ RunTime:0.0008s ]
SQL: SELECT * FROM `notice` ORDER BY time desc LIMIT 0,5   [ RunTime:0.0004s ]
SQL: SELECT * FROM `passages` WHERE `id` = 7 LIMIT 1   [ RunTime:0.0002s ]
SQL: SELECT MAX(id) AS tp_Max FROM `passages` LIMIT 1   [ RunTime:0.0002s ]
SQL: SELECT * FROM `passages` WHERE ( first='研究成果' )  [ RunTime:0.0003s ]
INFO: [ view_parse ] --START--
INFO: [ template_filter ] --START--
INFO: Run Behavior\ContentReplaceBehavior [ RunTime:0.000108s ]
INFO: [ template_filter ] --END-- [ RunTime:0.000214s ]
INFO: Run Behavior\ParseTemplateBehavior [ RunTime:0.026808s ]
INFO: [ view_parse ] --END-- [ RunTime:0.027010s ]
INFO: [ view_filter ] --START--
INFO: Run Behavior\WriteHtmlCacheBehavior [ RunTime:0.001535s ]
INFO: [ view_filter ] --END-- [ RunTime:0.001636s ]
INFO: [ app_end ] --START--
INFO: Run Behavior\ShowPageTraceBehavior [ RunTime:0.002034s ]
INFO: [ app_end ] --END-- [ RunTime:0.002180s ]

[ 2017-08-21T01:03:52+08:00 ] ::1 /subject/index.php/Home/Passages/showPassages/18
INFO: [ app_init ] --START--
INFO: Run Behavior\BuildLiteBehavior [ RunTime:0.000024s ]
INFO: [ app_init ] --END-- [ RunTime:0.001121s ]
INFO: [ app_begin ] --START--
INFO: Run Behavior\ReadHtmlCacheBehavior [ RunTime:0.001443s ]
INFO: [ app_begin ] --END-- [ RunTime:0.001543s ]
SQL: SHOW COLUMNS FROM `passages` [ RunTime:0.0012s ]
SQL: SHOW COLUMNS FROM `news` [ RunTime:0.0006s ]
SQL: SHOW COLUMNS FROM `notice` [ RunTime:0.0005s ]
SQL: SELECT * FROM `news` ORDER BY time desc LIMIT 0,3   [ RunTime:0.0005s ]
SQL: SELECT * FROM `notice` ORDER BY time desc LIMIT 0,5   [ RunTime:0.0018s ]
SQL: SELECT * FROM `passages` WHERE `id` = 18 LIMIT 1   [ RunTime:0.0018s ]
SQL: SELECT MAX(id) AS tp_Max FROM `passages` LIMIT 1   [ RunTime:0.0005s ]
SQL: SELECT * FROM `passages` WHERE ( first='研究成果' )  [ RunTime:0.0005s ]
INFO: [ view_parse ] --START--
INFO: [ template_filter ] --START--
INFO: Run Behavior\ContentReplaceBehavior [ RunTime:0.000127s ]
INFO: [ template_filter ] --END-- [ RunTime:0.000343s ]
INFO: Run Behavior\ParseTemplateBehavior [ RunTime:0.032018s ]
INFO: [ view_parse ] --END-- [ RunTime:0.032163s ]
INFO: [ view_filter ] --START--
INFO: Run Behavior\WriteHtmlCacheBehavior [ RunTime:0.001691s ]
INFO: [ view_filter ] --END-- [ RunTime:0.001785s ]
INFO: [ app_end ] --START--
INFO: Run Behavior\ShowPageTraceBehavior [ RunTime:0.002159s ]
INFO: [ app_end ] --END-- [ RunTime:0.002265s ]

[ 2017-08-21T01:06:43+08:00 ] ::1 /subject/index.php/
INFO: [ app_init ] --START--
INFO: Run Behavior\BuildLiteBehavior [ RunTime:0.000020s ]
INFO: [ app_init ] --END-- [ RunTime:0.000907s ]
INFO: [ app_begin ] --START--
INFO: Run Behavior\ReadHtmlCacheBehavior [ RunTime:0.001463s ]
INFO: [ app_begin ] --END-- [ RunTime:0.001574s ]
SQL: SHOW COLUMNS FROM `news` [ RunTime:0.0007s ]
SQL: SHOW COLUMNS FROM `notice` [ RunTime:0.0006s ]
SQL: SHOW COLUMNS FROM `student` [ RunTime:0.0006s ]
SQL: SHOW COLUMNS FROM `picture` [ RunTime:0.0006s ]
SQL: SELECT * FROM `picture` ORDER BY id  [ RunTime:0.0004s ]
SQL: SELECT * FROM `news` ORDER BY time desc LIMIT 3   [ RunTime:0.0003s ]
SQL: SELECT * FROM `notice` ORDER BY time desc LIMIT 5   [ RunTime:0.0004s ]
SQL: SELECT * FROM `student` ORDER BY time desc LIMIT 8   [ RunTime:0.0006s ]
INFO: [ view_parse ] --START--
INFO: [ template_filter ] --START--
INFO: Run Behavior\ContentReplaceBehavior [ RunTime:0.000128s ]
INFO: [ template_filter ] --END-- [ RunTime:0.000235s ]
INFO: Run Behavior\ParseTemplateBehavior [ RunTime:0.024544s ]
INFO: [ view_parse ] --END-- [ RunTime:0.024674s ]
INFO: [ view_filter ] --START--
INFO: Run Behavior\WriteHtmlCacheBehavior [ RunTime:0.001550s ]
INFO: [ view_filter ] --END-- [ RunTime:0.001679s ]
INFO: [ app_end ] --START--
INFO: Run Behavior\ShowPageTraceBehavior [ RunTime:0.001938s ]
INFO: [ app_end ] --END-- [ RunTime:0.002047s ]

[ 2017-08-21T01:09:13+08:00 ] ::1 /subject/index.php/
INFO: [ app_init ] --START--
INFO: Run Behavior\BuildLiteBehavior [ RunTime:0.000021s ]
INFO: [ app_init ] --END-- [ RunTime:0.001095s ]
INFO: [ app_begin ] --START--
INFO: Run Behavior\ReadHtmlCacheBehavior [ RunTime:0.001339s ]
INFO: [ app_begin ] --END-- [ RunTime:0.001440s ]
SQL: SHOW COLUMNS FROM `news` [ RunTime:0.0007s ]
SQL: SHOW COLUMNS FROM `notice` [ RunTime:0.0005s ]
SQL: SHOW COLUMNS FROM `student` [ RunTime:0.0004s ]
SQL: SHOW COLUMNS FROM `picture` [ RunTime:0.0005s ]
SQL: SELECT * FROM `picture` ORDER BY id  [ RunTime:0.0006s ]
SQL: SELECT * FROM `news` ORDER BY time desc LIMIT 3   [ RunTime:0.0005s ]
SQL: SELECT * FROM `notice` ORDER BY time desc LIMIT 5   [ RunTime:0.0006s ]
SQL: SELECT * FROM `student` ORDER BY time desc LIMIT 8   [ RunTime:0.0004s ]
INFO: [ view_parse ] --START--
INFO: [ template_filter ] --START--
INFO: Run Behavior\ContentReplaceBehavior [ RunTime:0.000123s ]
INFO: [ template_filter ] --END-- [ RunTime:0.000231s ]
INFO: Run Behavior\ParseTemplateBehavior [ RunTime:0.024044s ]
INFO: [ view_parse ] --END-- [ RunTime:0.024167s ]
INFO: [ view_filter ] --START--
INFO: Run Behavior\WriteHtmlCacheBehavior [ RunTime:0.001268s ]
INFO: [ view_filter ] --END-- [ RunTime:0.001367s ]
INFO: [ app_end ] --START--
INFO: Run Behavior\ShowPageTraceBehavior [ RunTime:0.001786s ]
INFO: [ app_end ] --END-- [ RunTime:0.002122s ]

[ 2017-08-21T01:15:45+08:00 ] ::1 /subject/index.php/
INFO: [ app_init ] --START--
INFO: Run Behavior\BuildLiteBehavior [ RunTime:0.000021s ]
INFO: [ app_init ] --END-- [ RunTime:0.000929s ]
INFO: [ app_begin ] --START--
INFO: Run Behavior\ReadHtmlCacheBehavior [ RunTime:0.001662s ]
INFO: [ app_begin ] --END-- [ RunTime:0.001994s ]
SQL: SHOW COLUMNS FROM `news` [ RunTime:0.0006s ]
SQL: SHOW COLUMNS FROM `notice` [ RunTime:0.0004s ]
SQL: SHOW COLUMNS FROM `student` [ RunTime:0.0005s ]
SQL: SHOW COLUMNS FROM `picture` [ RunTime:0.0005s ]
SQL: SELECT * FROM `picture` ORDER BY id  [ RunTime:0.0003s ]
SQL: SELECT * FROM `news` ORDER BY time desc LIMIT 3   [ RunTime:0.0003s ]
SQL: SELECT * FROM `notice` ORDER BY time desc LIMIT 5   [ RunTime:0.0003s ]
SQL: SELECT * FROM `student` ORDER BY time desc LIMIT 8   [ RunTime:0.0003s ]
INFO: [ view_parse ] --START--
INFO: [ template_filter ] --START--
INFO: Run Behavior\ContentReplaceBehavior [ RunTime:0.000125s ]
INFO: [ template_filter ] --END-- [ RunTime:0.000271s ]
INFO: Run Behavior\ParseTemplateBehavior [ RunTime:0.027582s ]
INFO: [ view_parse ] --END-- [ RunTime:0.027723s ]
INFO: [ view_filter ] --START--
INFO: Run Behavior\WriteHtmlCacheBehavior [ RunTime:0.000826s ]
INFO: [ view_filter ] --END-- [ RunTime:0.000918s ]
INFO: [ app_end ] --START--
INFO: Run Behavior\ShowPageTraceBehavior [ RunTime:0.001105s ]
INFO: [ app_end ] --END-- [ RunTime:0.001221s ]

[ 2017-08-21T01:15:48+08:00 ] ::1 /subject/index.php/Home/Passages/showPassages/2
INFO: [ app_init ] --START--
INFO: Run Behavior\BuildLiteBehavior [ RunTime:0.000024s ]
INFO: [ app_init ] --END-- [ RunTime:0.001349s ]
INFO: [ app_begin ] --START--
INFO: Run Behavior\ReadHtmlCacheBehavior [ RunTime:0.002020s ]
INFO: [ app_begin ] --END-- [ RunTime:0.002191s ]
SQL: SHOW COLUMNS FROM `passages` [ RunTime:0.0016s ]
SQL: SHOW COLUMNS FROM `news` [ RunTime:0.0007s ]
SQL: SHOW COLUMNS FROM `notice` [ RunTime:0.0008s ]
SQL: SELECT * FROM `news` ORDER BY time desc LIMIT 0,3   [ RunTime:0.0005s ]
SQL: SELECT * FROM `notice` ORDER BY time desc LIMIT 0,5   [ RunTime:0.0004s ]
SQL: SELECT * FROM `passages` WHERE `id` = 2 LIMIT 1   [ RunTime:0.0003s ]
SQL: SELECT MAX(id) AS tp_Max FROM `passages` LIMIT 1   [ RunTime:0.0002s ]
SQL: SELECT * FROM `passages` WHERE ( first='学科介绍' )  [ RunTime:0.0003s ]
INFO: [ view_parse ] --START--
INFO: [ template_filter ] --START--
INFO: Run Behavior\ContentReplaceBehavior [ RunTime:0.000114s ]
INFO: [ template_filter ] --END-- [ RunTime:0.000231s ]
INFO: Run Behavior\ParseTemplateBehavior [ RunTime:0.019179s ]
INFO: [ view_parse ] --END-- [ RunTime:0.019289s ]
INFO: [ view_filter ] --START--
INFO: Run Behavior\WriteHtmlCacheBehavior [ RunTime:0.000668s ]
INFO: [ view_filter ] --END-- [ RunTime:0.000754s ]
INFO: [ app_end ] --START--
INFO: Run Behavior\ShowPageTraceBehavior [ RunTime:0.001048s ]
INFO: [ app_end ] --END-- [ RunTime:0.001147s ]

[ 2017-08-21T01:15:53+08:00 ] ::1 /subject/index.php/
INFO: [ app_init ] --START--
INFO: Run Behavior\BuildLiteBehavior [ RunTime:0.000022s ]
INFO: [ app_init ] --END-- [ RunTime:0.001166s ]
INFO: [ app_begin ] --START--
INFO: Run Behavior\ReadHtmlCacheBehavior [ RunTime:0.001030s ]
INFO: [ app_begin ] --END-- [ RunTime:0.001131s ]
SQL: SHOW COLUMNS FROM `news` [ RunTime:0.0008s ]
SQL: SHOW COLUMNS FROM `notice` [ RunTime:0.0005s ]
SQL: SHOW COLUMNS FROM `student` [ RunTime:0.0006s ]
SQL: SHOW COLUMNS FROM `picture` [ RunTime:0.0005s ]
SQL: SELECT * FROM `picture` ORDER BY id  [ RunTime:0.0003s ]
SQL: SELECT * FROM `news` ORDER BY time desc LIMIT 3   [ RunTime:0.0003s ]
SQL: SELECT * FROM `notice` ORDER BY time desc LIMIT 5   [ RunTime:0.0004s ]
SQL: SELECT * FROM `student` ORDER BY time desc LIMIT 8   [ RunTime:0.0003s ]
INFO: [ view_parse ] --START--
INFO: [ template_filter ] --START--
INFO: Run Behavior\ContentReplaceBehavior [ RunTime:0.000125s ]
INFO: [ template_filter ] --END-- [ RunTime:0.000233s ]
INFO: Run Behavior\ParseTemplateBehavior [ RunTime:0.025598s ]
INFO: [ view_parse ] --END-- [ RunTime:0.025780s ]
INFO: [ view_filter ] --START--
INFO: Run Behavior\WriteHtmlCacheBehavior [ RunTime:0.001255s ]
INFO: [ view_filter ] --END-- [ RunTime:0.001426s ]
INFO: [ app_end ] --START--
INFO: Run Behavior\ShowPageTraceBehavior [ RunTime:0.001476s ]
INFO: [ app_end ] --END-- [ RunTime:0.001642s ]

[ 2017-08-21T01:16:37+08:00 ] ::1 /subject/index.php/
INFO: [ app_init ] --START--
INFO: Run Behavior\BuildLiteBehavior [ RunTime:0.000025s ]
INFO: [ app_init ] --END-- [ RunTime:0.000931s ]
INFO: [ app_begin ] --START--
INFO: Run Behavior\ReadHtmlCacheBehavior [ RunTime:0.001094s ]
INFO: [ app_begin ] --END-- [ RunTime:0.001245s ]
SQL: SHOW COLUMNS FROM `news` [ RunTime:0.0018s ]
SQL: SHOW COLUMNS FROM `notice` [ RunTime:0.0008s ]
SQL: SHOW COLUMNS FROM `student` [ RunTime:0.0010s ]
SQL: SHOW COLUMNS FROM `picture` [ RunTime:0.0007s ]
SQL: SELECT * FROM `picture` ORDER BY id  [ RunTime:0.0004s ]
SQL: SELECT * FROM `news` ORDER BY time desc LIMIT 3   [ RunTime:0.0004s ]
SQL: SELECT * FROM `notice` ORDER BY time desc LIMIT 5   [ RunTime:0.0004s ]
SQL: SELECT * FROM `student` ORDER BY time desc LIMIT 8   [ RunTime:0.0003s ]
INFO: [ view_parse ] --START--
INFO: [ template_filter ] --START--
INFO: Run Behavior\ContentReplaceBehavior [ RunTime:0.000222s ]
INFO: [ template_filter ] --END-- [ RunTime:0.000432s ]
INFO: Run Behavior\ParseTemplateBehavior [ RunTime:0.024403s ]
INFO: [ view_parse ] --END-- [ RunTime:0.024645s ]
INFO: [ view_filter ] --START--
INFO: Run Behavior\WriteHtmlCacheBehavior [ RunTime:0.001647s ]
INFO: [ view_filter ] --END-- [ RunTime:0.001793s ]
INFO: [ app_end ] --START--
INFO: Run Behavior\ShowPageTraceBehavior [ RunTime:0.001516s ]
INFO: [ app_end ] --END-- [ RunTime:0.001680s ]

[ 2017-08-21T01:16:40+08:00 ] ::1 /subject/index.php/Home/Passages/showPassages/6
INFO: [ app_init ] --START--
INFO: Run Behavior\BuildLiteBehavior [ RunTime:0.000021s ]
INFO: [ app_init ] --END-- [ RunTime:0.000786s ]
INFO: [ app_begin ] --START--
INFO: Run Behavior\ReadHtmlCacheBehavior [ RunTime:0.000987s ]
INFO: [ app_begin ] --END-- [ RunTime:0.001086s ]
SQL: SHOW COLUMNS FROM `passages` [ RunTime:0.0008s ]
SQL: SHOW COLUMNS FROM `news` [ RunTime:0.0006s ]
SQL: SHOW COLUMNS FROM `notice` [ RunTime:0.0006s ]
SQL: SELECT * FROM `news` ORDER BY time desc LIMIT 0,3   [ RunTime:0.0004s ]
SQL: SELECT * FROM `notice` ORDER BY time desc LIMIT 0,5   [ RunTime:0.0003s ]
SQL: SELECT * FROM `passages` WHERE `id` = 6 LIMIT 1   [ RunTime:0.0002s ]
SQL: SELECT MAX(id) AS tp_Max FROM `passages` LIMIT 1   [ RunTime:0.0003s ]
SQL: SELECT * FROM `passages` WHERE ( first='研究成果' )  [ RunTime:0.0003s ]
INFO: [ view_parse ] --START--
INFO: [ template_filter ] --START--
INFO: Run Behavior\ContentReplaceBehavior [ RunTime:0.000155s ]
INFO: [ template_filter ] --END-- [ RunTime:0.000299s ]
INFO: Run Behavior\ParseTemplateBehavior [ RunTime:0.023102s ]
INFO: [ view_parse ] --END-- [ RunTime:0.023244s ]
INFO: [ view_filter ] --START--
INFO: Run Behavior\WriteHtmlCacheBehavior [ RunTime:0.000885s ]
INFO: [ view_filter ] --END-- [ RunTime:0.000981s ]
INFO: [ app_end ] --START--
INFO: Run Behavior\ShowPageTraceBehavior [ RunTime:0.001487s ]
INFO: [ app_end ] --END-- [ RunTime:0.001667s ]

[ 2017-08-21T01:17:57+08:00 ] ::1 /subject/index.php/
INFO: [ app_init ] --START--
INFO: Run Behavior\BuildLiteBehavior [ RunTime:0.000024s ]
INFO: [ app_init ] --END-- [ RunTime:0.001437s ]
INFO: [ app_begin ] --START--
INFO: Run Behavior\ReadHtmlCacheBehavior [ RunTime:0.001471s ]
INFO: [ app_begin ] --END-- [ RunTime:0.001609s ]
SQL: SHOW COLUMNS FROM `news` [ RunTime:0.0007s ]
SQL: SHOW COLUMNS FROM `notice` [ RunTime:0.0005s ]
SQL: SHOW COLUMNS FROM `student` [ RunTime:0.0004s ]
SQL: SHOW COLUMNS FROM `picture` [ RunTime:0.0004s ]
SQL: SELECT * FROM `picture` ORDER BY id  [ RunTime:0.0003s ]
SQL: SELECT * FROM `news` ORDER BY time desc LIMIT 3   [ RunTime:0.0003s ]
SQL: SELECT * FROM `notice` ORDER BY time desc LIMIT 5   [ RunTime:0.0004s ]
SQL: SELECT * FROM `student` ORDER BY time desc LIMIT 8   [ RunTime:0.0003s ]
INFO: [ view_parse ] --START--
INFO: [ template_filter ] --START--
INFO: Run Behavior\ContentReplaceBehavior [ RunTime:0.000128s ]
INFO: [ template_filter ] --END-- [ RunTime:0.000279s ]
INFO: Run Behavior\ParseTemplateBehavior [ RunTime:0.027286s ]
INFO: [ view_parse ] --END-- [ RunTime:0.027423s ]
INFO: [ view_filter ] --START--
INFO: Run Behavior\WriteHtmlCacheBehavior [ RunTime:0.001932s ]
INFO: [ view_filter ] --END-- [ RunTime:0.002036s ]
INFO: [ app_end ] --START--
INFO: Run Behavior\ShowPageTraceBehavior [ RunTime:0.001569s ]
INFO: [ app_end ] --END-- [ RunTime:0.001669s ]

[ 2017-08-21T01:18:28+08:00 ] ::1 /subject/index.php/
INFO: [ app_init ] --START--
INFO: Run Behavior\BuildLiteBehavior [ RunTime:0.000021s ]
INFO: [ app_init ] --END-- [ RunTime:0.000912s ]
INFO: [ app_begin ] --START--
INFO: Run Behavior\ReadHtmlCacheBehavior [ RunTime:0.003055s ]
INFO: [ app_begin ] --END-- [ RunTime:0.003264s ]
SQL: SHOW COLUMNS FROM `news` [ RunTime:0.0008s ]
SQL: SHOW COLUMNS FROM `notice` [ RunTime:0.0010s ]
SQL: SHOW COLUMNS FROM `student` [ RunTime:0.0008s ]
SQL: SHOW COLUMNS FROM `picture` [ RunTime:0.0008s ]
SQL: SELECT * FROM `picture` ORDER BY id  [ RunTime:0.0006s ]
SQL: SELECT * FROM `news` ORDER BY time desc LIMIT 3   [ RunTime:0.0007s ]
SQL: SELECT * FROM `notice` ORDER BY time desc LIMIT 5   [ RunTime:0.0006s ]
SQL: SELECT * FROM `student` ORDER BY time desc LIMIT 8   [ RunTime:0.0016s ]
INFO: [ view_parse ] --START--
INFO: [ template_filter ] --START--
INFO: Run Behavior\ContentReplaceBehavior [ RunTime:0.000142s ]
INFO: [ template_filter ] --END-- [ RunTime:0.000284s ]
INFO: Run Behavior\ParseTemplateBehavior [ RunTime:0.022397s ]
INFO: [ view_parse ] --END-- [ RunTime:0.022511s ]
INFO: [ view_filter ] --START--
INFO: Run Behavior\WriteHtmlCacheBehavior [ RunTime:0.001115s ]
INFO: [ view_filter ] --END-- [ RunTime:0.001203s ]
INFO: [ app_end ] --START--
INFO: Run Behavior\ShowPageTraceBehavior [ RunTime:0.001589s ]
INFO: [ app_end ] --END-- [ RunTime:0.001781s ]

[ 2017-08-21T01:18:30+08:00 ] ::1 /subject/index.php/Home/Passages/showPassages/1
INFO: [ app_init ] --START--
INFO: Run Behavior\BuildLiteBehavior [ RunTime:0.000021s ]
INFO: [ app_init ] --END-- [ RunTime:0.001027s ]
INFO: [ app_begin ] --START--
INFO: Run Behavior\ReadHtmlCacheBehavior [ RunTime:0.000974s ]
INFO: [ app_begin ] --END-- [ RunTime:0.001077s ]
SQL: SHOW COLUMNS FROM `passages` [ RunTime:0.0011s ]
SQL: SHOW COLUMNS FROM `news` [ RunTime:0.0010s ]
SQL: SHOW COLUMNS FROM `notice` [ RunTime:0.0009s ]
SQL: SELECT * FROM `news` ORDER BY time desc LIMIT 0,3   [ RunTime:0.0004s ]
SQL: SELECT * FROM `notice` ORDER BY time desc LIMIT 0,5   [ RunTime:0.0003s ]
SQL: SELECT * FROM `passages` WHERE `id` = 1 LIMIT 1   [ RunTime:0.0003s ]
SQL: SELECT MAX(id) AS tp_Max FROM `passages` LIMIT 1   [ RunTime:0.0003s ]
SQL: SELECT * FROM `passages` WHERE ( first='学科介绍' )  [ RunTime:0.0003s ]
INFO: [ view_parse ] --START--
INFO: [ template_filter ] --START--
INFO: Run Behavior\ContentReplaceBehavior [ RunTime:0.000198s ]
INFO: [ template_filter ] --END-- [ RunTime:0.000315s ]
INFO: Run Behavior\ParseTemplateBehavior [ RunTime:0.031204s ]
INFO: [ view_parse ] --END-- [ RunTime:0.031311s ]
INFO: [ view_filter ] --START--
INFO: Run Behavior\WriteHtmlCacheBehavior [ RunTime:0.001331s ]
INFO: [ view_filter ] --END-- [ RunTime:0.001440s ]
INFO: [ app_end ] --START--
INFO: Run Behavior\ShowPageTraceBehavior [ RunTime:0.001653s ]
INFO: [ app_end ] --END-- [ RunTime:0.001760s ]

[ 2017-08-21T01:18:32+08:00 ] ::1 /subject/index.php/
INFO: [ app_init ] --START--
INFO: Run Behavior\BuildLiteBehavior [ RunTime:0.000020s ]
INFO: [ app_init ] --END-- [ RunTime:0.000829s ]
INFO: [ app_begin ] --START--
INFO: Run Behavior\ReadHtmlCacheBehavior [ RunTime:0.001854s ]
INFO: [ app_begin ] --END-- [ RunTime:0.002165s ]
SQL: SHOW COLUMNS FROM `news` [ RunTime:0.0012s ]
SQL: SHOW COLUMNS FROM `notice` [ RunTime:0.0006s ]
SQL: SHOW COLUMNS FROM `student` [ RunTime:0.0005s ]
SQL: SHOW COLUMNS FROM `picture` [ RunTime:0.0005s ]
SQL: SELECT * FROM `picture` ORDER BY id  [ RunTime:0.0003s ]
SQL: SELECT * FROM `news` ORDER BY time desc LIMIT 3   [ RunTime:0.0003s ]
SQL: SELECT * FROM `notice` ORDER BY time desc LIMIT 5   [ RunTime:0.0003s ]
SQL: SELECT * FROM `student` ORDER BY time desc LIMIT 8   [ RunTime:0.0003s ]
INFO: [ view_parse ] --START--
INFO: [ template_filter ] --START--
INFO: Run Behavior\ContentReplaceBehavior [ RunTime:0.000135s ]
INFO: [ template_filter ] --END-- [ RunTime:0.000247s ]
INFO: Run Behavior\ParseTemplateBehavior [ RunTime:0.028515s ]
INFO: [ view_parse ] --END-- [ RunTime:0.028616s ]
INFO: [ view_filter ] --START--
INFO: Run Behavior\WriteHtmlCacheBehavior [ RunTime:0.000891s ]
INFO: [ view_filter ] --END-- [ RunTime:0.000976s ]
INFO: [ app_end ] --START--
INFO: Run Behavior\ShowPageTraceBehavior [ RunTime:0.001002s ]
INFO: [ app_end ] --END-- [ RunTime:0.001095s ]

[ 2017-08-21T01:20:21+08:00 ] ::1 /subject/index.php/
INFO: [ app_init ] --START--
INFO: Run Behavior\BuildLiteBehavior [ RunTime:0.000022s ]
INFO: [ app_init ] --END-- [ RunTime:0.000843s ]
INFO: [ app_begin ] --START--
INFO: Run Behavior\ReadHtmlCacheBehavior [ RunTime:0.001508s ]
INFO: [ app_begin ] --END-- [ RunTime:0.001679s ]
SQL: SHOW COLUMNS FROM `news` [ RunTime:0.0009s ]
SQL: SHOW COLUMNS FROM `notice` [ RunTime:0.0006s ]
SQL: SHOW COLUMNS FROM `student` [ RunTime:0.0006s ]
SQL: SHOW COLUMNS FROM `picture` [ RunTime:0.0006s ]
SQL: SELECT * FROM `picture` ORDER BY id  [ RunTime:0.0004s ]
SQL: SELECT * FROM `news` ORDER BY time desc LIMIT 3   [ RunTime:0.0004s ]
SQL: SELECT * FROM `notice` ORDER BY time desc LIMIT 5   [ RunTime:0.0004s ]
SQL: SELECT * FROM `student` ORDER BY time desc LIMIT 8   [ RunTime:0.0003s ]
INFO: [ view_parse ] --START--
INFO: [ template_filter ] --START--
INFO: Run Behavior\ContentReplaceBehavior [ RunTime:0.000122s ]
INFO: [ template_filter ] --END-- [ RunTime:0.000262s ]
INFO: Run Behavior\ParseTemplateBehavior [ RunTime:0.024108s ]
INFO: [ view_parse ] --END-- [ RunTime:0.024211s ]
INFO: [ view_filter ] --START--
INFO: Run Behavior\WriteHtmlCacheBehavior [ RunTime:0.000697s ]
INFO: [ view_filter ] --END-- [ RunTime:0.000784s ]
INFO: [ app_end ] --START--
INFO: Run Behavior\ShowPageTraceBehavior [ RunTime:0.000779s ]
INFO: [ app_end ] --END-- [ RunTime:0.000871s ]

[ 2017-08-21T01:20:23+08:00 ] ::1 /subject/index.php/Home/Passages/showPassages/1
INFO: [ app_init ] --START--
INFO: Run Behavior\BuildLiteBehavior [ RunTime:0.000022s ]
INFO: [ app_init ] --END-- [ RunTime:0.000750s ]
INFO: [ app_begin ] --START--
INFO: Run Behavior\ReadHtmlCacheBehavior [ RunTime:0.000749s ]
INFO: [ app_begin ] --END-- [ RunTime:0.000847s ]
SQL: SHOW COLUMNS FROM `passages` [ RunTime:0.0013s ]
SQL: SHOW COLUMNS FROM `news` [ RunTime:0.0012s ]
SQL: SHOW COLUMNS FROM `notice` [ RunTime:0.0013s ]
SQL: SELECT * FROM `news` ORDER BY time desc LIMIT 0,3   [ RunTime:0.0006s ]
SQL: SELECT * FROM `notice` ORDER BY time desc LIMIT 0,5   [ RunTime:0.0003s ]
SQL: SELECT * FROM `passages` WHERE `id` = 1 LIMIT 1   [ RunTime:0.0003s ]
SQL: SELECT MAX(id) AS tp_Max FROM `passages` LIMIT 1   [ RunTime:0.0002s ]
SQL: SELECT * FROM `passages` WHERE ( first='学科介绍' )  [ RunTime:0.0003s ]
INFO: [ view_parse ] --START--
INFO: [ template_filter ] --START--
INFO: Run Behavior\ContentReplaceBehavior [ RunTime:0.000138s ]
INFO: [ template_filter ] --END-- [ RunTime:0.000250s ]
INFO: Run Behavior\ParseTemplateBehavior [ RunTime:0.019290s ]
INFO: [ view_parse ] --END-- [ RunTime:0.019455s ]
INFO: [ view_filter ] --START--
INFO: Run Behavior\WriteHtmlCacheBehavior [ RunTime:0.000631s ]
INFO: [ view_filter ] --END-- [ RunTime:0.000729s ]
INFO: [ app_end ] --START--
INFO: Run Behavior\ShowPageTraceBehavior [ RunTime:0.001012s ]
INFO: [ app_end ] --END-- [ RunTime:0.001147s ]

[ 2017-08-21T01:20:25+08:00 ] ::1 /subject/index.php/Home/Passages/showPassages/3
INFO: [ app_init ] --START--
INFO: Run Behavior\BuildLiteBehavior [ RunTime:0.000022s ]
INFO: [ app_init ] --END-- [ RunTime:0.001475s ]
INFO: [ app_begin ] --START--
INFO: Run Behavior\ReadHtmlCacheBehavior [ RunTime:0.000789s ]
INFO: [ app_begin ] --END-- [ RunTime:0.000882s ]
SQL: SHOW COLUMNS FROM `passages` [ RunTime:0.0018s ]
SQL: SHOW COLUMNS FROM `news` [ RunTime:0.0009s ]
SQL: SHOW COLUMNS FROM `notice` [ RunTime:0.0006s ]
SQL: SELECT * FROM `news` ORDER BY time desc LIMIT 0,3   [ RunTime:0.0004s ]
SQL: SELECT * FROM `notice` ORDER BY time desc LIMIT 0,5   [ RunTime:0.0004s ]
SQL: SELECT * FROM `passages` WHERE `id` = 3 LIMIT 1   [ RunTime:0.0002s ]
SQL: SELECT MAX(id) AS tp_Max FROM `passages` LIMIT 1   [ RunTime:0.0002s ]
SQL: SELECT * FROM `passages` WHERE ( first='研究成果' )  [ RunTime:0.0002s ]
INFO: [ view_parse ] --START--
INFO: [ template_filter ] --START--
INFO: Run Behavior\ContentReplaceBehavior [ RunTime:0.000197s ]
INFO: [ template_filter ] --END-- [ RunTime:0.000380s ]
INFO: Run Behavior\ParseTemplateBehavior [ RunTime:0.029691s ]
INFO: [ view_parse ] --END-- [ RunTime:0.029794s ]
INFO: [ view_filter ] --START--
INFO: Run Behavior\WriteHtmlCacheBehavior [ RunTime:0.000671s ]
INFO: [ view_filter ] --END-- [ RunTime:0.000760s ]
INFO: [ app_end ] --START--
INFO: Run Behavior\ShowPageTraceBehavior [ RunTime:0.000921s ]
INFO: [ app_end ] --END-- [ RunTime:0.001093s ]

[ 2017-08-21T01:20:28+08:00 ] ::1 /subject/index.php/Home/Passages/showPassages/6
INFO: [ app_init ] --START--
INFO: Run Behavior\BuildLiteBehavior [ RunTime:0.000020s ]
INFO: [ app_init ] --END-- [ RunTime:0.000731s ]
INFO: [ app_begin ] --START--
INFO: Run Behavior\ReadHtmlCacheBehavior [ RunTime:0.000796s ]
INFO: [ app_begin ] --END-- [ RunTime:0.000889s ]
SQL: SHOW COLUMNS FROM `passages` [ RunTime:0.0008s ]
SQL: SHOW COLUMNS FROM `news` [ RunTime:0.0020s ]
SQL: SHOW COLUMNS FROM `notice` [ RunTime:0.0006s ]
SQL: SELECT * FROM `news` ORDER BY time desc LIMIT 0,3   [ RunTime:0.0004s ]
SQL: SELECT * FROM `notice` ORDER BY time desc LIMIT 0,5   [ RunTime:0.0004s ]
SQL: SELECT * FROM `passages` WHERE `id` = 6 LIMIT 1   [ RunTime:0.0003s ]
SQL: SELECT MAX(id) AS tp_Max FROM `passages` LIMIT 1   [ RunTime:0.0002s ]
SQL: SELECT * FROM `passages` WHERE ( first='研究成果' )  [ RunTime:0.0003s ]
INFO: [ view_parse ] --START--
INFO: [ template_filter ] --START--
INFO: Run Behavior\ContentReplaceBehavior [ RunTime:0.000113s ]
INFO: [ template_filter ] --END-- [ RunTime:0.000222s ]
INFO: Run Behavior\ParseTemplateBehavior [ RunTime:0.018713s ]
INFO: [ view_parse ] --END-- [ RunTime:0.018815s ]
INFO: [ view_filter ] --START--
INFO: Run Behavior\WriteHtmlCacheBehavior [ RunTime:0.000630s ]
INFO: [ view_filter ] --END-- [ RunTime:0.000712s ]
INFO: [ app_end ] --START--
INFO: Run Behavior\ShowPageTraceBehavior [ RunTime:0.000899s ]
INFO: [ app_end ] --END-- [ RunTime:0.000988s ]

[ 2017-08-21T01:20:30+08:00 ] ::1 /subject/index.php/Home/Passages/showPassages/7
INFO: [ app_init ] --START--
INFO: Run Behavior\BuildLiteBehavior [ RunTime:0.000022s ]
INFO: [ app_init ] --END-- [ RunTime:0.000804s ]
INFO: [ app_begin ] --START--
INFO: Run Behavior\ReadHtmlCacheBehavior [ RunTime:0.001522s ]
INFO: [ app_begin ] --END-- [ RunTime:0.001770s ]
SQL: SHOW COLUMNS FROM `passages` [ RunTime:0.0013s ]
SQL: SHOW COLUMNS FROM `news` [ RunTime:0.0011s ]
SQL: SHOW COLUMNS FROM `notice` [ RunTime:0.0009s ]
SQL: SELECT * FROM `news` ORDER BY time desc LIMIT 0,3   [ RunTime:0.0009s ]
SQL: SELECT * FROM `notice` ORDER BY time desc LIMIT 0,5   [ RunTime:0.0004s ]
SQL: SELECT * FROM `passages` WHERE `id` = 7 LIMIT 1   [ RunTime:0.0003s ]
SQL: SELECT MAX(id) AS tp_Max FROM `passages` LIMIT 1   [ RunTime:0.0003s ]
SQL: SELECT * FROM `passages` WHERE ( first='项目竞赛' )  [ RunTime:0.0003s ]
INFO: [ view_parse ] --START--
INFO: [ template_filter ] --START--
INFO: Run Behavior\ContentReplaceBehavior [ RunTime:0.000114s ]
INFO: [ template_filter ] --END-- [ RunTime:0.000239s ]
INFO: Run Behavior\ParseTemplateBehavior [ RunTime:0.029623s ]
INFO: [ view_parse ] --END-- [ RunTime:0.029730s ]
INFO: [ view_filter ] --START--
INFO: Run Behavior\WriteHtmlCacheBehavior [ RunTime:0.000923s ]
INFO: [ view_filter ] --END-- [ RunTime:0.001037s ]
INFO: [ app_end ] --START--
INFO: Run Behavior\ShowPageTraceBehavior [ RunTime:0.000921s ]
INFO: [ app_end ] --END-- [ RunTime:0.001016s ]

[ 2017-08-21T01:20:31+08:00 ] ::1 /subject/index.php/Home/Passages/showPassages/10
INFO: [ app_init ] --START--
INFO: Run Behavior\BuildLiteBehavior [ RunTime:0.000053s ]
INFO: [ app_init ] --END-- [ RunTime:0.000807s ]
INFO: [ app_begin ] --START--
INFO: Run Behavior\ReadHtmlCacheBehavior [ RunTime:0.002792s ]
INFO: [ app_begin ] --END-- [ RunTime:0.003101s ]
SQL: SHOW COLUMNS FROM `passages` [ RunTime:0.0032s ]
SQL: SHOW COLUMNS FROM `news` [ RunTime:0.0011s ]
SQL: SHOW COLUMNS FROM `notice` [ RunTime:0.0008s ]
SQL: SELECT * FROM `news` ORDER BY time desc LIMIT 0,3   [ RunTime:0.0004s ]
SQL: SELECT * FROM `notice` ORDER BY time desc LIMIT 0,5   [ RunTime:0.0004s ]
SQL: SELECT * FROM `passages` WHERE `id` = 10 LIMIT 1   [ RunTime:0.0002s ]
SQL: SELECT MAX(id) AS tp_Max FROM `passages` LIMIT 1   [ RunTime:0.0002s ]
SQL: SELECT * FROM `passages` WHERE ( first='人才培养' )  [ RunTime:0.0002s ]
INFO: [ view_parse ] --START--
INFO: [ template_filter ] --START--
INFO: Run Behavior\ContentReplaceBehavior [ RunTime:0.000123s ]
INFO: [ template_filter ] --END-- [ RunTime:0.000246s ]
INFO: Run Behavior\ParseTemplateBehavior [ RunTime:0.028386s ]
INFO: [ view_parse ] --END-- [ RunTime:0.028498s ]
INFO: [ view_filter ] --START--
INFO: Run Behavior\WriteHtmlCacheBehavior [ RunTime:0.001100s ]
INFO: [ view_filter ] --END-- [ RunTime:0.001191s ]
INFO: [ app_end ] --START--
INFO: Run Behavior\ShowPageTraceBehavior [ RunTime:0.001237s ]
INFO: [ app_end ] --END-- [ RunTime:0.001356s ]

[ 2017-08-21T01:20:32+08:00 ] ::1 /subject/index.php/Home/Passages/showPassages/12
INFO: [ app_init ] --START--
INFO: Run Behavior\BuildLiteBehavior [ RunTime:0.000023s ]
INFO: [ app_init ] --END-- [ RunTime:0.001043s ]
INFO: [ app_begin ] --START--
INFO: Run Behavior\ReadHtmlCacheBehavior [ RunTime:0.003797s ]
INFO: [ app_begin ] --END-- [ RunTime:0.004116s ]
SQL: SHOW COLUMNS FROM `passages` [ RunTime:0.0006s ]
SQL: SHOW COLUMNS FROM `news` [ RunTime:0.0006s ]
SQL: SHOW COLUMNS FROM `notice` [ RunTime:0.0017s ]
SQL: SELECT * FROM `news` ORDER BY time desc LIMIT 0,3   [ RunTime:0.0026s ]
SQL: SELECT * FROM `notice` ORDER BY time desc LIMIT 0,5   [ RunTime:0.0010s ]
SQL: SELECT * FROM `passages` WHERE `id` = 12 LIMIT 1   [ RunTime:0.0005s ]
SQL: SELECT MAX(id) AS tp_Max FROM `passages` LIMIT 1   [ RunTime:0.0003s ]
SQL: SELECT * FROM `passages` WHERE ( first='资源环境' )  [ RunTime:0.0004s ]
INFO: [ view_parse ] --START--
INFO: [ template_filter ] --START--
INFO: Run Behavior\ContentReplaceBehavior [ RunTime:0.000106s ]
INFO: [ template_filter ] --END-- [ RunTime:0.000229s ]
INFO: Run Behavior\ParseTemplateBehavior [ RunTime:0.027259s ]
INFO: [ view_parse ] --END-- [ RunTime:0.027622s ]
INFO: [ view_filter ] --START--
INFO: Run Behavior\WriteHtmlCacheBehavior [ RunTime:0.002136s ]
INFO: [ view_filter ] --END-- [ RunTime:0.002359s ]
INFO: [ app_end ] --START--
INFO: Run Behavior\ShowPageTraceBehavior [ RunTime:0.002153s ]
INFO: [ app_end ] --END-- [ RunTime:0.002257s ]

[ 2017-08-21T01:20:33+08:00 ] ::1 /subject/index.php/Home/Student/showList/p/1
INFO: [ app_init ] --START--
INFO: Run Behavior\BuildLiteBehavior [ RunTime:0.000062s ]
INFO: [ app_init ] --END-- [ RunTime:0.001754s ]
INFO: [ app_begin ] --START--
INFO: Run Behavior\ReadHtmlCacheBehavior [ RunTime:0.001395s ]
INFO: [ app_begin ] --END-- [ RunTime:0.001502s ]
SQL: SHOW COLUMNS FROM `student` [ RunTime:0.0007s ]
SQL: SELECT COUNT(*) AS tp_count FROM `student` LIMIT 1   [ RunTime:0.0008s ]
SQL: SELECT * FROM `student` ORDER BY time desc LIMIT 0,10   [ RunTime:0.0025s ]
SQL: SHOW COLUMNS FROM `notice` [ RunTime:0.0012s ]
SQL: SELECT * FROM `notice` ORDER BY time desc  [ RunTime:0.0004s ]
INFO: [ view_parse ] --START--
INFO: [ template_filter ] --START--
INFO: Run Behavior\ContentReplaceBehavior [ RunTime:0.000100s ]
INFO: [ template_filter ] --END-- [ RunTime:0.000204s ]
INFO: Run Behavior\ParseTemplateBehavior [ RunTime:0.030760s ]
INFO: [ view_parse ] --END-- [ RunTime:0.030908s ]
INFO: [ view_filter ] --START--
INFO: Run Behavior\WriteHtmlCacheBehavior [ RunTime:0.001795s ]
INFO: [ view_filter ] --END-- [ RunTime:0.001895s ]
INFO: [ app_end ] --START--
INFO: Run Behavior\ShowPageTraceBehavior [ RunTime:0.001934s ]
INFO: [ app_end ] --END-- [ RunTime:0.002039s ]

[ 2017-08-21T01:20:35+08:00 ] ::1 /subject/index.php/Home/Passages/showPassages/17
INFO: [ app_init ] --START--
INFO: Run Behavior\BuildLiteBehavior [ RunTime:0.000022s ]
INFO: [ app_init ] --END-- [ RunTime:0.000961s ]
INFO: [ app_begin ] --START--
INFO: Run Behavior\ReadHtmlCacheBehavior [ RunTime:0.002576s ]
INFO: [ app_begin ] --END-- [ RunTime:0.002747s ]
SQL: SHOW COLUMNS FROM `passages` [ RunTime:0.0013s ]
SQL: SHOW COLUMNS FROM `news` [ RunTime:0.0010s ]
SQL: SHOW COLUMNS FROM `notice` [ RunTime:0.0006s ]
SQL: SELECT * FROM `news` ORDER BY time desc LIMIT 0,3   [ RunTime:0.0004s ]
SQL: SELECT * FROM `notice` ORDER BY time desc LIMIT 0,5   [ RunTime:0.0003s ]
SQL: SELECT * FROM `passages` WHERE `id` = 17 LIMIT 1   [ RunTime:0.0003s ]
SQL: SELECT MAX(id) AS tp_Max FROM `passages` LIMIT 1   [ RunTime:0.0002s ]
SQL: SELECT * FROM `passages` WHERE ( first='招生信息' )  [ RunTime:0.0003s ]
INFO: [ view_parse ] --START--
INFO: [ template_filter ] --START--
INFO: Run Behavior\ContentReplaceBehavior [ RunTime:0.000113s ]
INFO: [ template_filter ] --END-- [ RunTime:0.000230s ]
INFO: Run Behavior\ParseTemplateBehavior [ RunTime:0.025725s ]
INFO: [ view_parse ] --END-- [ RunTime:0.025840s ]
INFO: [ view_filter ] --START--
INFO: Run Behavior\WriteHtmlCacheBehavior [ RunTime:0.001207s ]
INFO: [ view_filter ] --END-- [ RunTime:0.001309s ]
INFO: [ app_end ] --START--
INFO: Run Behavior\ShowPageTraceBehavior [ RunTime:0.001197s ]
INFO: [ app_end ] --END-- [ RunTime:0.001350s ]

[ 2017-08-21T01:21:45+08:00 ] ::1 /subject/index.php/Home/Passages/showPassages/10
INFO: [ app_init ] --START--
INFO: Run Behavior\BuildLiteBehavior [ RunTime:0.000032s ]
INFO: [ app_init ] --END-- [ RunTime:0.000998s ]
INFO: [ app_begin ] --START--
INFO: Run Behavior\ReadHtmlCacheBehavior [ RunTime:0.001676s ]
INFO: [ app_begin ] --END-- [ RunTime:0.001812s ]
SQL: SHOW COLUMNS FROM `passages` [ RunTime:0.0010s ]
SQL: SHOW COLUMNS FROM `news` [ RunTime:0.0009s ]
SQL: SHOW COLUMNS FROM `notice` [ RunTime:0.0007s ]
SQL: SELECT * FROM `news` ORDER BY time desc LIMIT 0,3   [ RunTime:0.0004s ]
SQL: SELECT * FROM `notice` ORDER BY time desc LIMIT 0,5   [ RunTime:0.0004s ]
SQL: SELECT * FROM `passages` WHERE `id` = 10 LIMIT 1   [ RunTime:0.0003s ]
SQL: SELECT MAX(id) AS tp_Max FROM `passages` LIMIT 1   [ RunTime:0.0003s ]
SQL: SELECT * FROM `passages` WHERE ( first='人才培养' )  [ RunTime:0.0004s ]
INFO: [ view_parse ] --START--
INFO: [ template_filter ] --START--
INFO: Run Behavior\ContentReplaceBehavior [ RunTime:0.000112s ]
INFO: [ template_filter ] --END-- [ RunTime:0.000215s ]
INFO: Run Behavior\ParseTemplateBehavior [ RunTime:0.019052s ]
INFO: [ view_parse ] --END-- [ RunTime:0.019153s ]
INFO: [ view_filter ] --START--
INFO: Run Behavior\WriteHtmlCacheBehavior [ RunTime:0.002225s ]
INFO: [ view_filter ] --END-- [ RunTime:0.002338s ]
INFO: [ app_end ] --START--
INFO: Run Behavior\ShowPageTraceBehavior [ RunTime:0.001634s ]
INFO: [ app_end ] --END-- [ RunTime:0.001799s ]

[ 2017-08-21T01:22:44+08:00 ] ::1 /subject/index.php/
INFO: [ app_init ] --START--
INFO: Run Behavior\BuildLiteBehavior [ RunTime:0.000028s ]
INFO: [ app_init ] --END-- [ RunTime:0.000757s ]
INFO: [ app_begin ] --START--
INFO: Run Behavior\ReadHtmlCacheBehavior [ RunTime:0.000795s ]
INFO: [ app_begin ] --END-- [ RunTime:0.000893s ]
SQL: SHOW COLUMNS FROM `news` [ RunTime:0.0008s ]
SQL: SHOW COLUMNS FROM `notice` [ RunTime:0.0006s ]
SQL: SHOW COLUMNS FROM `student` [ RunTime:0.0004s ]
SQL: SHOW COLUMNS FROM `picture` [ RunTime:0.0004s ]
SQL: SELECT * FROM `picture` ORDER BY id  [ RunTime:0.0003s ]
SQL: SELECT * FROM `news` ORDER BY time desc LIMIT 3   [ RunTime:0.0004s ]
SQL: SELECT * FROM `notice` ORDER BY time desc LIMIT 5   [ RunTime:0.0003s ]
SQL: SELECT * FROM `student` ORDER BY time desc LIMIT 8   [ RunTime:0.0006s ]
INFO: [ view_parse ] --START--
INFO: [ template_filter ] --START--
INFO: Run Behavior\ContentReplaceBehavior [ RunTime:0.000169s ]
INFO: [ template_filter ] --END-- [ RunTime:0.000340s ]
INFO: Run Behavior\ParseTemplateBehavior [ RunTime:0.022260s ]
INFO: [ view_parse ] --END-- [ RunTime:0.022443s ]
INFO: [ view_filter ] --START--
INFO: Run Behavior\WriteHtmlCacheBehavior [ RunTime:0.000996s ]
INFO: [ view_filter ] --END-- [ RunTime:0.001080s ]
INFO: [ app_end ] --START--
INFO: Run Behavior\ShowPageTraceBehavior [ RunTime:0.001480s ]
INFO: [ app_end ] --END-- [ RunTime:0.001622s ]

[ 2017-08-21T01:26:12+08:00 ] ::1 /subject/index.php/
INFO: [ app_init ] --START--
INFO: Run Behavior\BuildLiteBehavior [ RunTime:0.000023s ]
INFO: [ app_init ] --END-- [ RunTime:0.000797s ]
INFO: [ app_begin ] --START--
INFO: Run Behavior\ReadHtmlCacheBehavior [ RunTime:0.000832s ]
INFO: [ app_begin ] --END-- [ RunTime:0.000924s ]
SQL: SHOW COLUMNS FROM `news` [ RunTime:0.0011s ]
SQL: SHOW COLUMNS FROM `notice` [ RunTime:0.0005s ]
SQL: SHOW COLUMNS FROM `student` [ RunTime:0.0007s ]
SQL: SHOW COLUMNS FROM `picture` [ RunTime:0.0006s ]
SQL: SELECT * FROM `picture` ORDER BY id  [ RunTime:0.0003s ]
SQL: SELECT * FROM `news` ORDER BY time desc LIMIT 3   [ RunTime:0.0004s ]
SQL: SELECT * FROM `notice` ORDER BY time desc LIMIT 5   [ RunTime:0.0003s ]
SQL: SELECT * FROM `student` ORDER BY time desc LIMIT 8   [ RunTime:0.0003s ]
INFO: [ view_parse ] --START--
INFO: [ template_filter ] --START--
INFO: Run Behavior\ContentReplaceBehavior [ RunTime:0.000121s ]
INFO: [ template_filter ] --END-- [ RunTime:0.000221s ]
INFO: Run Behavior\ParseTemplateBehavior [ RunTime:0.022636s ]
INFO: [ view_parse ] --END-- [ RunTime:0.022795s ]
INFO: [ view_filter ] --START--
INFO: Run Behavior\WriteHtmlCacheBehavior [ RunTime:0.001339s ]
INFO: [ view_filter ] --END-- [ RunTime:0.001447s ]
INFO: [ app_end ] --START--
INFO: Run Behavior\ShowPageTraceBehavior [ RunTime:0.001588s ]
INFO: [ app_end ] --END-- [ RunTime:0.001765s ]

[ 2017-08-21T01:26:22+08:00 ] ::1 /subject/index.php/Home/Student/showStudent/2
INFO: [ app_init ] --START--
INFO: Run Behavior\BuildLiteBehavior [ RunTime:0.000021s ]
INFO: [ app_init ] --END-- [ RunTime:0.000761s ]
INFO: [ app_begin ] --START--
INFO: Run Behavior\ReadHtmlCacheBehavior [ RunTime:0.000818s ]
INFO: [ app_begin ] --END-- [ RunTime:0.000924s ]
SQL: SHOW COLUMNS FROM `notice` [ RunTime:0.0007s ]
SQL: SHOW COLUMNS FROM `news` [ RunTime:0.0005s ]
SQL: SHOW COLUMNS FROM `student` [ RunTime:0.0005s ]
SQL: SELECT * FROM `student` WHERE `id` = 2 LIMIT 1   [ RunTime:0.0004s ]
SQL: SELECT MAX(id) AS tp_Max FROM `student` LIMIT 1   [ RunTime:0.0003s ]
SQL: SELECT * FROM `notice` ORDER BY time desc LIMIT 0,5   [ RunTime:0.0005s ]
SQL: SELECT * FROM `news` ORDER BY time desc LIMIT 0,3   [ RunTime:0.0003s ]
INFO: [ view_parse ] --START--
INFO: [ template_filter ] --START--
INFO: Run Behavior\ContentReplaceBehavior [ RunTime:0.000106s ]
INFO: [ template_filter ] --END-- [ RunTime:0.000211s ]
INFO: Run Behavior\ParseTemplateBehavior [ RunTime:0.022106s ]
INFO: [ view_parse ] --END-- [ RunTime:0.022211s ]
INFO: [ view_filter ] --START--
INFO: Run Behavior\WriteHtmlCacheBehavior [ RunTime:0.001176s ]
INFO: [ view_filter ] --END-- [ RunTime:0.001267s ]
INFO: [ app_end ] --START--
INFO: Run Behavior\ShowPageTraceBehavior [ RunTime:0.001692s ]
INFO: [ app_end ] --END-- [ RunTime:0.001834s ]

[ 2017-08-21T01:26:32+08:00 ] ::1 /subject/index.php/Home/Passages/showPassages/1
INFO: [ app_init ] --START--
INFO: Run Behavior\BuildLiteBehavior [ RunTime:0.000021s ]
INFO: [ app_init ] --END-- [ RunTime:0.000795s ]
INFO: [ app_begin ] --START--
INFO: Run Behavior\ReadHtmlCacheBehavior [ RunTime:0.001473s ]
INFO: [ app_begin ] --END-- [ RunTime:0.001594s ]
SQL: SHOW COLUMNS FROM `passages` [ RunTime:0.0006s ]
SQL: SHOW COLUMNS FROM `news` [ RunTime:0.0006s ]
SQL: SHOW COLUMNS FROM `notice` [ RunTime:0.0005s ]
SQL: SELECT * FROM `news` ORDER BY time desc LIMIT 0,3   [ RunTime:0.0003s ]
SQL: SELECT * FROM `notice` ORDER BY time desc LIMIT 0,5   [ RunTime:0.0003s ]
SQL: SELECT * FROM `passages` WHERE `id` = 1 LIMIT 1   [ RunTime:0.0003s ]
SQL: SELECT MAX(id) AS tp_Max FROM `passages` LIMIT 1   [ RunTime:0.0003s ]
SQL: SELECT * FROM `passages` WHERE ( first='学科介绍' )  [ RunTime:0.0003s ]
INFO: [ view_parse ] --START--
INFO: [ template_filter ] --START--
INFO: Run Behavior\ContentReplaceBehavior [ RunTime:0.000116s ]
INFO: [ template_filter ] --END-- [ RunTime:0.000212s ]
INFO: Run Behavior\ParseTemplateBehavior [ RunTime:0.020213s ]
INFO: [ view_parse ] --END-- [ RunTime:0.020366s ]
INFO: [ view_filter ] --START--
INFO: Run Behavior\WriteHtmlCacheBehavior [ RunTime:0.001034s ]
INFO: [ view_filter ] --END-- [ RunTime:0.001122s ]
INFO: [ app_end ] --START--
INFO: Run Behavior\ShowPageTraceBehavior [ RunTime:0.001396s ]
INFO: [ app_end ] --END-- [ RunTime:0.001513s ]

[ 2017-08-21T01:26:38+08:00 ] ::1 /subject/index.php/Home/News/showNews/1
INFO: [ app_init ] --START--
INFO: Run Behavior\BuildLiteBehavior [ RunTime:0.000027s ]
INFO: [ app_init ] --END-- [ RunTime:0.000788s ]
INFO: [ app_begin ] --START--
INFO: Run Behavior\ReadHtmlCacheBehavior [ RunTime:0.001114s ]
INFO: [ app_begin ] --END-- [ RunTime:0.001262s ]
SQL: SHOW COLUMNS FROM `notice` [ RunTime:0.0006s ]
SQL: SHOW COLUMNS FROM `news` [ RunTime:0.0005s ]
SQL: SELECT * FROM `news` WHERE `id` = 1 LIMIT 1   [ RunTime:0.0003s ]
SQL: SELECT MAX(id) AS tp_Max FROM `news` LIMIT 1   [ RunTime:0.0001s ]
SQL: SELECT * FROM `notice` ORDER BY time desc LIMIT 5   [ RunTime:0.0003s ]
SQL: SELECT * FROM `news` ORDER BY time desc LIMIT 3   [ RunTime:0.0003s ]
INFO: [ view_parse ] --START--
INFO: [ template_filter ] --START--
INFO: Run Behavior\ContentReplaceBehavior [ RunTime:0.000101s ]
INFO: [ template_filter ] --END-- [ RunTime:0.000199s ]
INFO: Run Behavior\ParseTemplateBehavior [ RunTime:0.018953s ]
INFO: [ view_parse ] --END-- [ RunTime:0.019057s ]
INFO: [ view_filter ] --START--
INFO: Run Behavior\WriteHtmlCacheBehavior [ RunTime:0.001071s ]
INFO: [ view_filter ] --END-- [ RunTime:0.001158s ]
INFO: [ app_end ] --START--
INFO: Run Behavior\ShowPageTraceBehavior [ RunTime:0.002075s ]
INFO: [ app_end ] --END-- [ RunTime:0.002217s ]

[ 2017-08-21T01:27:04+08:00 ] ::1 /subject/index.php/Home/Notice/showNotice/3
INFO: [ app_init ] --START--
INFO: Run Behavior\BuildLiteBehavior [ RunTime:0.000064s ]
INFO: [ app_init ] --END-- [ RunTime:0.000929s ]
INFO: [ app_begin ] --START--
INFO: Run Behavior\ReadHtmlCacheBehavior [ RunTime:0.000821s ]
INFO: [ app_begin ] --END-- [ RunTime:0.000915s ]
SQL: SHOW COLUMNS FROM `news` [ RunTime:0.0007s ]
SQL: SHOW COLUMNS FROM `notice` [ RunTime:0.0005s ]
SQL: SELECT * FROM `notice` WHERE `id` = 3 LIMIT 1   [ RunTime:0.0003s ]
SQL: SELECT MAX(id) AS tp_Max FROM `notice` LIMIT 1   [ RunTime:0.0002s ]
SQL: SELECT * FROM `notice` ORDER BY time desc LIMIT 0,5   [ RunTime:0.0004s ]
SQL: SELECT * FROM `news` ORDER BY time desc LIMIT 0,3   [ RunTime:0.0003s ]
INFO: [ view_parse ] --START--
INFO: [ template_filter ] --START--
INFO: Run Behavior\ContentReplaceBehavior [ RunTime:0.000100s ]
INFO: [ template_filter ] --END-- [ RunTime:0.000194s ]
INFO: Run Behavior\ParseTemplateBehavior [ RunTime:0.017707s ]
INFO: [ view_parse ] --END-- [ RunTime:0.017808s ]
INFO: [ view_filter ] --START--
INFO: Run Behavior\WriteHtmlCacheBehavior [ RunTime:0.001045s ]
INFO: [ view_filter ] --END-- [ RunTime:0.001166s ]
INFO: [ app_end ] --START--
INFO: Run Behavior\ShowPageTraceBehavior [ RunTime:0.002192s ]
INFO: [ app_end ] --END-- [ RunTime:0.002415s ]

[ 2017-08-21T01:27:14+08:00 ] ::1 /subject/index.php/Home/Passages/showPassages/7
INFO: [ app_init ] --START--
INFO: Run Behavior\BuildLiteBehavior [ RunTime:0.000020s ]
INFO: [ app_init ] --END-- [ RunTime:0.000896s ]
INFO: [ app_begin ] --START--
INFO: Run Behavior\ReadHtmlCacheBehavior [ RunTime:0.000840s ]
INFO: [ app_begin ] --END-- [ RunTime:0.000930s ]
SQL: SHOW COLUMNS FROM `passages` [ RunTime:0.0008s ]
SQL: SHOW COLUMNS FROM `news` [ RunTime:0.0005s ]
SQL: SHOW COLUMNS FROM `notice` [ RunTime:0.0006s ]
SQL: SELECT * FROM `news` ORDER BY time desc LIMIT 0,3   [ RunTime:0.0004s ]
SQL: SELECT * FROM `notice` ORDER BY time desc LIMIT 0,5   [ RunTime:0.0003s ]
SQL: SELECT * FROM `passages` WHERE `id` = 7 LIMIT 1   [ RunTime:0.0003s ]
SQL: SELECT MAX(id) AS tp_Max FROM `passages` LIMIT 1   [ RunTime:0.0002s ]
SQL: SELECT * FROM `passages` WHERE ( first='项目竞赛' )  [ RunTime:0.0003s ]
INFO: [ view_parse ] --START--
INFO: [ template_filter ] --START--
INFO: Run Behavior\ContentReplaceBehavior [ RunTime:0.000176s ]
INFO: [ template_filter ] --END-- [ RunTime:0.000282s ]
INFO: Run Behavior\ParseTemplateBehavior [ RunTime:0.019470s ]
INFO: [ view_parse ] --END-- [ RunTime:0.019576s ]
INFO: [ view_filter ] --START--
INFO: Run Behavior\WriteHtmlCacheBehavior [ RunTime:0.001456s ]
INFO: [ view_filter ] --END-- [ RunTime:0.001546s ]
INFO: [ app_end ] --START--
INFO: Run Behavior\ShowPageTraceBehavior [ RunTime:0.001291s ]
INFO: [ app_end ] --END-- [ RunTime:0.001429s ]

[ 2017-08-21T01:27:24+08:00 ] ::1 /subject/index.php/Home/Passages/showPassages/8
INFO: [ app_init ] --START--
INFO: Run Behavior\BuildLiteBehavior [ RunTime:0.000020s ]
INFO: [ app_init ] --END-- [ RunTime:0.000774s ]
INFO: [ app_begin ] --START--
INFO: Run Behavior\ReadHtmlCacheBehavior [ RunTime:0.003031s ]
INFO: [ app_begin ] --END-- [ RunTime:0.003200s ]
SQL: SHOW COLUMNS FROM `passages` [ RunTime:0.0005s ]
SQL: SHOW COLUMNS FROM `news` [ RunTime:0.0005s ]
SQL: SHOW COLUMNS FROM `notice` [ RunTime:0.0004s ]
SQL: SELECT * FROM `news` ORDER BY time desc LIMIT 0,3   [ RunTime:0.0003s ]
SQL: SELECT * FROM `notice` ORDER BY time desc LIMIT 0,5   [ RunTime:0.0004s ]
SQL: SELECT * FROM `passages` WHERE `id` = 8 LIMIT 1   [ RunTime:0.0003s ]
SQL: SELECT MAX(id) AS tp_Max FROM `passages` LIMIT 1   [ RunTime:0.0002s ]
SQL: SELECT * FROM `passages` WHERE ( first='项目竞赛' )  [ RunTime:0.0004s ]
INFO: [ view_parse ] --START--
INFO: [ template_filter ] --START--
INFO: Run Behavior\ContentReplaceBehavior [ RunTime:0.000113s ]
INFO: [ template_filter ] --END-- [ RunTime:0.000212s ]
INFO: Run Behavior\ParseTemplateBehavior [ RunTime:0.024361s ]
INFO: [ view_parse ] --END-- [ RunTime:0.024575s ]
INFO: [ view_filter ] --START--
INFO: Run Behavior\WriteHtmlCacheBehavior [ RunTime:0.001630s ]
INFO: [ view_filter ] --END-- [ RunTime:0.001786s ]
INFO: [ app_end ] --START--
INFO: Run Behavior\ShowPageTraceBehavior [ RunTime:0.001864s ]
INFO: [ app_end ] --END-- [ RunTime:0.001969s ]

[ 2017-08-21T01:27:27+08:00 ] ::1 /subject/index.php/Home/Passages/showPassages/9
INFO: [ app_init ] --START--
INFO: Run Behavior\BuildLiteBehavior [ RunTime:0.000024s ]
INFO: [ app_init ] --END-- [ RunTime:0.002235s ]
INFO: [ app_begin ] --START--
INFO: Run Behavior\ReadHtmlCacheBehavior [ RunTime:0.001075s ]
INFO: [ app_begin ] --END-- [ RunTime:0.001169s ]
SQL: SHOW COLUMNS FROM `passages` [ RunTime:0.0007s ]
SQL: SHOW COLUMNS FROM `news` [ RunTime:0.0005s ]
SQL: SHOW COLUMNS FROM `notice` [ RunTime:0.0009s ]
SQL: SELECT * FROM `news` ORDER BY time desc LIMIT 0,3   [ RunTime:0.0007s ]
SQL: SELECT * FROM `notice` ORDER BY time desc LIMIT 0,5   [ RunTime:0.0006s ]
SQL: SELECT * FROM `passages` WHERE `id` = 9 LIMIT 1   [ RunTime:0.0003s ]
SQL: SELECT MAX(id) AS tp_Max FROM `passages` LIMIT 1   [ RunTime:0.0002s ]
SQL: SELECT * FROM `passages` WHERE ( first='项目竞赛' )  [ RunTime:0.0003s ]
INFO: [ view_parse ] --START--
INFO: [ template_filter ] --START--
INFO: Run Behavior\ContentReplaceBehavior [ RunTime:0.000110s ]
INFO: [ template_filter ] --END-- [ RunTime:0.000205s ]
INFO: Run Behavior\ParseTemplateBehavior [ RunTime:0.019350s ]
INFO: [ view_parse ] --END-- [ RunTime:0.019448s ]
INFO: [ view_filter ] --START--
INFO: Run Behavior\WriteHtmlCacheBehavior [ RunTime:0.001036s ]
INFO: [ view_filter ] --END-- [ RunTime:0.001156s ]
INFO: [ app_end ] --START--
INFO: Run Behavior\ShowPageTraceBehavior [ RunTime:0.001409s ]
INFO: [ app_end ] --END-- [ RunTime:0.001509s ]

[ 2017-08-21T01:27:30+08:00 ] ::1 /subject/index.php/Home/Passages/showPassages/10
INFO: [ app_init ] --START--
INFO: Run Behavior\BuildLiteBehavior [ RunTime:0.000020s ]
INFO: [ app_init ] --END-- [ RunTime:0.000903s ]
INFO: [ app_begin ] --START--
INFO: Run Behavior\ReadHtmlCacheBehavior [ RunTime:0.001460s ]
INFO: [ app_begin ] --END-- [ RunTime:0.001553s ]
SQL: SHOW COLUMNS FROM `passages` [ RunTime:0.0034s ]
SQL: SHOW COLUMNS FROM `news` [ RunTime:0.0019s ]
SQL: SHOW COLUMNS FROM `notice` [ RunTime:0.0006s ]
SQL: SELECT * FROM `news` ORDER BY time desc LIMIT 0,3   [ RunTime:0.0004s ]
SQL: SELECT * FROM `notice` ORDER BY time desc LIMIT 0,5   [ RunTime:0.0004s ]
SQL: SELECT * FROM `passages` WHERE `id` = 10 LIMIT 1   [ RunTime:0.0003s ]
SQL: SELECT MAX(id) AS tp_Max FROM `passages` LIMIT 1   [ RunTime:0.0003s ]
SQL: SELECT * FROM `passages` WHERE ( first='人才培养' )  [ RunTime:0.0004s ]
INFO: [ view_parse ] --START--
INFO: [ template_filter ] --START--
INFO: Run Behavior\ContentReplaceBehavior [ RunTime:0.000112s ]
INFO: [ template_filter ] --END-- [ RunTime:0.000256s ]
INFO: Run Behavior\ParseTemplateBehavior [ RunTime:0.027473s ]
INFO: [ view_parse ] --END-- [ RunTime:0.027639s ]
INFO: [ view_filter ] --START--
INFO: Run Behavior\WriteHtmlCacheBehavior [ RunTime:0.001455s ]
INFO: [ view_filter ] --END-- [ RunTime:0.001545s ]
INFO: [ app_end ] --START--
INFO: Run Behavior\ShowPageTraceBehavior [ RunTime:0.001618s ]
INFO: [ app_end ] --END-- [ RunTime:0.001729s ]

[ 2017-08-21T01:27:36+08:00 ] ::1 /subject/index.php/
INFO: [ app_init ] --START--
INFO: Run Behavior\BuildLiteBehavior [ RunTime:0.000029s ]
INFO: [ app_init ] --END-- [ RunTime:0.001165s ]
INFO: [ app_begin ] --START--
INFO: Run Behavior\ReadHtmlCacheBehavior [ RunTime:0.001369s ]
INFO: [ app_begin ] --END-- [ RunTime:0.001471s ]
SQL: SHOW COLUMNS FROM `news` [ RunTime:0.0007s ]
SQL: SHOW COLUMNS FROM `notice` [ RunTime:0.0005s ]
SQL: SHOW COLUMNS FROM `student` [ RunTime:0.0005s ]
SQL: SHOW COLUMNS FROM `picture` [ RunTime:0.0005s ]
SQL: SELECT * FROM `picture` ORDER BY id  [ RunTime:0.0003s ]
SQL: SELECT * FROM `news` ORDER BY time desc LIMIT 3   [ RunTime:0.0003s ]
SQL: SELECT * FROM `notice` ORDER BY time desc LIMIT 5   [ RunTime:0.0003s ]
SQL: SELECT * FROM `student` ORDER BY time desc LIMIT 8   [ RunTime:0.0002s ]
INFO: [ view_parse ] --START--
INFO: [ template_filter ] --START--
INFO: Run Behavior\ContentReplaceBehavior [ RunTime:0.000155s ]
INFO: [ template_filter ] --END-- [ RunTime:0.000257s ]
INFO: Run Behavior\ParseTemplateBehavior [ RunTime:0.022509s ]
INFO: [ view_parse ] --END-- [ RunTime:0.022610s ]
INFO: [ view_filter ] --START--
INFO: Run Behavior\WriteHtmlCacheBehavior [ RunTime:0.001245s ]
INFO: [ view_filter ] --END-- [ RunTime:0.001332s ]
INFO: [ app_end ] --START--
INFO: Run Behavior\ShowPageTraceBehavior [ RunTime:0.001724s ]
INFO: [ app_end ] --END-- [ RunTime:0.001853s ]

