[ 2017-09-23T12:58:38+08:00 ] ::1 /subject/
INFO: [ app_init ] --START--
INFO: Run Behavior\BuildLiteBehavior [ RunTime:0.000027s ]
INFO: [ app_init ] --END-- [ RunTime:0.064653s ]
INFO: [ app_begin ] --START--
INFO: Run Behavior\ReadHtmlCacheBehavior [ RunTime:0.018722s ]
INFO: [ app_begin ] --END-- [ RunTime:0.018828s ]
ERR: SQLSTATE[HY000] [1045] Access denied for user 'root'@'localhost' (using password: YES)

[ 2017-09-23T13:00:37+08:00 ] ::1 /subject/
INFO: [ app_init ] --START--
INFO: Run Behavior\BuildLiteBehavior [ RunTime:0.000031s ]
INFO: [ app_init ] --END-- [ RunTime:0.000872s ]
INFO: [ app_begin ] --START--
INFO: Run Behavior\ReadHtmlCacheBehavior [ RunTime:0.000969s ]
INFO: [ app_begin ] --END-- [ RunTime:0.022164s ]
SQL: SHOW COLUMNS FROM `news` [ RunTime:0.1168s ]
SQL: SHOW COLUMNS FROM `notice` [ RunTime:0.0532s ]
SQL: SHOW COLUMNS FROM `student` [ RunTime:0.0506s ]
SQL: SHOW COLUMNS FROM `picture` [ RunTime:0.0643s ]
SQL: SELECT * FROM `picture` ORDER BY id  [ RunTime:0.0326s ]
SQL: SELECT * FROM `news` ORDER BY istop desc,time desc LIMIT 3   [ RunTime:0.0133s ]
SQL: SELECT * FROM `notice` WHERE ( type='0' ) ORDER BY istop desc,time desc LIMIT 5   [ RunTime:0.0880s ]
SQL: SELECT * FROM `notice` WHERE ( type='1' ) ORDER BY istop desc,time desc LIMIT 5   [ RunTime:0.0010s ]
SQL: SELECT * FROM `student` ORDER BY time desc LIMIT 8   [ RunTime:0.0088s ]
INFO: [ view_parse ] --START--
INFO: [ template_filter ] --START--
INFO: Run Behavior\ContentReplaceBehavior [ RunTime:0.002792s ]
INFO: [ template_filter ] --END-- [ RunTime:0.003015s ]
INFO: Run Behavior\ParseTemplateBehavior [ RunTime:0.192219s ]
INFO: [ view_parse ] --END-- [ RunTime:0.192334s ]
INFO: [ view_filter ] --START--
INFO: Run Behavior\WriteHtmlCacheBehavior [ RunTime:0.017547s ]
INFO: [ view_filter ] --END-- [ RunTime:0.017723s ]
INFO: [ app_end ] --START--
INFO: Run Behavior\ShowPageTraceBehavior [ RunTime:0.017494s ]
INFO: [ app_end ] --END-- [ RunTime:0.017666s ]

[ 2017-09-23T13:00:51+08:00 ] ::1 /subject/
INFO: [ app_init ] --START--
INFO: Run Behavior\BuildLiteBehavior [ RunTime:0.000028s ]
INFO: [ app_init ] --END-- [ RunTime:0.000746s ]
INFO: [ app_begin ] --START--
INFO: Run Behavior\ReadHtmlCacheBehavior [ RunTime:0.000991s ]
INFO: [ app_begin ] --END-- [ RunTime:0.001103s ]
SQL: SHOW COLUMNS FROM `news` [ RunTime:0.0090s ]
SQL: SHOW COLUMNS FROM `notice` [ RunTime:0.0098s ]
SQL: SHOW COLUMNS FROM `student` [ RunTime:0.0087s ]
SQL: SHOW COLUMNS FROM `picture` [ RunTime:0.0088s ]
SQL: SELECT * FROM `picture` ORDER BY id  [ RunTime:0.0010s ]
SQL: SELECT * FROM `news` ORDER BY istop desc,time desc LIMIT 3   [ RunTime:0.0013s ]
SQL: SELECT * FROM `notice` WHERE ( type='0' ) ORDER BY istop desc,time desc LIMIT 5   [ RunTime:0.0012s ]
SQL: SELECT * FROM `notice` WHERE ( type='1' ) ORDER BY istop desc,time desc LIMIT 5   [ RunTime:0.0012s ]
SQL: SELECT * FROM `student` ORDER BY time desc LIMIT 8   [ RunTime:0.0008s ]
INFO: [ view_parse ] --START--
INFO: [ template_filter ] --START--
INFO: Run Behavior\ContentReplaceBehavior [ RunTime:0.000196s ]
INFO: [ template_filter ] --END-- [ RunTime:0.000291s ]
INFO: Run Behavior\ParseTemplateBehavior [ RunTime:0.025611s ]
INFO: [ view_parse ] --END-- [ RunTime:0.025729s ]
INFO: [ view_filter ] --START--
INFO: Run Behavior\WriteHtmlCacheBehavior [ RunTime:0.000746s ]
INFO: [ view_filter ] --END-- [ RunTime:0.000830s ]
INFO: [ app_end ] --START--
INFO: Run Behavior\ShowPageTraceBehavior [ RunTime:0.000945s ]
INFO: [ app_end ] --END-- [ RunTime:0.001036s ]

[ 2017-09-23T23:53:59+08:00 ] ::1 /subject/index.php/
INFO: [ app_init ] --START--
INFO: Run Behavior\BuildLiteBehavior [ RunTime:0.000017s ]
INFO: [ app_init ] --END-- [ RunTime:0.000511s ]
INFO: [ app_begin ] --START--
INFO: Run Behavior\ReadHtmlCacheBehavior [ RunTime:0.001072s ]
INFO: [ app_begin ] --END-- [ RunTime:0.001234s ]
SQL: SHOW COLUMNS FROM `news` [ RunTime:0.0086s ]
SQL: SHOW COLUMNS FROM `notice` [ RunTime:0.0082s ]
SQL: SHOW COLUMNS FROM `student` [ RunTime:0.0082s ]
SQL: SHOW COLUMNS FROM `picture` [ RunTime:0.0087s ]
SQL: SELECT * FROM `picture` ORDER BY id  [ RunTime:0.0012s ]
SQL: SELECT * FROM `news` ORDER BY istop desc,time desc LIMIT 3   [ RunTime:0.0009s ]
SQL: SELECT * FROM `notice` WHERE ( type='0' ) ORDER BY istop desc,time desc LIMIT 5   [ RunTime:0.0010s ]
SQL: SELECT * FROM `notice` WHERE ( type='1' ) ORDER BY istop desc,time desc LIMIT 5   [ RunTime:0.0010s ]
SQL: SELECT * FROM `student` ORDER BY time desc LIMIT 8   [ RunTime:0.0011s ]
INFO: [ view_parse ] --START--
INFO: [ template_filter ] --START--
INFO: Run Behavior\ContentReplaceBehavior [ RunTime:0.000238s ]
INFO: [ template_filter ] --END-- [ RunTime:0.000325s ]
INFO: Run Behavior\ParseTemplateBehavior [ RunTime:0.026424s ]
INFO: [ view_parse ] --END-- [ RunTime:0.026512s ]
INFO: [ view_filter ] --START--
INFO: Run Behavior\WriteHtmlCacheBehavior [ RunTime:0.000618s ]
INFO: [ view_filter ] --END-- [ RunTime:0.000676s ]
INFO: [ app_end ] --START--
INFO: Run Behavior\ShowPageTraceBehavior [ RunTime:0.001074s ]
INFO: [ app_end ] --END-- [ RunTime:0.001168s ]

[ 2017-09-23T23:54:07+08:00 ] ::1 /subject/index.php/Home/Passages/showPassageslist
INFO: [ app_init ] --START--
INFO: Run Behavior\BuildLiteBehavior [ RunTime:0.000030s ]
INFO: [ app_init ] --END-- [ RunTime:0.000945s ]
INFO: [ app_begin ] --START--
INFO: Run Behavior\ReadHtmlCacheBehavior [ RunTime:0.001108s ]
INFO: [ app_begin ] --END-- [ RunTime:0.001238s ]
SQL: SHOW COLUMNS FROM `passages` [ RunTime:0.0191s ]
SQL: SHOW COLUMNS FROM `news` [ RunTime:0.0080s ]
SQL: SHOW COLUMNS FROM `notice` [ RunTime:0.0089s ]
SQL: SELECT * FROM `news` ORDER BY time desc LIMIT 0,3   [ RunTime:0.0010s ]
SQL: SELECT * FROM `notice` WHERE ( type='0' ) ORDER BY istop desc,time desc LIMIT 5   [ RunTime:0.0009s ]
SQL: SELECT * FROM `notice` WHERE ( type='1' ) ORDER BY istop desc,time desc LIMIT 5   [ RunTime:0.0009s ]
SQL: SELECT * FROM `passages` WHERE `id` = 0 LIMIT 1   [ RunTime:0.0007s ]
SQL: SELECT * FROM `passages` WHERE ( first='' )  [ RunTime:0.0013s ]
NOTIC: [8] Undefined variable: second D:\php\subject\Application\Home\Controller\PassagesController.class.php 第 72 行.
INFO: [ view_parse ] --START--
INFO: [ template_filter ] --START--
INFO: Run Behavior\ContentReplaceBehavior [ RunTime:0.000303s ]
INFO: [ template_filter ] --END-- [ RunTime:0.000390s ]
NOTIC: [8] Undefined variable: page D:\php\subject\Application\Runtime\Cache\Home\d188c6e5f73dc6c26e8b5a07facf430f.php 第 659 行.
INFO: Run Behavior\ParseTemplateBehavior [ RunTime:0.067109s ]
INFO: [ view_parse ] --END-- [ RunTime:0.067228s ]
INFO: [ view_filter ] --START--
INFO: Run Behavior\WriteHtmlCacheBehavior [ RunTime:0.000724s ]
INFO: [ view_filter ] --END-- [ RunTime:0.000800s ]
INFO: [ app_end ] --START--
INFO: Run Behavior\ShowPageTraceBehavior [ RunTime:0.001160s ]
INFO: [ app_end ] --END-- [ RunTime:0.001277s ]

[ 2017-09-23T23:55:22+08:00 ] ::1 /subject/index.php/Home/Passages/showPassageslist
INFO: [ app_init ] --START--
INFO: Run Behavior\BuildLiteBehavior [ RunTime:0.000022s ]
INFO: [ app_init ] --END-- [ RunTime:0.000914s ]
INFO: [ app_begin ] --START--
INFO: Run Behavior\ReadHtmlCacheBehavior [ RunTime:0.001196s ]
INFO: [ app_begin ] --END-- [ RunTime:0.001328s ]
SQL: SHOW COLUMNS FROM `passages` [ RunTime:0.0099s ]
SQL: SHOW COLUMNS FROM `news` [ RunTime:0.0075s ]
SQL: SHOW COLUMNS FROM `notice` [ RunTime:0.0074s ]
SQL: SELECT * FROM `news` ORDER BY time desc LIMIT 0,3   [ RunTime:0.0010s ]
SQL: SELECT * FROM `notice` WHERE ( type='0' ) ORDER BY istop desc,time desc LIMIT 5   [ RunTime:0.0010s ]
SQL: SELECT * FROM `notice` WHERE ( type='1' ) ORDER BY istop desc,time desc LIMIT 5   [ RunTime:0.0010s ]
SQL: SELECT * FROM `passages` WHERE `id` = 0 LIMIT 1   [ RunTime:0.0006s ]
SQL: SELECT * FROM `passages` WHERE ( first='' )  [ RunTime:0.0007s ]
NOTIC: [8] Undefined variable: second D:\php\subject\Application\Home\Controller\PassagesController.class.php 第 72 行.
INFO: [ view_parse ] --START--
INFO: [ template_filter ] --START--
INFO: Run Behavior\ContentReplaceBehavior [ RunTime:0.000285s ]
INFO: [ template_filter ] --END-- [ RunTime:0.000388s ]
NOTIC: [8] Undefined variable: vo D:\php\subject\Application\Runtime\Cache\Home\d188c6e5f73dc6c26e8b5a07facf430f.php 第 299 行.
NOTIC: [8] Undefined variable: vo D:\php\subject\Application\Runtime\Cache\Home\d188c6e5f73dc6c26e8b5a07facf430f.php 第 308 行.
NOTIC: [8] Undefined variable: vo D:\php\subject\Application\Runtime\Cache\Home\d188c6e5f73dc6c26e8b5a07facf430f.php 第 317 行.
NOTIC: [8] Undefined variable: vo D:\php\subject\Application\Runtime\Cache\Home\d188c6e5f73dc6c26e8b5a07facf430f.php 第 326 行.
NOTIC: [8] Undefined variable: vo D:\php\subject\Application\Runtime\Cache\Home\d188c6e5f73dc6c26e8b5a07facf430f.php 第 335 行.
NOTIC: [8] Undefined variable: page D:\php\subject\Application\Runtime\Cache\Home\d188c6e5f73dc6c26e8b5a07facf430f.php 第 696 行.
INFO: Run Behavior\ParseTemplateBehavior [ RunTime:0.032739s ]
INFO: [ view_parse ] --END-- [ RunTime:0.032832s ]
INFO: [ view_filter ] --START--
INFO: Run Behavior\WriteHtmlCacheBehavior [ RunTime:0.001001s ]
INFO: [ view_filter ] --END-- [ RunTime:0.001109s ]
INFO: [ app_end ] --START--
INFO: Run Behavior\ShowPageTraceBehavior [ RunTime:0.000962s ]
INFO: [ app_end ] --END-- [ RunTime:0.001083s ]

[ 2017-09-23T23:57:01+08:00 ] ::1 /subject/index.php/Home/Passages/showPassageslist
INFO: [ app_init ] --START--
INFO: Run Behavior\BuildLiteBehavior [ RunTime:0.000022s ]
INFO: [ app_init ] --END-- [ RunTime:0.000835s ]
INFO: [ app_begin ] --START--
INFO: Run Behavior\ReadHtmlCacheBehavior [ RunTime:0.001076s ]
INFO: [ app_begin ] --END-- [ RunTime:0.001215s ]
SQL: SHOW COLUMNS FROM `passages` [ RunTime:0.0067s ]
SQL: SHOW COLUMNS FROM `news` [ RunTime:0.0085s ]
SQL: SHOW COLUMNS FROM `notice` [ RunTime:0.0076s ]
SQL: SELECT * FROM `news` ORDER BY time desc LIMIT 0,3   [ RunTime:0.0011s ]
SQL: SELECT * FROM `notice` WHERE ( type='0' ) ORDER BY istop desc,time desc LIMIT 5   [ RunTime:0.0009s ]
SQL: SELECT * FROM `notice` WHERE ( type='1' ) ORDER BY istop desc,time desc LIMIT 5   [ RunTime:0.0005s ]
SQL: SELECT * FROM `passages` WHERE `id` = 0 LIMIT 1   [ RunTime:0.0004s ]
SQL: SELECT * FROM `passages` WHERE ( first='' )  [ RunTime:0.0007s ]
NOTIC: [8] Undefined variable: second D:\php\subject\Application\Home\Controller\PassagesController.class.php 第 72 行.
INFO: [ view_parse ] --START--
INFO: [ template_filter ] --START--
INFO: Run Behavior\ContentReplaceBehavior [ RunTime:0.000303s ]
INFO: [ template_filter ] --END-- [ RunTime:0.000415s ]
NOTIC: [8] Undefined variable: vo D:\php\subject\Application\Runtime\Cache\Home\d188c6e5f73dc6c26e8b5a07facf430f.php 第 299 行.
NOTIC: [8] Undefined variable: vo D:\php\subject\Application\Runtime\Cache\Home\d188c6e5f73dc6c26e8b5a07facf430f.php 第 308 行.
NOTIC: [8] Undefined variable: vo D:\php\subject\Application\Runtime\Cache\Home\d188c6e5f73dc6c26e8b5a07facf430f.php 第 317 行.
NOTIC: [8] Undefined variable: vo D:\php\subject\Application\Runtime\Cache\Home\d188c6e5f73dc6c26e8b5a07facf430f.php 第 326 行.
NOTIC: [8] Undefined variable: vo D:\php\subject\Application\Runtime\Cache\Home\d188c6e5f73dc6c26e8b5a07facf430f.php 第 335 行.
NOTIC: [8] Undefined variable: page D:\php\subject\Application\Runtime\Cache\Home\d188c6e5f73dc6c26e8b5a07facf430f.php 第 696 行.
INFO: Run Behavior\ParseTemplateBehavior [ RunTime:0.032106s ]
INFO: [ view_parse ] --END-- [ RunTime:0.032182s ]
INFO: [ view_filter ] --START--
INFO: Run Behavior\WriteHtmlCacheBehavior [ RunTime:0.000759s ]
INFO: [ view_filter ] --END-- [ RunTime:0.000835s ]
INFO: [ app_end ] --START--
INFO: Run Behavior\ShowPageTraceBehavior [ RunTime:0.001671s ]
INFO: [ app_end ] --END-- [ RunTime:0.001798s ]

