[ 2017-08-13T02:19:16+08:00 ] ::1 /subject/index.php/
INFO: [ app_init ] --START--
INFO: Run Behavior\BuildLiteBehavior [ RunTime:0.000020s ]
INFO: [ app_init ] --END-- [ RunTime:0.000740s ]
INFO: [ app_begin ] --START--
INFO: Run Behavior\ReadHtmlCacheBehavior [ RunTime:0.000817s ]
INFO: [ app_begin ] --END-- [ RunTime:0.000921s ]
SQL: SHOW COLUMNS FROM `news` [ RunTime:0.0013s ]
SQL: SHOW COLUMNS FROM `notice` [ RunTime:0.0010s ]
SQL: SHOW COLUMNS FROM `student` [ RunTime:0.0006s ]
SQL: SHOW COLUMNS FROM `picture` [ RunTime:0.0006s ]
SQL: SELECT * FROM `picture` ORDER BY id  [ RunTime:0.0005s ]
SQL: SELECT * FROM `news` ORDER BY time desc LIMIT 3   [ RunTime:0.0004s ]
SQL: SELECT * FROM `notice` ORDER BY time desc LIMIT 5   [ RunTime:0.0004s ]
SQL: SELECT * FROM `student` ORDER BY time desc LIMIT 8   [ RunTime:0.0003s ]
INFO: [ view_parse ] --START--
INFO: [ template_filter ] --START--
INFO: Run Behavior\ContentReplaceBehavior [ RunTime:0.000180s ]
INFO: [ template_filter ] --END-- [ RunTime:0.000323s ]
INFO: Run Behavior\ParseTemplateBehavior [ RunTime:0.021970s ]
INFO: [ view_parse ] --END-- [ RunTime:0.022071s ]
INFO: [ view_filter ] --START--
INFO: Run Behavior\WriteHtmlCacheBehavior [ RunTime:0.000733s ]
INFO: [ view_filter ] --END-- [ RunTime:0.000822s ]
INFO: [ app_end ] --START--
INFO: Run Behavior\ShowPageTraceBehavior [ RunTime:0.000964s ]
INFO: [ app_end ] --END-- [ RunTime:0.001068s ]

[ 2017-08-13T02:19:28+08:00 ] ::1 /subject/index.php/Home/Student/showList/p/1
INFO: [ app_init ] --START--
INFO: Run Behavior\BuildLiteBehavior [ RunTime:0.000021s ]
INFO: [ app_init ] --END-- [ RunTime:0.000899s ]
INFO: [ app_begin ] --START--
INFO: Run Behavior\ReadHtmlCacheBehavior [ RunTime:0.001050s ]
INFO: [ app_begin ] --END-- [ RunTime:0.001146s ]
SQL: SHOW COLUMNS FROM `student` [ RunTime:0.0012s ]
SQL: SELECT COUNT(*) AS tp_count FROM `student` LIMIT 1   [ RunTime:0.0004s ]
SQL: SELECT * FROM `student` ORDER BY time desc LIMIT 0,10   [ RunTime:0.0004s ]
SQL: SHOW COLUMNS FROM `notice` [ RunTime:0.0008s ]
SQL: SELECT * FROM `notice` ORDER BY time desc  [ RunTime:0.0005s ]
INFO: [ view_parse ] --START--
INFO: [ template_filter ] --START--
INFO: Run Behavior\ContentReplaceBehavior [ RunTime:0.000222s ]
INFO: [ template_filter ] --END-- [ RunTime:0.000417s ]
INFO: Run Behavior\ParseTemplateBehavior [ RunTime:0.018814s ]
INFO: [ view_parse ] --END-- [ RunTime:0.018970s ]
INFO: [ view_filter ] --START--
INFO: Run Behavior\WriteHtmlCacheBehavior [ RunTime:0.001190s ]
INFO: [ view_filter ] --END-- [ RunTime:0.001286s ]
INFO: [ app_end ] --START--
INFO: Run Behavior\ShowPageTraceBehavior [ RunTime:0.001469s ]
INFO: [ app_end ] --END-- [ RunTime:0.001640s ]

[ 2017-08-13T02:19:31+08:00 ] ::1 /subject/index.php/Home/Passages/showPassages/13
INFO: [ app_init ] --START--
INFO: Run Behavior\BuildLiteBehavior [ RunTime:0.000042s ]
INFO: [ app_init ] --END-- [ RunTime:0.001112s ]
INFO: [ app_begin ] --START--
INFO: Run Behavior\ReadHtmlCacheBehavior [ RunTime:0.000821s ]
INFO: [ app_begin ] --END-- [ RunTime:0.000920s ]
SQL: SHOW COLUMNS FROM `passages` [ RunTime:0.0007s ]
SQL: SHOW COLUMNS FROM `news` [ RunTime:0.0006s ]
SQL: SHOW COLUMNS FROM `notice` [ RunTime:0.0006s ]
SQL: SELECT * FROM `news` ORDER BY time desc LIMIT 0,3   [ RunTime:0.0004s ]
SQL: SELECT * FROM `notice` ORDER BY time desc LIMIT 0,5   [ RunTime:0.0004s ]
SQL: SELECT * FROM `passages` WHERE `id` = 13 LIMIT 1   [ RunTime:0.0005s ]
SQL: SELECT MAX(id) AS tp_Max FROM `passages` LIMIT 1   [ RunTime:0.0003s ]
SQL: SELECT * FROM `passages` WHERE ( first='招生信息' )  [ RunTime:0.0003s ]
INFO: [ view_parse ] --START--
INFO: [ template_filter ] --START--
INFO: Run Behavior\ContentReplaceBehavior [ RunTime:0.000102s ]
INFO: [ template_filter ] --END-- [ RunTime:0.000205s ]
INFO: Run Behavior\ParseTemplateBehavior [ RunTime:0.019364s ]
INFO: [ view_parse ] --END-- [ RunTime:0.019469s ]
INFO: [ view_filter ] --START--
INFO: Run Behavior\WriteHtmlCacheBehavior [ RunTime:0.000703s ]
INFO: [ view_filter ] --END-- [ RunTime:0.000791s ]
INFO: [ app_end ] --START--
INFO: Run Behavior\ShowPageTraceBehavior [ RunTime:0.000991s ]
INFO: [ app_end ] --END-- [ RunTime:0.001087s ]

[ 2017-08-13T02:19:32+08:00 ] ::1 /subject/index.php/Home/Passages/showPassages/14
INFO: [ app_init ] --START--
INFO: Run Behavior\BuildLiteBehavior [ RunTime:0.000027s ]
INFO: [ app_init ] --END-- [ RunTime:0.001014s ]
INFO: [ app_begin ] --START--
INFO: Run Behavior\ReadHtmlCacheBehavior [ RunTime:0.005268s ]
INFO: [ app_begin ] --END-- [ RunTime:0.005836s ]
SQL: SHOW COLUMNS FROM `passages` [ RunTime:0.0008s ]
SQL: SHOW COLUMNS FROM `news` [ RunTime:0.0008s ]
SQL: SHOW COLUMNS FROM `notice` [ RunTime:0.0006s ]
SQL: SELECT * FROM `news` ORDER BY time desc LIMIT 0,3   [ RunTime:0.0036s ]
SQL: SELECT * FROM `notice` ORDER BY time desc LIMIT 0,5   [ RunTime:0.0027s ]
SQL: SELECT * FROM `passages` WHERE `id` = 14 LIMIT 1   [ RunTime:0.0005s ]
SQL: SELECT MAX(id) AS tp_Max FROM `passages` LIMIT 1   [ RunTime:0.0004s ]
SQL: SELECT * FROM `passages` WHERE ( first='招生信息' )  [ RunTime:0.0004s ]
INFO: [ view_parse ] --START--
INFO: [ template_filter ] --START--
INFO: Run Behavior\ContentReplaceBehavior [ RunTime:0.000281s ]
INFO: [ template_filter ] --END-- [ RunTime:0.000683s ]
INFO: Run Behavior\ParseTemplateBehavior [ RunTime:0.039742s ]
INFO: [ view_parse ] --END-- [ RunTime:0.039978s ]
INFO: [ view_filter ] --START--
INFO: Run Behavior\WriteHtmlCacheBehavior [ RunTime:0.003410s ]
INFO: [ view_filter ] --END-- [ RunTime:0.003876s ]
INFO: [ app_end ] --START--
INFO: Run Behavior\ShowPageTraceBehavior [ RunTime:0.002658s ]
INFO: [ app_end ] --END-- [ RunTime:0.003449s ]

[ 2017-08-13T02:19:34+08:00 ] ::1 /subject/index.php/Home/Passages/showPassages/15
INFO: [ app_init ] --START--
INFO: Run Behavior\BuildLiteBehavior [ RunTime:0.000028s ]
INFO: [ app_init ] --END-- [ RunTime:0.000844s ]
INFO: [ app_begin ] --START--
INFO: Run Behavior\ReadHtmlCacheBehavior [ RunTime:0.003740s ]
INFO: [ app_begin ] --END-- [ RunTime:0.003990s ]
SQL: SHOW COLUMNS FROM `passages` [ RunTime:0.0027s ]
SQL: SHOW COLUMNS FROM `news` [ RunTime:0.0011s ]
SQL: SHOW COLUMNS FROM `notice` [ RunTime:0.0005s ]
SQL: SELECT * FROM `news` ORDER BY time desc LIMIT 0,3   [ RunTime:0.0005s ]
SQL: SELECT * FROM `notice` ORDER BY time desc LIMIT 0,5   [ RunTime:0.0004s ]
SQL: SELECT * FROM `passages` WHERE `id` = 15 LIMIT 1   [ RunTime:0.0003s ]
SQL: SELECT MAX(id) AS tp_Max FROM `passages` LIMIT 1   [ RunTime:0.0002s ]
SQL: SELECT * FROM `passages` WHERE ( first='招生信息' )  [ RunTime:0.0003s ]
INFO: [ view_parse ] --START--
INFO: [ template_filter ] --START--
INFO: Run Behavior\ContentReplaceBehavior [ RunTime:0.000125s ]
INFO: [ template_filter ] --END-- [ RunTime:0.000235s ]
INFO: Run Behavior\ParseTemplateBehavior [ RunTime:0.022776s ]
INFO: [ view_parse ] --END-- [ RunTime:0.023154s ]
INFO: [ view_filter ] --START--
INFO: Run Behavior\WriteHtmlCacheBehavior [ RunTime:0.002792s ]
INFO: [ view_filter ] --END-- [ RunTime:0.002986s ]
INFO: [ app_end ] --START--
INFO: Run Behavior\ShowPageTraceBehavior [ RunTime:0.001135s ]
INFO: [ app_end ] --END-- [ RunTime:0.001237s ]

[ 2017-08-13T02:19:44+08:00 ] ::1 /subject/index.php/Home/Notice/showList/p/1
INFO: [ app_init ] --START--
INFO: Run Behavior\BuildLiteBehavior [ RunTime:0.000021s ]
INFO: [ app_init ] --END-- [ RunTime:0.000940s ]
INFO: [ app_begin ] --START--
INFO: Run Behavior\ReadHtmlCacheBehavior [ RunTime:0.001306s ]
INFO: [ app_begin ] --END-- [ RunTime:0.001624s ]
SQL: SHOW COLUMNS FROM `notice` [ RunTime:0.0008s ]
SQL: SELECT COUNT(*) AS tp_count FROM `notice` LIMIT 1   [ RunTime:0.0003s ]
SQL: SELECT * FROM `notice` ORDER BY time desc LIMIT 0,10   [ RunTime:0.0004s ]
INFO: [ view_parse ] --START--
INFO: [ template_filter ] --START--
INFO: Run Behavior\ContentReplaceBehavior [ RunTime:0.000096s ]
INFO: [ template_filter ] --END-- [ RunTime:0.000198s ]
INFO: Run Behavior\ParseTemplateBehavior [ RunTime:0.016755s ]
INFO: [ view_parse ] --END-- [ RunTime:0.016870s ]
INFO: [ view_filter ] --START--
INFO: Run Behavior\WriteHtmlCacheBehavior [ RunTime:0.001705s ]
INFO: [ view_filter ] --END-- [ RunTime:0.001793s ]
INFO: [ app_end ] --START--
INFO: Run Behavior\ShowPageTraceBehavior [ RunTime:0.001976s ]
INFO: [ app_end ] --END-- [ RunTime:0.002114s ]

[ 2017-08-13T02:19:50+08:00 ] ::1 /subject/index.php/Home/Passages/showPassages/1
INFO: [ app_init ] --START--
INFO: Run Behavior\BuildLiteBehavior [ RunTime:0.000020s ]
INFO: [ app_init ] --END-- [ RunTime:0.000830s ]
INFO: [ app_begin ] --START--
INFO: Run Behavior\ReadHtmlCacheBehavior [ RunTime:0.000716s ]
INFO: [ app_begin ] --END-- [ RunTime:0.000809s ]
SQL: SHOW COLUMNS FROM `passages` [ RunTime:0.0013s ]
SQL: SHOW COLUMNS FROM `news` [ RunTime:0.0006s ]
SQL: SHOW COLUMNS FROM `notice` [ RunTime:0.0006s ]
SQL: SELECT * FROM `news` ORDER BY time desc LIMIT 0,3   [ RunTime:0.0004s ]
SQL: SELECT * FROM `notice` ORDER BY time desc LIMIT 0,5   [ RunTime:0.0003s ]
SQL: SELECT * FROM `passages` WHERE `id` = 1 LIMIT 1   [ RunTime:0.0003s ]
SQL: SELECT MAX(id) AS tp_Max FROM `passages` LIMIT 1   [ RunTime:0.0002s ]
SQL: SELECT * FROM `passages` WHERE ( first='学科介绍' )  [ RunTime:0.0003s ]
INFO: [ view_parse ] --START--
INFO: [ template_filter ] --START--
INFO: Run Behavior\ContentReplaceBehavior [ RunTime:0.000169s ]
INFO: [ template_filter ] --END-- [ RunTime:0.000294s ]
INFO: Run Behavior\ParseTemplateBehavior [ RunTime:0.020001s ]
INFO: [ view_parse ] --END-- [ RunTime:0.020100s ]
INFO: [ view_filter ] --START--
INFO: Run Behavior\WriteHtmlCacheBehavior [ RunTime:0.000717s ]
INFO: [ view_filter ] --END-- [ RunTime:0.000802s ]
INFO: [ app_end ] --START--
INFO: Run Behavior\ShowPageTraceBehavior [ RunTime:0.001327s ]
INFO: [ app_end ] --END-- [ RunTime:0.001523s ]

[ 2017-08-13T02:19:56+08:00 ] ::1 /subject/index.php/Home/News/showNews/1
INFO: [ app_init ] --START--
INFO: Run Behavior\BuildLiteBehavior [ RunTime:0.000021s ]
INFO: [ app_init ] --END-- [ RunTime:0.000862s ]
INFO: [ app_begin ] --START--
INFO: Run Behavior\ReadHtmlCacheBehavior [ RunTime:0.001273s ]
INFO: [ app_begin ] --END-- [ RunTime:0.001442s ]
SQL: SHOW COLUMNS FROM `notice` [ RunTime:0.0009s ]
SQL: SHOW COLUMNS FROM `news` [ RunTime:0.0007s ]
SQL: SELECT * FROM `news` WHERE `id` = 1 LIMIT 1   [ RunTime:0.0005s ]
SQL: SELECT MAX(id) AS tp_Max FROM `news` LIMIT 1   [ RunTime:0.0002s ]
SQL: SELECT * FROM `notice` ORDER BY time desc LIMIT 5   [ RunTime:0.0004s ]
SQL: SELECT * FROM `news` ORDER BY time desc LIMIT 3   [ RunTime:0.0003s ]
INFO: [ view_parse ] --START--
INFO: [ template_filter ] --START--
INFO: Run Behavior\ContentReplaceBehavior [ RunTime:0.000099s ]
INFO: [ template_filter ] --END-- [ RunTime:0.000199s ]
INFO: Run Behavior\ParseTemplateBehavior [ RunTime:0.018325s ]
INFO: [ view_parse ] --END-- [ RunTime:0.018429s ]
INFO: [ view_filter ] --START--
INFO: Run Behavior\WriteHtmlCacheBehavior [ RunTime:0.000717s ]
INFO: [ view_filter ] --END-- [ RunTime:0.000801s ]
INFO: [ app_end ] --START--
INFO: Run Behavior\ShowPageTraceBehavior [ RunTime:0.001367s ]
INFO: [ app_end ] --END-- [ RunTime:0.001532s ]

[ 2017-08-13T02:20:06+08:00 ] ::1 /subject/index.php/Home/News/showList/p/1
INFO: [ app_init ] --START--
INFO: Run Behavior\BuildLiteBehavior [ RunTime:0.000023s ]
INFO: [ app_init ] --END-- [ RunTime:0.001266s ]
INFO: [ app_begin ] --START--
INFO: Run Behavior\ReadHtmlCacheBehavior [ RunTime:0.000817s ]
INFO: [ app_begin ] --END-- [ RunTime:0.000918s ]
SQL: SHOW COLUMNS FROM `news` [ RunTime:0.0007s ]
SQL: SELECT COUNT(*) AS tp_count FROM `news` LIMIT 1   [ RunTime:0.0002s ]
SQL: SELECT * FROM `news` ORDER BY time desc LIMIT 0,10   [ RunTime:0.0003s ]
SQL: SHOW COLUMNS FROM `notice` [ RunTime:0.0006s ]
SQL: SELECT * FROM `notice` ORDER BY time desc  [ RunTime:0.0004s ]
INFO: [ view_parse ] --START--
INFO: [ template_filter ] --START--
INFO: Run Behavior\ContentReplaceBehavior [ RunTime:0.000098s ]
INFO: [ template_filter ] --END-- [ RunTime:0.000202s ]
INFO: Run Behavior\ParseTemplateBehavior [ RunTime:0.016758s ]
INFO: [ view_parse ] --END-- [ RunTime:0.016852s ]
INFO: [ view_filter ] --START--
INFO: Run Behavior\WriteHtmlCacheBehavior [ RunTime:0.000695s ]
INFO: [ view_filter ] --END-- [ RunTime:0.000844s ]
INFO: [ app_end ] --START--
INFO: Run Behavior\ShowPageTraceBehavior [ RunTime:0.001068s ]
INFO: [ app_end ] --END-- [ RunTime:0.001164s ]

[ 2017-08-13T02:20:11+08:00 ] ::1 /subject/index.php/
INFO: [ app_init ] --START--
INFO: Run Behavior\BuildLiteBehavior [ RunTime:0.000020s ]
INFO: [ app_init ] --END-- [ RunTime:0.000773s ]
INFO: [ app_begin ] --START--
INFO: Run Behavior\ReadHtmlCacheBehavior [ RunTime:0.001559s ]
INFO: [ app_begin ] --END-- [ RunTime:0.001722s ]
SQL: SHOW COLUMNS FROM `news` [ RunTime:0.0011s ]
SQL: SHOW COLUMNS FROM `notice` [ RunTime:0.0008s ]
SQL: SHOW COLUMNS FROM `student` [ RunTime:0.0007s ]
SQL: SHOW COLUMNS FROM `picture` [ RunTime:0.0006s ]
SQL: SELECT * FROM `picture` ORDER BY id  [ RunTime:0.0003s ]
SQL: SELECT * FROM `news` ORDER BY time desc LIMIT 3   [ RunTime:0.0016s ]
SQL: SELECT * FROM `notice` ORDER BY time desc LIMIT 5   [ RunTime:0.0007s ]
SQL: SELECT * FROM `student` ORDER BY time desc LIMIT 8   [ RunTime:0.0021s ]
INFO: [ view_parse ] --START--
INFO: [ template_filter ] --START--
INFO: Run Behavior\ContentReplaceBehavior [ RunTime:0.000119s ]
INFO: [ template_filter ] --END-- [ RunTime:0.000226s ]
INFO: Run Behavior\ParseTemplateBehavior [ RunTime:0.026178s ]
INFO: [ view_parse ] --END-- [ RunTime:0.026283s ]
INFO: [ view_filter ] --START--
INFO: Run Behavior\WriteHtmlCacheBehavior [ RunTime:0.000846s ]
INFO: [ view_filter ] --END-- [ RunTime:0.000932s ]
INFO: [ app_end ] --START--
INFO: Run Behavior\ShowPageTraceBehavior [ RunTime:0.000939s ]
INFO: [ app_end ] --END-- [ RunTime:0.001057s ]

[ 2017-08-13T02:20:19+08:00 ] ::1 /subject/index.php/Home/Student/showStudent/4
INFO: [ app_init ] --START--
INFO: Run Behavior\BuildLiteBehavior [ RunTime:0.000021s ]
INFO: [ app_init ] --END-- [ RunTime:0.000746s ]
INFO: [ app_begin ] --START--
INFO: Run Behavior\ReadHtmlCacheBehavior [ RunTime:0.001332s ]
INFO: [ app_begin ] --END-- [ RunTime:0.001454s ]
SQL: SHOW COLUMNS FROM `notice` [ RunTime:0.0018s ]
SQL: SHOW COLUMNS FROM `news` [ RunTime:0.0012s ]
SQL: SHOW COLUMNS FROM `student` [ RunTime:0.0008s ]
SQL: SELECT * FROM `student` WHERE `id` = 4 LIMIT 1   [ RunTime:0.0003s ]
SQL: SELECT MAX(id) AS tp_Max FROM `student` LIMIT 1   [ RunTime:0.0002s ]
SQL: SELECT * FROM `notice` ORDER BY time desc LIMIT 0,5   [ RunTime:0.0004s ]
SQL: SELECT * FROM `news` ORDER BY time desc LIMIT 0,3   [ RunTime:0.0003s ]
INFO: [ view_parse ] --START--
INFO: [ template_filter ] --START--
INFO: Run Behavior\ContentReplaceBehavior [ RunTime:0.000108s ]
INFO: [ template_filter ] --END-- [ RunTime:0.000249s ]
INFO: Run Behavior\ParseTemplateBehavior [ RunTime:0.018883s ]
INFO: [ view_parse ] --END-- [ RunTime:0.018982s ]
INFO: [ view_filter ] --START--
INFO: Run Behavior\WriteHtmlCacheBehavior [ RunTime:0.000704s ]
INFO: [ view_filter ] --END-- [ RunTime:0.000791s ]
INFO: [ app_end ] --START--
INFO: Run Behavior\ShowPageTraceBehavior [ RunTime:0.000931s ]
INFO: [ app_end ] --END-- [ RunTime:0.001062s ]

[ 2017-08-13T02:20:24+08:00 ] ::1 /subject/index.php/Home/Student/showList/p/1
INFO: [ app_init ] --START--
INFO: Run Behavior\BuildLiteBehavior [ RunTime:0.000043s ]
INFO: [ app_init ] --END-- [ RunTime:0.000979s ]
INFO: [ app_begin ] --START--
INFO: Run Behavior\ReadHtmlCacheBehavior [ RunTime:0.001133s ]
INFO: [ app_begin ] --END-- [ RunTime:0.001246s ]
SQL: SHOW COLUMNS FROM `student` [ RunTime:0.0008s ]
SQL: SELECT COUNT(*) AS tp_count FROM `student` LIMIT 1   [ RunTime:0.0003s ]
SQL: SELECT * FROM `student` ORDER BY time desc LIMIT 0,10   [ RunTime:0.0006s ]
SQL: SHOW COLUMNS FROM `notice` [ RunTime:0.0012s ]
SQL: SELECT * FROM `notice` ORDER BY time desc  [ RunTime:0.0004s ]
INFO: [ view_parse ] --START--
INFO: [ template_filter ] --START--
INFO: Run Behavior\ContentReplaceBehavior [ RunTime:0.000097s ]
INFO: [ template_filter ] --END-- [ RunTime:0.000202s ]
INFO: Run Behavior\ParseTemplateBehavior [ RunTime:0.018539s ]
INFO: [ view_parse ] --END-- [ RunTime:0.018635s ]
INFO: [ view_filter ] --START--
INFO: Run Behavior\WriteHtmlCacheBehavior [ RunTime:0.000689s ]
INFO: [ view_filter ] --END-- [ RunTime:0.000776s ]
INFO: [ app_end ] --START--
INFO: Run Behavior\ShowPageTraceBehavior [ RunTime:0.000896s ]
INFO: [ app_end ] --END-- [ RunTime:0.001014s ]

