[ 2017-10-08T02:37:36+08:00 ] ::1 /subject/index.php
INFO: [ app_init ] --START--
INFO: Run Behavior\BuildLiteBehavior [ RunTime:0.000081s ]
INFO: [ app_init ] --END-- [ RunTime:0.001684s ]
INFO: [ app_begin ] --START--
INFO: Run Behavior\ReadHtmlCacheBehavior [ RunTime:0.001084s ]
INFO: [ app_begin ] --END-- [ RunTime:0.001232s ]
SQL: SHOW COLUMNS FROM `news` [ RunTime:0.0110s ]
SQL: SHOW COLUMNS FROM `notice` [ RunTime:0.0052s ]
SQL: SHOW COLUMNS FROM `student` [ RunTime:0.0043s ]
SQL: SHOW COLUMNS FROM `picture` [ RunTime:0.0020s ]
SQL: SELECT * FROM `picture` ORDER BY id  [ RunTime:0.0004s ]
SQL: SELECT * FROM `news` ORDER BY istop desc,time desc LIMIT 9   [ RunTime:0.0005s ]
SQL: SELECT * FROM `notice` WHERE ( type='0' ) ORDER BY istop desc,time desc LIMIT 5   [ RunTime:0.0004s ]
SQL: SELECT * FROM `notice` WHERE ( type='1' ) ORDER BY istop desc,time desc LIMIT 5   [ RunTime:0.0003s ]
SQL: SELECT * FROM `student` ORDER BY time desc LIMIT 8   [ RunTime:0.0003s ]
INFO: [ view_parse ] --START--
INFO: [ template_filter ] --START--
INFO: Run Behavior\ContentReplaceBehavior [ RunTime:0.000187s ]
INFO: [ template_filter ] --END-- [ RunTime:0.000328s ]
NOTIC: [8] Undefined variable: vo E:\wamp64\www\subject\Application\Runtime\Cache\Home\2a94b8bda04ff446dcedd42276fc99ee.php 第 276 行.
NOTIC: [8] Undefined variable: vo E:\wamp64\www\subject\Application\Runtime\Cache\Home\2a94b8bda04ff446dcedd42276fc99ee.php 第 277 行.
NOTIC: [8] Undefined variable: vo E:\wamp64\www\subject\Application\Runtime\Cache\Home\2a94b8bda04ff446dcedd42276fc99ee.php 第 279 行.
NOTIC: [8] Undefined variable: vo E:\wamp64\www\subject\Application\Runtime\Cache\Home\2a94b8bda04ff446dcedd42276fc99ee.php 第 285 行.
NOTIC: [8] Undefined variable: vo E:\wamp64\www\subject\Application\Runtime\Cache\Home\2a94b8bda04ff446dcedd42276fc99ee.php 第 286 行.
NOTIC: [8] Undefined variable: vo E:\wamp64\www\subject\Application\Runtime\Cache\Home\2a94b8bda04ff446dcedd42276fc99ee.php 第 288 行.
NOTIC: [8] Undefined variable: vo E:\wamp64\www\subject\Application\Runtime\Cache\Home\2a94b8bda04ff446dcedd42276fc99ee.php 第 294 行.
NOTIC: [8] Undefined variable: vo E:\wamp64\www\subject\Application\Runtime\Cache\Home\2a94b8bda04ff446dcedd42276fc99ee.php 第 295 行.
NOTIC: [8] Undefined variable: vo E:\wamp64\www\subject\Application\Runtime\Cache\Home\2a94b8bda04ff446dcedd42276fc99ee.php 第 297 行.
NOTIC: [8] Undefined variable: vo E:\wamp64\www\subject\Application\Runtime\Cache\Home\2a94b8bda04ff446dcedd42276fc99ee.php 第 329 行.
NOTIC: [8] Undefined variable: vo E:\wamp64\www\subject\Application\Runtime\Cache\Home\2a94b8bda04ff446dcedd42276fc99ee.php 第 330 行.
NOTIC: [8] Undefined variable: vo E:\wamp64\www\subject\Application\Runtime\Cache\Home\2a94b8bda04ff446dcedd42276fc99ee.php 第 332 行.
NOTIC: [8] Undefined variable: vo E:\wamp64\www\subject\Application\Runtime\Cache\Home\2a94b8bda04ff446dcedd42276fc99ee.php 第 338 行.
NOTIC: [8] Undefined variable: vo E:\wamp64\www\subject\Application\Runtime\Cache\Home\2a94b8bda04ff446dcedd42276fc99ee.php 第 339 行.
NOTIC: [8] Undefined variable: vo E:\wamp64\www\subject\Application\Runtime\Cache\Home\2a94b8bda04ff446dcedd42276fc99ee.php 第 341 行.
NOTIC: [8] Undefined variable: vo E:\wamp64\www\subject\Application\Runtime\Cache\Home\2a94b8bda04ff446dcedd42276fc99ee.php 第 347 行.
NOTIC: [8] Undefined variable: vo E:\wamp64\www\subject\Application\Runtime\Cache\Home\2a94b8bda04ff446dcedd42276fc99ee.php 第 348 行.
NOTIC: [8] Undefined variable: vo E:\wamp64\www\subject\Application\Runtime\Cache\Home\2a94b8bda04ff446dcedd42276fc99ee.php 第 350 行.
NOTIC: [8] Undefined variable: vo E:\wamp64\www\subject\Application\Runtime\Cache\Home\2a94b8bda04ff446dcedd42276fc99ee.php 第 382 行.
NOTIC: [8] Undefined variable: vo E:\wamp64\www\subject\Application\Runtime\Cache\Home\2a94b8bda04ff446dcedd42276fc99ee.php 第 383 行.
NOTIC: [8] Undefined variable: vo E:\wamp64\www\subject\Application\Runtime\Cache\Home\2a94b8bda04ff446dcedd42276fc99ee.php 第 385 行.
NOTIC: [8] Undefined variable: vo E:\wamp64\www\subject\Application\Runtime\Cache\Home\2a94b8bda04ff446dcedd42276fc99ee.php 第 391 行.
NOTIC: [8] Undefined variable: vo E:\wamp64\www\subject\Application\Runtime\Cache\Home\2a94b8bda04ff446dcedd42276fc99ee.php 第 392 行.
NOTIC: [8] Undefined variable: vo E:\wamp64\www\subject\Application\Runtime\Cache\Home\2a94b8bda04ff446dcedd42276fc99ee.php 第 394 行.
NOTIC: [8] Undefined variable: vo E:\wamp64\www\subject\Application\Runtime\Cache\Home\2a94b8bda04ff446dcedd42276fc99ee.php 第 400 行.
NOTIC: [8] Undefined variable: vo E:\wamp64\www\subject\Application\Runtime\Cache\Home\2a94b8bda04ff446dcedd42276fc99ee.php 第 401 行.
NOTIC: [8] Undefined variable: vo E:\wamp64\www\subject\Application\Runtime\Cache\Home\2a94b8bda04ff446dcedd42276fc99ee.php 第 403 行.
INFO: Run Behavior\ParseTemplateBehavior [ RunTime:0.031330s ]
INFO: [ view_parse ] --END-- [ RunTime:0.031490s ]
INFO: [ view_filter ] --START--
INFO: Run Behavior\WriteHtmlCacheBehavior [ RunTime:0.000899s ]
INFO: [ view_filter ] --END-- [ RunTime:0.001051s ]
INFO: [ app_end ] --START--
INFO: Run Behavior\ShowPageTraceBehavior [ RunTime:0.000954s ]
INFO: [ app_end ] --END-- [ RunTime:0.001074s ]

