[ 2017-10-12T15:34:16+08:00 ] ::1 /subject/
INFO: [ app_init ] --START--
INFO: Run Behavior\BuildLiteBehavior [ RunTime:0.000027s ]
INFO: [ app_init ] --END-- [ RunTime:0.023429s ]
INFO: [ app_begin ] --START--
INFO: Run Behavior\ReadHtmlCacheBehavior [ RunTime:0.013026s ]
INFO: [ app_begin ] --END-- [ RunTime:0.013172s ]
SQL: SHOW COLUMNS FROM `news` [ RunTime:0.0506s ]
SQL: SHOW COLUMNS FROM `notice` [ RunTime:0.0519s ]
SQL: SHOW COLUMNS FROM `student` [ RunTime:0.0517s ]
SQL: SHOW COLUMNS FROM `picture` [ RunTime:0.0398s ]
SQL: SELECT * FROM `picture` ORDER BY id  [ RunTime:0.0009s ]
SQL: SELECT * FROM `news` ORDER BY istop desc,time desc LIMIT 9   [ RunTime:0.0146s ]
SQL: SELECT * FROM `notice` WHERE ( type='0' ) ORDER BY istop desc,time desc LIMIT 5   [ RunTime:0.0108s ]
SQL: SELECT * FROM `notice` WHERE ( type='1' ) ORDER BY istop desc,time desc LIMIT 5   [ RunTime:0.0008s ]
SQL: SELECT * FROM `student` ORDER BY time desc LIMIT 8   [ RunTime:0.0094s ]
INFO: [ view_parse ] --START--
INFO: [ template_filter ] --START--
INFO: Run Behavior\ContentReplaceBehavior [ RunTime:0.038039s ]
INFO: [ template_filter ] --END-- [ RunTime:0.038151s ]
NOTIC: [8] Undefined variable: vo D:\php\subject\Application\Runtime\Cache\Home\2a94b8bda04ff446dcedd42276fc99ee.php 第 276 行.
NOTIC: [8] Undefined variable: vo D:\php\subject\Application\Runtime\Cache\Home\2a94b8bda04ff446dcedd42276fc99ee.php 第 277 行.
NOTIC: [8] Undefined variable: vo D:\php\subject\Application\Runtime\Cache\Home\2a94b8bda04ff446dcedd42276fc99ee.php 第 279 行.
NOTIC: [8] Undefined variable: vo D:\php\subject\Application\Runtime\Cache\Home\2a94b8bda04ff446dcedd42276fc99ee.php 第 285 行.
NOTIC: [8] Undefined variable: vo D:\php\subject\Application\Runtime\Cache\Home\2a94b8bda04ff446dcedd42276fc99ee.php 第 286 行.
NOTIC: [8] Undefined variable: vo D:\php\subject\Application\Runtime\Cache\Home\2a94b8bda04ff446dcedd42276fc99ee.php 第 288 行.
NOTIC: [8] Undefined variable: vo D:\php\subject\Application\Runtime\Cache\Home\2a94b8bda04ff446dcedd42276fc99ee.php 第 294 行.
NOTIC: [8] Undefined variable: vo D:\php\subject\Application\Runtime\Cache\Home\2a94b8bda04ff446dcedd42276fc99ee.php 第 295 行.
NOTIC: [8] Undefined variable: vo D:\php\subject\Application\Runtime\Cache\Home\2a94b8bda04ff446dcedd42276fc99ee.php 第 297 行.
NOTIC: [8] Undefined variable: vo D:\php\subject\Application\Runtime\Cache\Home\2a94b8bda04ff446dcedd42276fc99ee.php 第 329 行.
NOTIC: [8] Undefined variable: vo D:\php\subject\Application\Runtime\Cache\Home\2a94b8bda04ff446dcedd42276fc99ee.php 第 330 行.
NOTIC: [8] Undefined variable: vo D:\php\subject\Application\Runtime\Cache\Home\2a94b8bda04ff446dcedd42276fc99ee.php 第 332 行.
NOTIC: [8] Undefined variable: vo D:\php\subject\Application\Runtime\Cache\Home\2a94b8bda04ff446dcedd42276fc99ee.php 第 338 行.
NOTIC: [8] Undefined variable: vo D:\php\subject\Application\Runtime\Cache\Home\2a94b8bda04ff446dcedd42276fc99ee.php 第 339 行.
NOTIC: [8] Undefined variable: vo D:\php\subject\Application\Runtime\Cache\Home\2a94b8bda04ff446dcedd42276fc99ee.php 第 341 行.
NOTIC: [8] Undefined variable: vo D:\php\subject\Application\Runtime\Cache\Home\2a94b8bda04ff446dcedd42276fc99ee.php 第 347 行.
NOTIC: [8] Undefined variable: vo D:\php\subject\Application\Runtime\Cache\Home\2a94b8bda04ff446dcedd42276fc99ee.php 第 348 行.
NOTIC: [8] Undefined variable: vo D:\php\subject\Application\Runtime\Cache\Home\2a94b8bda04ff446dcedd42276fc99ee.php 第 350 行.
NOTIC: [8] Undefined variable: vo D:\php\subject\Application\Runtime\Cache\Home\2a94b8bda04ff446dcedd42276fc99ee.php 第 382 行.
NOTIC: [8] Undefined variable: vo D:\php\subject\Application\Runtime\Cache\Home\2a94b8bda04ff446dcedd42276fc99ee.php 第 383 行.
NOTIC: [8] Undefined variable: vo D:\php\subject\Application\Runtime\Cache\Home\2a94b8bda04ff446dcedd42276fc99ee.php 第 385 行.
NOTIC: [8] Undefined variable: vo D:\php\subject\Application\Runtime\Cache\Home\2a94b8bda04ff446dcedd42276fc99ee.php 第 391 行.
NOTIC: [8] Undefined variable: vo D:\php\subject\Application\Runtime\Cache\Home\2a94b8bda04ff446dcedd42276fc99ee.php 第 392 行.
NOTIC: [8] Undefined variable: vo D:\php\subject\Application\Runtime\Cache\Home\2a94b8bda04ff446dcedd42276fc99ee.php 第 394 行.
NOTIC: [8] Undefined variable: vo D:\php\subject\Application\Runtime\Cache\Home\2a94b8bda04ff446dcedd42276fc99ee.php 第 400 行.
NOTIC: [8] Undefined variable: vo D:\php\subject\Application\Runtime\Cache\Home\2a94b8bda04ff446dcedd42276fc99ee.php 第 401 行.
NOTIC: [8] Undefined variable: vo D:\php\subject\Application\Runtime\Cache\Home\2a94b8bda04ff446dcedd42276fc99ee.php 第 403 行.
INFO: Run Behavior\ParseTemplateBehavior [ RunTime:0.177504s ]
INFO: [ view_parse ] --END-- [ RunTime:0.177662s ]
INFO: [ view_filter ] --START--
INFO: Run Behavior\WriteHtmlCacheBehavior [ RunTime:0.012859s ]
INFO: [ view_filter ] --END-- [ RunTime:0.012959s ]
INFO: [ app_end ] --START--
INFO: Run Behavior\ShowPageTraceBehavior [ RunTime:0.034684s ]
INFO: [ app_end ] --END-- [ RunTime:0.034827s ]

[ 2017-10-12T15:40:13+08:00 ] ::1 /subject/index.php/Home/Passages/time
INFO: [ app_init ] --START--
INFO: Run Behavior\BuildLiteBehavior [ RunTime:0.000037s ]
INFO: [ app_init ] --END-- [ RunTime:0.001011s ]
INFO: [ app_begin ] --START--
INFO: Run Behavior\ReadHtmlCacheBehavior [ RunTime:0.001542s ]
INFO: [ app_begin ] --END-- [ RunTime:0.001655s ]
SQL: SHOW COLUMNS FROM `time` [ RunTime:0.0808s ]
SQL: SELECT * FROM `time` ORDER BY year desc,month desc  [ RunTime:0.0012s ]
INFO: [ view_parse ] --START--
INFO: [ template_filter ] --START--
INFO: Run Behavior\ContentReplaceBehavior [ RunTime:0.000195s ]
INFO: [ template_filter ] --END-- [ RunTime:0.000313s ]
INFO: Run Behavior\ParseTemplateBehavior [ RunTime:0.025309s ]
INFO: [ view_parse ] --END-- [ RunTime:0.025445s ]
INFO: [ view_filter ] --START--
INFO: Run Behavior\WriteHtmlCacheBehavior [ RunTime:0.001170s ]
INFO: [ view_filter ] --END-- [ RunTime:0.001274s ]
INFO: [ app_end ] --START--
INFO: Run Behavior\ShowPageTraceBehavior [ RunTime:0.001521s ]
INFO: [ app_end ] --END-- [ RunTime:0.001633s ]

[ 2017-10-12T15:41:06+08:00 ] ::1 /subject/index.php/Home/Passages/time
INFO: [ app_init ] --START--
INFO: Run Behavior\BuildLiteBehavior [ RunTime:0.000019s ]
INFO: [ app_init ] --END-- [ RunTime:0.000928s ]
INFO: [ app_begin ] --START--
INFO: Run Behavior\ReadHtmlCacheBehavior [ RunTime:0.001280s ]
INFO: [ app_begin ] --END-- [ RunTime:0.001377s ]
SQL: SHOW COLUMNS FROM `time` [ RunTime:0.0103s ]
SQL: SELECT * FROM `time` ORDER BY year desc,month desc  [ RunTime:0.0009s ]
INFO: [ view_parse ] --START--
INFO: [ template_filter ] --START--
INFO: Run Behavior\ContentReplaceBehavior [ RunTime:0.000215s ]
INFO: [ template_filter ] --END-- [ RunTime:0.000326s ]
INFO: Run Behavior\ParseTemplateBehavior [ RunTime:0.023760s ]
INFO: [ view_parse ] --END-- [ RunTime:0.023881s ]
INFO: [ view_filter ] --START--
INFO: Run Behavior\WriteHtmlCacheBehavior [ RunTime:0.000753s ]
INFO: [ view_filter ] --END-- [ RunTime:0.000831s ]
INFO: [ app_end ] --START--
INFO: Run Behavior\ShowPageTraceBehavior [ RunTime:0.001236s ]
INFO: [ app_end ] --END-- [ RunTime:0.001358s ]

[ 2017-10-12T15:41:32+08:00 ] ::1 /subject/index.php/Home/Passages/time
INFO: [ app_init ] --START--
INFO: Run Behavior\BuildLiteBehavior [ RunTime:0.000032s ]
INFO: [ app_init ] --END-- [ RunTime:0.001059s ]
INFO: [ app_begin ] --START--
INFO: Run Behavior\ReadHtmlCacheBehavior [ RunTime:0.001223s ]
INFO: [ app_begin ] --END-- [ RunTime:0.001339s ]
SQL: SHOW COLUMNS FROM `time` [ RunTime:0.0148s ]
SQL: SELECT * FROM `time` ORDER BY year desc,month desc  [ RunTime:0.0015s ]
INFO: [ view_parse ] --START--
INFO: [ template_filter ] --START--
INFO: Run Behavior\ContentReplaceBehavior [ RunTime:0.000231s ]
INFO: [ template_filter ] --END-- [ RunTime:0.000309s ]
INFO: Run Behavior\ParseTemplateBehavior [ RunTime:0.030902s ]
INFO: [ view_parse ] --END-- [ RunTime:0.031064s ]
INFO: [ view_filter ] --START--
INFO: Run Behavior\WriteHtmlCacheBehavior [ RunTime:0.001039s ]
INFO: [ view_filter ] --END-- [ RunTime:0.001121s ]
INFO: [ app_end ] --START--
INFO: Run Behavior\ShowPageTraceBehavior [ RunTime:0.002021s ]
INFO: [ app_end ] --END-- [ RunTime:0.002148s ]

[ 2017-10-12T15:41:38+08:00 ] ::1 /subject/index.php/Home/Passages/time
INFO: [ app_init ] --START--
INFO: Run Behavior\BuildLiteBehavior [ RunTime:0.000029s ]
INFO: [ app_init ] --END-- [ RunTime:0.000991s ]
INFO: [ app_begin ] --START--
INFO: Run Behavior\ReadHtmlCacheBehavior [ RunTime:0.001312s ]
INFO: [ app_begin ] --END-- [ RunTime:0.001426s ]
SQL: SHOW COLUMNS FROM `time` [ RunTime:0.0094s ]
SQL: SELECT * FROM `time` ORDER BY year desc,month desc  [ RunTime:0.0008s ]
INFO: [ view_parse ] --START--
INFO: [ template_filter ] --START--
INFO: Run Behavior\ContentReplaceBehavior [ RunTime:0.000219s ]
INFO: [ template_filter ] --END-- [ RunTime:0.000304s ]
INFO: Run Behavior\ParseTemplateBehavior [ RunTime:0.024795s ]
INFO: [ view_parse ] --END-- [ RunTime:0.024903s ]
INFO: [ view_filter ] --START--
INFO: Run Behavior\WriteHtmlCacheBehavior [ RunTime:0.000732s ]
INFO: [ view_filter ] --END-- [ RunTime:0.000809s ]
INFO: [ app_end ] --START--
INFO: Run Behavior\ShowPageTraceBehavior [ RunTime:0.001265s ]
INFO: [ app_end ] --END-- [ RunTime:0.001386s ]

[ 2017-10-12T15:47:52+08:00 ] ::1 /subject/index.php/Home/Passages/time
INFO: [ app_init ] --START--
INFO: Run Behavior\BuildLiteBehavior [ RunTime:0.000026s ]
INFO: [ app_init ] --END-- [ RunTime:0.001036s ]
INFO: [ app_begin ] --START--
INFO: Run Behavior\ReadHtmlCacheBehavior [ RunTime:0.001459s ]
INFO: [ app_begin ] --END-- [ RunTime:0.001582s ]
SQL: SHOW COLUMNS FROM `time` [ RunTime:0.0621s ]
SQL: SELECT * FROM `time` ORDER BY year desc,month desc  [ RunTime:0.0011s ]
INFO: [ view_parse ] --START--
INFO: [ template_filter ] --START--
INFO: Run Behavior\ContentReplaceBehavior [ RunTime:0.000234s ]
INFO: [ template_filter ] --END-- [ RunTime:0.000388s ]
INFO: Run Behavior\ParseTemplateBehavior [ RunTime:0.024842s ]
INFO: [ view_parse ] --END-- [ RunTime:0.024938s ]
INFO: [ view_filter ] --START--
INFO: Run Behavior\WriteHtmlCacheBehavior [ RunTime:0.000933s ]
INFO: [ view_filter ] --END-- [ RunTime:0.001023s ]
INFO: [ app_end ] --START--
INFO: Run Behavior\ShowPageTraceBehavior [ RunTime:0.001506s ]
INFO: [ app_end ] --END-- [ RunTime:0.001659s ]

[ 2017-10-12T15:47:56+08:00 ] ::1 /subject/index.php/Home/Passages/time
INFO: [ app_init ] --START--
INFO: Run Behavior\BuildLiteBehavior [ RunTime:0.000023s ]
INFO: [ app_init ] --END-- [ RunTime:0.000766s ]
INFO: [ app_begin ] --START--
INFO: Run Behavior\ReadHtmlCacheBehavior [ RunTime:0.000950s ]
INFO: [ app_begin ] --END-- [ RunTime:0.001060s ]
SQL: SHOW COLUMNS FROM `time` [ RunTime:0.0146s ]
SQL: SELECT * FROM `time` ORDER BY year desc,month desc  [ RunTime:0.0013s ]
INFO: [ view_parse ] --START--
INFO: [ template_filter ] --START--
INFO: Run Behavior\ContentReplaceBehavior [ RunTime:0.000201s ]
INFO: [ template_filter ] --END-- [ RunTime:0.000300s ]
INFO: Run Behavior\ParseTemplateBehavior [ RunTime:0.025107s ]
INFO: [ view_parse ] --END-- [ RunTime:0.025271s ]
INFO: [ view_filter ] --START--
INFO: Run Behavior\WriteHtmlCacheBehavior [ RunTime:0.001161s ]
INFO: [ view_filter ] --END-- [ RunTime:0.001344s ]
INFO: [ app_end ] --START--
INFO: Run Behavior\ShowPageTraceBehavior [ RunTime:0.001597s ]
INFO: [ app_end ] --END-- [ RunTime:0.001860s ]

[ 2017-10-12T15:50:06+08:00 ] ::1 /subject/index.php/Home/Passages/showTime/1
INFO: [ app_init ] --START--
INFO: Run Behavior\BuildLiteBehavior [ RunTime:0.000030s ]
INFO: [ app_init ] --END-- [ RunTime:0.001075s ]
INFO: [ app_begin ] --START--
INFO: Run Behavior\ReadHtmlCacheBehavior [ RunTime:0.001395s ]
INFO: [ app_begin ] --END-- [ RunTime:0.001526s ]
INFO: [ app_end ] --START--
INFO: Run Behavior\ShowPageTraceBehavior [ RunTime:0.001466s ]
INFO: [ app_end ] --END-- [ RunTime:0.001595s ]

[ 2017-10-12T15:50:11+08:00 ] ::1 /subject/index.php/Home/Passages/showTime/3
INFO: [ app_init ] --START--
INFO: Run Behavior\BuildLiteBehavior [ RunTime:0.000031s ]
INFO: [ app_init ] --END-- [ RunTime:0.001045s ]
INFO: [ app_begin ] --START--
INFO: Run Behavior\ReadHtmlCacheBehavior [ RunTime:0.001190s ]
INFO: [ app_begin ] --END-- [ RunTime:0.001314s ]
INFO: [ app_end ] --START--
INFO: Run Behavior\ShowPageTraceBehavior [ RunTime:0.001309s ]
INFO: [ app_end ] --END-- [ RunTime:0.001430s ]

[ 2017-10-12T15:51:27+08:00 ] ::1 /subject/index.php/Home/Passages/showTime/1
INFO: [ app_init ] --START--
INFO: Run Behavior\BuildLiteBehavior [ RunTime:0.000030s ]
INFO: [ app_init ] --END-- [ RunTime:0.001040s ]
INFO: [ app_begin ] --START--
INFO: Run Behavior\ReadHtmlCacheBehavior [ RunTime:0.001612s ]
INFO: [ app_begin ] --END-- [ RunTime:0.001743s ]
SQL: SHOW COLUMNS FROM `time` [ RunTime:0.0097s ]
SQL: SELECT * FROM `time` WHERE `id` = 1 LIMIT 1   [ RunTime:0.0549s ]
INFO: [ app_end ] --START--
INFO: Run Behavior\ShowPageTraceBehavior [ RunTime:0.001291s ]
INFO: [ app_end ] --END-- [ RunTime:0.001408s ]

[ 2017-10-12T15:55:57+08:00 ] ::1 /subject/index.php/Home/Passages/showPassages/14
INFO: [ app_init ] --START--
INFO: Run Behavior\BuildLiteBehavior [ RunTime:0.000031s ]
INFO: [ app_init ] --END-- [ RunTime:0.001160s ]
INFO: [ app_begin ] --START--
INFO: Run Behavior\ReadHtmlCacheBehavior [ RunTime:0.001409s ]
INFO: [ app_begin ] --END-- [ RunTime:0.001533s ]
SQL: SHOW COLUMNS FROM `passages` [ RunTime:0.0129s ]
SQL: SHOW COLUMNS FROM `news` [ RunTime:0.0127s ]
SQL: SHOW COLUMNS FROM `notice` [ RunTime:0.0131s ]
SQL: SELECT * FROM `news` ORDER BY time desc LIMIT 0,3   [ RunTime:0.0012s ]
SQL: SELECT * FROM `notice` WHERE ( type='0' ) ORDER BY istop desc,time desc LIMIT 5   [ RunTime:0.0011s ]
SQL: SELECT * FROM `notice` WHERE ( type='1' ) ORDER BY istop desc,time desc LIMIT 5   [ RunTime:0.0011s ]
SQL: SELECT * FROM `passages` WHERE `id` = 14 LIMIT 1   [ RunTime:0.0008s ]
SQL: SELECT MAX(id) AS tp_Max FROM `passages` LIMIT 1   [ RunTime:0.0712s ]
SQL: SELECT * FROM `passages` WHERE ( first='资源环境' )  [ RunTime:0.0009s ]
INFO: [ view_parse ] --START--
INFO: [ template_filter ] --START--
INFO: Run Behavior\ContentReplaceBehavior [ RunTime:0.000334s ]
INFO: [ template_filter ] --END-- [ RunTime:0.000611s ]
INFO: Run Behavior\ParseTemplateBehavior [ RunTime:0.028275s ]
INFO: [ view_parse ] --END-- [ RunTime:0.028428s ]
INFO: [ view_filter ] --START--
INFO: Run Behavior\WriteHtmlCacheBehavior [ RunTime:0.001186s ]
INFO: [ view_filter ] --END-- [ RunTime:0.001291s ]
INFO: [ app_end ] --START--
INFO: Run Behavior\ShowPageTraceBehavior [ RunTime:0.001717s ]
INFO: [ app_end ] --END-- [ RunTime:0.001854s ]

[ 2017-10-12T15:56:00+08:00 ] ::1 /subject/index.php/
INFO: [ app_init ] --START--
INFO: Run Behavior\BuildLiteBehavior [ RunTime:0.000031s ]
INFO: [ app_init ] --END-- [ RunTime:0.001699s ]
INFO: [ app_begin ] --START--
INFO: Run Behavior\ReadHtmlCacheBehavior [ RunTime:0.001192s ]
INFO: [ app_begin ] --END-- [ RunTime:0.001360s ]
SQL: SHOW COLUMNS FROM `news` [ RunTime:0.0110s ]
SQL: SHOW COLUMNS FROM `notice` [ RunTime:0.0110s ]
SQL: SHOW COLUMNS FROM `student` [ RunTime:0.0104s ]
SQL: SHOW COLUMNS FROM `picture` [ RunTime:0.0104s ]
SQL: SELECT * FROM `picture` ORDER BY id  [ RunTime:0.0012s ]
SQL: SELECT * FROM `news` ORDER BY istop desc,time desc LIMIT 9   [ RunTime:0.0012s ]
SQL: SELECT * FROM `notice` WHERE ( type='0' ) ORDER BY istop desc,time desc LIMIT 5   [ RunTime:0.0012s ]
SQL: SELECT * FROM `notice` WHERE ( type='1' ) ORDER BY istop desc,time desc LIMIT 5   [ RunTime:0.0010s ]
SQL: SELECT * FROM `student` ORDER BY time desc LIMIT 8   [ RunTime:0.0011s ]
INFO: [ view_parse ] --START--
INFO: [ template_filter ] --START--
INFO: Run Behavior\ContentReplaceBehavior [ RunTime:0.000224s ]
INFO: [ template_filter ] --END-- [ RunTime:0.000323s ]
NOTIC: [8] Undefined variable: vo D:\php\subject\Application\Runtime\Cache\Home\2a94b8bda04ff446dcedd42276fc99ee.php 第 276 行.
NOTIC: [8] Undefined variable: vo D:\php\subject\Application\Runtime\Cache\Home\2a94b8bda04ff446dcedd42276fc99ee.php 第 277 行.
NOTIC: [8] Undefined variable: vo D:\php\subject\Application\Runtime\Cache\Home\2a94b8bda04ff446dcedd42276fc99ee.php 第 279 行.
NOTIC: [8] Undefined variable: vo D:\php\subject\Application\Runtime\Cache\Home\2a94b8bda04ff446dcedd42276fc99ee.php 第 285 行.
NOTIC: [8] Undefined variable: vo D:\php\subject\Application\Runtime\Cache\Home\2a94b8bda04ff446dcedd42276fc99ee.php 第 286 行.
NOTIC: [8] Undefined variable: vo D:\php\subject\Application\Runtime\Cache\Home\2a94b8bda04ff446dcedd42276fc99ee.php 第 288 行.
NOTIC: [8] Undefined variable: vo D:\php\subject\Application\Runtime\Cache\Home\2a94b8bda04ff446dcedd42276fc99ee.php 第 294 行.
NOTIC: [8] Undefined variable: vo D:\php\subject\Application\Runtime\Cache\Home\2a94b8bda04ff446dcedd42276fc99ee.php 第 295 行.
NOTIC: [8] Undefined variable: vo D:\php\subject\Application\Runtime\Cache\Home\2a94b8bda04ff446dcedd42276fc99ee.php 第 297 行.
NOTIC: [8] Undefined variable: vo D:\php\subject\Application\Runtime\Cache\Home\2a94b8bda04ff446dcedd42276fc99ee.php 第 329 行.
NOTIC: [8] Undefined variable: vo D:\php\subject\Application\Runtime\Cache\Home\2a94b8bda04ff446dcedd42276fc99ee.php 第 330 行.
NOTIC: [8] Undefined variable: vo D:\php\subject\Application\Runtime\Cache\Home\2a94b8bda04ff446dcedd42276fc99ee.php 第 332 行.
NOTIC: [8] Undefined variable: vo D:\php\subject\Application\Runtime\Cache\Home\2a94b8bda04ff446dcedd42276fc99ee.php 第 338 行.
NOTIC: [8] Undefined variable: vo D:\php\subject\Application\Runtime\Cache\Home\2a94b8bda04ff446dcedd42276fc99ee.php 第 339 行.
NOTIC: [8] Undefined variable: vo D:\php\subject\Application\Runtime\Cache\Home\2a94b8bda04ff446dcedd42276fc99ee.php 第 341 行.
NOTIC: [8] Undefined variable: vo D:\php\subject\Application\Runtime\Cache\Home\2a94b8bda04ff446dcedd42276fc99ee.php 第 347 行.
NOTIC: [8] Undefined variable: vo D:\php\subject\Application\Runtime\Cache\Home\2a94b8bda04ff446dcedd42276fc99ee.php 第 348 行.
NOTIC: [8] Undefined variable: vo D:\php\subject\Application\Runtime\Cache\Home\2a94b8bda04ff446dcedd42276fc99ee.php 第 350 行.
NOTIC: [8] Undefined variable: vo D:\php\subject\Application\Runtime\Cache\Home\2a94b8bda04ff446dcedd42276fc99ee.php 第 382 行.
NOTIC: [8] Undefined variable: vo D:\php\subject\Application\Runtime\Cache\Home\2a94b8bda04ff446dcedd42276fc99ee.php 第 383 行.
NOTIC: [8] Undefined variable: vo D:\php\subject\Application\Runtime\Cache\Home\2a94b8bda04ff446dcedd42276fc99ee.php 第 385 行.
NOTIC: [8] Undefined variable: vo D:\php\subject\Application\Runtime\Cache\Home\2a94b8bda04ff446dcedd42276fc99ee.php 第 391 行.
NOTIC: [8] Undefined variable: vo D:\php\subject\Application\Runtime\Cache\Home\2a94b8bda04ff446dcedd42276fc99ee.php 第 392 行.
NOTIC: [8] Undefined variable: vo D:\php\subject\Application\Runtime\Cache\Home\2a94b8bda04ff446dcedd42276fc99ee.php 第 394 行.
NOTIC: [8] Undefined variable: vo D:\php\subject\Application\Runtime\Cache\Home\2a94b8bda04ff446dcedd42276fc99ee.php 第 400 行.
NOTIC: [8] Undefined variable: vo D:\php\subject\Application\Runtime\Cache\Home\2a94b8bda04ff446dcedd42276fc99ee.php 第 401 行.
NOTIC: [8] Undefined variable: vo D:\php\subject\Application\Runtime\Cache\Home\2a94b8bda04ff446dcedd42276fc99ee.php 第 403 行.
INFO: Run Behavior\ParseTemplateBehavior [ RunTime:0.033168s ]
INFO: [ view_parse ] --END-- [ RunTime:0.033263s ]
INFO: [ view_filter ] --START--
INFO: Run Behavior\WriteHtmlCacheBehavior [ RunTime:0.001072s ]
INFO: [ view_filter ] --END-- [ RunTime:0.001173s ]
INFO: [ app_end ] --START--
INFO: Run Behavior\ShowPageTraceBehavior [ RunTime:0.001406s ]
INFO: [ app_end ] --END-- [ RunTime:0.001527s ]

[ 2017-10-12T15:57:18+08:00 ] ::1 /subject/index.php/Home/Passages/showPassages/9
INFO: [ app_init ] --START--
INFO: Run Behavior\BuildLiteBehavior [ RunTime:0.000069s ]
INFO: [ app_init ] --END-- [ RunTime:0.001492s ]
INFO: [ app_begin ] --START--
INFO: Run Behavior\ReadHtmlCacheBehavior [ RunTime:0.002155s ]
INFO: [ app_begin ] --END-- [ RunTime:0.002348s ]
SQL: SHOW COLUMNS FROM `passages` [ RunTime:0.0106s ]
SQL: SHOW COLUMNS FROM `news` [ RunTime:0.0106s ]
SQL: SHOW COLUMNS FROM `notice` [ RunTime:0.0113s ]
SQL: SELECT * FROM `news` ORDER BY time desc LIMIT 0,3   [ RunTime:0.0010s ]
SQL: SELECT * FROM `notice` WHERE ( type='0' ) ORDER BY istop desc,time desc LIMIT 5   [ RunTime:0.0011s ]
SQL: SELECT * FROM `notice` WHERE ( type='1' ) ORDER BY istop desc,time desc LIMIT 5   [ RunTime:0.0009s ]
SQL: SELECT * FROM `passages` WHERE `id` = 9 LIMIT 1   [ RunTime:0.0006s ]
SQL: SELECT MAX(id) AS tp_Max FROM `passages` LIMIT 1   [ RunTime:0.0007s ]
SQL: SELECT * FROM `passages` WHERE ( first='人才培养' )  [ RunTime:0.0008s ]
INFO: [ view_parse ] --START--
INFO: [ template_filter ] --START--
INFO: Run Behavior\ContentReplaceBehavior [ RunTime:0.000249s ]
INFO: [ template_filter ] --END-- [ RunTime:0.000454s ]
INFO: Run Behavior\ParseTemplateBehavior [ RunTime:0.026180s ]
INFO: [ view_parse ] --END-- [ RunTime:0.026293s ]
INFO: [ view_filter ] --START--
INFO: Run Behavior\WriteHtmlCacheBehavior [ RunTime:0.001099s ]
INFO: [ view_filter ] --END-- [ RunTime:0.001191s ]
INFO: [ app_end ] --START--
INFO: Run Behavior\ShowPageTraceBehavior [ RunTime:0.001275s ]
INFO: [ app_end ] --END-- [ RunTime:0.001404s ]

[ 2017-10-12T15:58:57+08:00 ] ::1 /subject/index.php/Home/Passages/time
INFO: [ app_init ] --START--
INFO: Run Behavior\BuildLiteBehavior [ RunTime:0.000030s ]
INFO: [ app_init ] --END-- [ RunTime:0.001372s ]
INFO: [ app_begin ] --START--
INFO: Run Behavior\ReadHtmlCacheBehavior [ RunTime:0.001466s ]
INFO: [ app_begin ] --END-- [ RunTime:0.001594s ]
SQL: SHOW COLUMNS FROM `time` [ RunTime:0.0113s ]
SQL: SELECT * FROM `time` ORDER BY year desc,month desc  [ RunTime:0.0012s ]
INFO: [ view_parse ] --START--
INFO: [ template_filter ] --START--
INFO: Run Behavior\ContentReplaceBehavior [ RunTime:0.000266s ]
INFO: [ template_filter ] --END-- [ RunTime:0.000364s ]
INFO: Run Behavior\ParseTemplateBehavior [ RunTime:0.025213s ]
INFO: [ view_parse ] --END-- [ RunTime:0.025363s ]
INFO: [ view_filter ] --START--
INFO: Run Behavior\WriteHtmlCacheBehavior [ RunTime:0.001123s ]
INFO: [ view_filter ] --END-- [ RunTime:0.001219s ]
INFO: [ app_end ] --START--
INFO: Run Behavior\ShowPageTraceBehavior [ RunTime:0.001527s ]
INFO: [ app_end ] --END-- [ RunTime:0.001680s ]

[ 2017-10-12T15:59:00+08:00 ] ::1 /subject/index.php/Home/Passages/showTime/1
INFO: [ app_init ] --START--
INFO: Run Behavior\BuildLiteBehavior [ RunTime:0.000023s ]
INFO: [ app_init ] --END-- [ RunTime:0.000724s ]
INFO: [ app_begin ] --START--
INFO: Run Behavior\ReadHtmlCacheBehavior [ RunTime:0.001209s ]
INFO: [ app_begin ] --END-- [ RunTime:0.001335s ]
SQL: SHOW COLUMNS FROM `news` [ RunTime:0.0126s ]
SQL: SHOW COLUMNS FROM `time` [ RunTime:0.0111s ]
SQL: SELECT * FROM `news` ORDER BY time desc LIMIT 0,3   [ RunTime:0.0011s ]
SQL: SELECT * FROM `time` WHERE `id` = 1 LIMIT 1   [ RunTime:0.0008s ]
INFO: [ view_parse ] --START--
INFO: [ template_filter ] --START--
INFO: Run Behavior\ContentReplaceBehavior [ RunTime:0.000226s ]
INFO: [ template_filter ] --END-- [ RunTime:0.000335s ]
NOTIC: [8] Undefined index: pre D:\php\subject\Application\Runtime\Cache\Home\5f5787ba497c89894678c7affd5049c8.php 第 363 行.
NOTIC: [8] Undefined index: next D:\php\subject\Application\Runtime\Cache\Home\5f5787ba497c89894678c7affd5049c8.php 第 367 行.
INFO: Run Behavior\ParseTemplateBehavior [ RunTime:0.025721s ]
INFO: [ view_parse ] --END-- [ RunTime:0.025850s ]
INFO: [ view_filter ] --START--
INFO: Run Behavior\WriteHtmlCacheBehavior [ RunTime:0.001006s ]
INFO: [ view_filter ] --END-- [ RunTime:0.001104s ]
INFO: [ app_end ] --START--
INFO: Run Behavior\ShowPageTraceBehavior [ RunTime:0.001399s ]
INFO: [ app_end ] --END-- [ RunTime:0.001529s ]

[ 2017-10-12T15:59:18+08:00 ] ::1 /subject/index.php/Home/News/showNews/5
INFO: [ app_init ] --START--
INFO: Run Behavior\BuildLiteBehavior [ RunTime:0.000028s ]
INFO: [ app_init ] --END-- [ RunTime:0.001089s ]
INFO: [ app_begin ] --START--
INFO: Run Behavior\ReadHtmlCacheBehavior [ RunTime:0.000970s ]
INFO: [ app_begin ] --END-- [ RunTime:0.001081s ]
SQL: SHOW COLUMNS FROM `notice` [ RunTime:0.0127s ]
SQL: SHOW COLUMNS FROM `news` [ RunTime:0.0206s ]
SQL: SELECT * FROM `news` WHERE `id` = 5 LIMIT 1   [ RunTime:0.0010s ]
SQL: SELECT MAX(id) AS tp_Max FROM `news` LIMIT 1   [ RunTime:0.0007s ]
SQL: SELECT * FROM `notice` WHERE ( type='0' ) ORDER BY istop desc,time desc LIMIT 5   [ RunTime:0.0013s ]
SQL: SELECT * FROM `notice` WHERE ( type='1' ) ORDER BY istop desc,time desc LIMIT 5   [ RunTime:0.0010s ]
SQL: SELECT * FROM `news` ORDER BY time desc LIMIT 3   [ RunTime:0.0010s ]
INFO: [ view_parse ] --START--
INFO: [ template_filter ] --START--
INFO: Run Behavior\ContentReplaceBehavior [ RunTime:0.000192s ]
INFO: [ template_filter ] --END-- [ RunTime:0.000286s ]
INFO: Run Behavior\ParseTemplateBehavior [ RunTime:0.035438s ]
INFO: [ view_parse ] --END-- [ RunTime:0.035585s ]
INFO: [ view_filter ] --START--
INFO: Run Behavior\WriteHtmlCacheBehavior [ RunTime:0.001070s ]
INFO: [ view_filter ] --END-- [ RunTime:0.001189s ]
INFO: [ app_end ] --START--
INFO: Run Behavior\ShowPageTraceBehavior [ RunTime:0.002417s ]
INFO: [ app_end ] --END-- [ RunTime:0.002547s ]

[ 2017-10-12T15:59:25+08:00 ] ::1 /subject/index.php/Home/Passages/time
INFO: [ app_init ] --START--
INFO: Run Behavior\BuildLiteBehavior [ RunTime:0.000030s ]
INFO: [ app_init ] --END-- [ RunTime:0.001138s ]
INFO: [ app_begin ] --START--
INFO: Run Behavior\ReadHtmlCacheBehavior [ RunTime:0.001338s ]
INFO: [ app_begin ] --END-- [ RunTime:0.001452s ]
SQL: SHOW COLUMNS FROM `time` [ RunTime:0.0158s ]
SQL: SELECT * FROM `time` ORDER BY year desc,month desc  [ RunTime:0.0010s ]
INFO: [ view_parse ] --START--
INFO: [ template_filter ] --START--
INFO: Run Behavior\ContentReplaceBehavior [ RunTime:0.000201s ]
INFO: [ template_filter ] --END-- [ RunTime:0.000309s ]
INFO: Run Behavior\ParseTemplateBehavior [ RunTime:0.024191s ]
INFO: [ view_parse ] --END-- [ RunTime:0.024350s ]
INFO: [ view_filter ] --START--
INFO: Run Behavior\WriteHtmlCacheBehavior [ RunTime:0.000820s ]
INFO: [ view_filter ] --END-- [ RunTime:0.000914s ]
INFO: [ app_end ] --START--
INFO: Run Behavior\ShowPageTraceBehavior [ RunTime:0.001165s ]
INFO: [ app_end ] --END-- [ RunTime:0.001291s ]

[ 2017-10-12T15:59:28+08:00 ] ::1 /subject/index.php/Home/Passages/showTime/3
INFO: [ app_init ] --START--
INFO: Run Behavior\BuildLiteBehavior [ RunTime:0.000027s ]
INFO: [ app_init ] --END-- [ RunTime:0.001166s ]
INFO: [ app_begin ] --START--
INFO: Run Behavior\ReadHtmlCacheBehavior [ RunTime:0.001459s ]
INFO: [ app_begin ] --END-- [ RunTime:0.001611s ]
SQL: SHOW COLUMNS FROM `news` [ RunTime:0.0104s ]
SQL: SHOW COLUMNS FROM `time` [ RunTime:0.0117s ]
SQL: SELECT * FROM `news` ORDER BY time desc LIMIT 0,3   [ RunTime:0.0011s ]
SQL: SELECT * FROM `time` WHERE `id` = 3 LIMIT 1   [ RunTime:0.0010s ]
INFO: [ view_parse ] --START--
INFO: [ template_filter ] --START--
INFO: Run Behavior\ContentReplaceBehavior [ RunTime:0.000291s ]
INFO: [ template_filter ] --END-- [ RunTime:0.000397s ]
NOTIC: [8] Undefined index: pre D:\php\subject\Application\Runtime\Cache\Home\5f5787ba497c89894678c7affd5049c8.php 第 363 行.
NOTIC: [8] Undefined index: next D:\php\subject\Application\Runtime\Cache\Home\5f5787ba497c89894678c7affd5049c8.php 第 367 行.
INFO: Run Behavior\ParseTemplateBehavior [ RunTime:0.024702s ]
INFO: [ view_parse ] --END-- [ RunTime:0.024824s ]
INFO: [ view_filter ] --START--
INFO: Run Behavior\WriteHtmlCacheBehavior [ RunTime:0.000990s ]
INFO: [ view_filter ] --END-- [ RunTime:0.001104s ]
INFO: [ app_end ] --START--
INFO: Run Behavior\ShowPageTraceBehavior [ RunTime:0.001463s ]
INFO: [ app_end ] --END-- [ RunTime:0.001601s ]

[ 2017-10-12T15:59:35+08:00 ] ::1 /subject/index.php/Home/Passages/showTime/4
INFO: [ app_init ] --START--
INFO: Run Behavior\BuildLiteBehavior [ RunTime:0.000028s ]
INFO: [ app_init ] --END-- [ RunTime:0.001188s ]
INFO: [ app_begin ] --START--
INFO: Run Behavior\ReadHtmlCacheBehavior [ RunTime:0.001354s ]
INFO: [ app_begin ] --END-- [ RunTime:0.001463s ]
SQL: SHOW COLUMNS FROM `news` [ RunTime:0.0153s ]
SQL: SHOW COLUMNS FROM `time` [ RunTime:0.0125s ]
SQL: SELECT * FROM `news` ORDER BY time desc LIMIT 0,3   [ RunTime:0.0013s ]
SQL: SELECT * FROM `time` WHERE `id` = 4 LIMIT 1   [ RunTime:0.0009s ]
INFO: [ view_parse ] --START--
INFO: [ template_filter ] --START--
INFO: Run Behavior\ContentReplaceBehavior [ RunTime:0.000245s ]
INFO: [ template_filter ] --END-- [ RunTime:0.000373s ]
NOTIC: [8] Undefined index: pre D:\php\subject\Application\Runtime\Cache\Home\5f5787ba497c89894678c7affd5049c8.php 第 363 行.
NOTIC: [8] Undefined index: next D:\php\subject\Application\Runtime\Cache\Home\5f5787ba497c89894678c7affd5049c8.php 第 367 行.
INFO: Run Behavior\ParseTemplateBehavior [ RunTime:0.027448s ]
INFO: [ view_parse ] --END-- [ RunTime:0.027605s ]
INFO: [ view_filter ] --START--
INFO: Run Behavior\WriteHtmlCacheBehavior [ RunTime:0.001010s ]
INFO: [ view_filter ] --END-- [ RunTime:0.001094s ]
INFO: [ app_end ] --START--
INFO: Run Behavior\ShowPageTraceBehavior [ RunTime:0.001777s ]
INFO: [ app_end ] --END-- [ RunTime:0.001902s ]

[ 2017-10-12T15:59:41+08:00 ] ::1 /subject/index.php/Home/Passages/showTime/2
INFO: [ app_init ] --START--
INFO: Run Behavior\BuildLiteBehavior [ RunTime:0.000029s ]
INFO: [ app_init ] --END-- [ RunTime:0.000979s ]
INFO: [ app_begin ] --START--
INFO: Run Behavior\ReadHtmlCacheBehavior [ RunTime:0.001305s ]
INFO: [ app_begin ] --END-- [ RunTime:0.001435s ]
SQL: SHOW COLUMNS FROM `news` [ RunTime:0.0110s ]
SQL: SHOW COLUMNS FROM `time` [ RunTime:0.0110s ]
SQL: SELECT * FROM `news` ORDER BY time desc LIMIT 0,3   [ RunTime:0.0011s ]
SQL: SELECT * FROM `time` WHERE `id` = 2 LIMIT 1   [ RunTime:0.0008s ]
INFO: [ view_parse ] --START--
INFO: [ template_filter ] --START--
INFO: Run Behavior\ContentReplaceBehavior [ RunTime:0.000211s ]
INFO: [ template_filter ] --END-- [ RunTime:0.000325s ]
NOTIC: [8] Undefined index: pre D:\php\subject\Application\Runtime\Cache\Home\5f5787ba497c89894678c7affd5049c8.php 第 363 行.
NOTIC: [8] Undefined index: next D:\php\subject\Application\Runtime\Cache\Home\5f5787ba497c89894678c7affd5049c8.php 第 367 行.
INFO: Run Behavior\ParseTemplateBehavior [ RunTime:0.024442s ]
INFO: [ view_parse ] --END-- [ RunTime:0.024570s ]
INFO: [ view_filter ] --START--
INFO: Run Behavior\WriteHtmlCacheBehavior [ RunTime:0.000751s ]
INFO: [ view_filter ] --END-- [ RunTime:0.000844s ]
INFO: [ app_end ] --START--
INFO: Run Behavior\ShowPageTraceBehavior [ RunTime:0.001703s ]
INFO: [ app_end ] --END-- [ RunTime:0.001846s ]

[ 2017-10-12T16:03:04+08:00 ] ::1 /subject/index.php/Home/Passages/showPassages/2
INFO: [ app_init ] --START--
INFO: Run Behavior\BuildLiteBehavior [ RunTime:0.000026s ]
INFO: [ app_init ] --END-- [ RunTime:0.001018s ]
INFO: [ app_begin ] --START--
INFO: Run Behavior\ReadHtmlCacheBehavior [ RunTime:0.001729s ]
INFO: [ app_begin ] --END-- [ RunTime:0.001851s ]
SQL: SHOW COLUMNS FROM `passages` [ RunTime:0.0103s ]
SQL: SHOW COLUMNS FROM `news` [ RunTime:0.0107s ]
SQL: SELECT * FROM `news` ORDER BY time desc LIMIT 0,3   [ RunTime:0.0012s ]
SQL: SELECT * FROM `passages` WHERE `id` = 2 LIMIT 1   [ RunTime:0.0009s ]
SQL: SELECT MAX(id) AS tp_Max FROM `passages` LIMIT 1   [ RunTime:0.0010s ]
SQL: SELECT * FROM `passages` WHERE ( first='学术研究' )  [ RunTime:0.0011s ]
INFO: [ view_parse ] --START--
INFO: [ template_filter ] --START--
INFO: Run Behavior\ContentReplaceBehavior [ RunTime:0.000213s ]
INFO: [ template_filter ] --END-- [ RunTime:0.000366s ]
INFO: Run Behavior\ParseTemplateBehavior [ RunTime:0.027150s ]
INFO: [ view_parse ] --END-- [ RunTime:0.027310s ]
INFO: [ view_filter ] --START--
INFO: Run Behavior\WriteHtmlCacheBehavior [ RunTime:0.001183s ]
INFO: [ view_filter ] --END-- [ RunTime:0.001336s ]
INFO: [ app_end ] --START--
INFO: Run Behavior\ShowPageTraceBehavior [ RunTime:0.001321s ]
INFO: [ app_end ] --END-- [ RunTime:0.001438s ]

[ 2017-10-12T16:03:08+08:00 ] ::1 /subject/index.php/
INFO: [ app_init ] --START--
INFO: Run Behavior\BuildLiteBehavior [ RunTime:0.000026s ]
INFO: [ app_init ] --END-- [ RunTime:0.001065s ]
INFO: [ app_begin ] --START--
INFO: Run Behavior\ReadHtmlCacheBehavior [ RunTime:0.001134s ]
INFO: [ app_begin ] --END-- [ RunTime:0.001250s ]
SQL: SHOW COLUMNS FROM `news` [ RunTime:0.0122s ]
SQL: SHOW COLUMNS FROM `notice` [ RunTime:0.0185s ]
SQL: SHOW COLUMNS FROM `student` [ RunTime:0.0121s ]
SQL: SHOW COLUMNS FROM `picture` [ RunTime:0.0127s ]
SQL: SELECT * FROM `picture` ORDER BY id  [ RunTime:0.0011s ]
SQL: SELECT * FROM `news` ORDER BY istop desc,time desc LIMIT 9   [ RunTime:0.0010s ]
SQL: SELECT * FROM `notice` WHERE ( type='0' ) ORDER BY istop desc,time desc LIMIT 5   [ RunTime:0.0011s ]
SQL: SELECT * FROM `notice` WHERE ( type='1' ) ORDER BY istop desc,time desc LIMIT 5   [ RunTime:0.0009s ]
SQL: SELECT * FROM `student` ORDER BY time desc LIMIT 8   [ RunTime:0.0010s ]
INFO: [ view_parse ] --START--
INFO: [ template_filter ] --START--
INFO: Run Behavior\ContentReplaceBehavior [ RunTime:0.000229s ]
INFO: [ template_filter ] --END-- [ RunTime:0.000342s ]
NOTIC: [8] Undefined variable: vo D:\php\subject\Application\Runtime\Cache\Home\2a94b8bda04ff446dcedd42276fc99ee.php 第 276 行.
NOTIC: [8] Undefined variable: vo D:\php\subject\Application\Runtime\Cache\Home\2a94b8bda04ff446dcedd42276fc99ee.php 第 277 行.
NOTIC: [8] Undefined variable: vo D:\php\subject\Application\Runtime\Cache\Home\2a94b8bda04ff446dcedd42276fc99ee.php 第 279 行.
NOTIC: [8] Undefined variable: vo D:\php\subject\Application\Runtime\Cache\Home\2a94b8bda04ff446dcedd42276fc99ee.php 第 285 行.
NOTIC: [8] Undefined variable: vo D:\php\subject\Application\Runtime\Cache\Home\2a94b8bda04ff446dcedd42276fc99ee.php 第 286 行.
NOTIC: [8] Undefined variable: vo D:\php\subject\Application\Runtime\Cache\Home\2a94b8bda04ff446dcedd42276fc99ee.php 第 288 行.
NOTIC: [8] Undefined variable: vo D:\php\subject\Application\Runtime\Cache\Home\2a94b8bda04ff446dcedd42276fc99ee.php 第 294 行.
NOTIC: [8] Undefined variable: vo D:\php\subject\Application\Runtime\Cache\Home\2a94b8bda04ff446dcedd42276fc99ee.php 第 295 行.
NOTIC: [8] Undefined variable: vo D:\php\subject\Application\Runtime\Cache\Home\2a94b8bda04ff446dcedd42276fc99ee.php 第 297 行.
NOTIC: [8] Undefined variable: vo D:\php\subject\Application\Runtime\Cache\Home\2a94b8bda04ff446dcedd42276fc99ee.php 第 329 行.
NOTIC: [8] Undefined variable: vo D:\php\subject\Application\Runtime\Cache\Home\2a94b8bda04ff446dcedd42276fc99ee.php 第 330 行.
NOTIC: [8] Undefined variable: vo D:\php\subject\Application\Runtime\Cache\Home\2a94b8bda04ff446dcedd42276fc99ee.php 第 332 行.
NOTIC: [8] Undefined variable: vo D:\php\subject\Application\Runtime\Cache\Home\2a94b8bda04ff446dcedd42276fc99ee.php 第 338 行.
NOTIC: [8] Undefined variable: vo D:\php\subject\Application\Runtime\Cache\Home\2a94b8bda04ff446dcedd42276fc99ee.php 第 339 行.
NOTIC: [8] Undefined variable: vo D:\php\subject\Application\Runtime\Cache\Home\2a94b8bda04ff446dcedd42276fc99ee.php 第 341 行.
NOTIC: [8] Undefined variable: vo D:\php\subject\Application\Runtime\Cache\Home\2a94b8bda04ff446dcedd42276fc99ee.php 第 347 行.
NOTIC: [8] Undefined variable: vo D:\php\subject\Application\Runtime\Cache\Home\2a94b8bda04ff446dcedd42276fc99ee.php 第 348 行.
NOTIC: [8] Undefined variable: vo D:\php\subject\Application\Runtime\Cache\Home\2a94b8bda04ff446dcedd42276fc99ee.php 第 350 行.
NOTIC: [8] Undefined variable: vo D:\php\subject\Application\Runtime\Cache\Home\2a94b8bda04ff446dcedd42276fc99ee.php 第 382 行.
NOTIC: [8] Undefined variable: vo D:\php\subject\Application\Runtime\Cache\Home\2a94b8bda04ff446dcedd42276fc99ee.php 第 383 行.
NOTIC: [8] Undefined variable: vo D:\php\subject\Application\Runtime\Cache\Home\2a94b8bda04ff446dcedd42276fc99ee.php 第 385 行.
NOTIC: [8] Undefined variable: vo D:\php\subject\Application\Runtime\Cache\Home\2a94b8bda04ff446dcedd42276fc99ee.php 第 391 行.
NOTIC: [8] Undefined variable: vo D:\php\subject\Application\Runtime\Cache\Home\2a94b8bda04ff446dcedd42276fc99ee.php 第 392 行.
NOTIC: [8] Undefined variable: vo D:\php\subject\Application\Runtime\Cache\Home\2a94b8bda04ff446dcedd42276fc99ee.php 第 394 行.
NOTIC: [8] Undefined variable: vo D:\php\subject\Application\Runtime\Cache\Home\2a94b8bda04ff446dcedd42276fc99ee.php 第 400 行.
NOTIC: [8] Undefined variable: vo D:\php\subject\Application\Runtime\Cache\Home\2a94b8bda04ff446dcedd42276fc99ee.php 第 401 行.
NOTIC: [8] Undefined variable: vo D:\php\subject\Application\Runtime\Cache\Home\2a94b8bda04ff446dcedd42276fc99ee.php 第 403 行.
INFO: Run Behavior\ParseTemplateBehavior [ RunTime:0.033498s ]
INFO: [ view_parse ] --END-- [ RunTime:0.033628s ]
INFO: [ view_filter ] --START--
INFO: Run Behavior\WriteHtmlCacheBehavior [ RunTime:0.001037s ]
INFO: [ view_filter ] --END-- [ RunTime:0.001140s ]
INFO: [ app_end ] --START--
INFO: Run Behavior\ShowPageTraceBehavior [ RunTime:0.001537s ]
INFO: [ app_end ] --END-- [ RunTime:0.001670s ]

[ 2017-10-12T16:18:59+08:00 ] ::1 /subject/index.php/
INFO: [ app_init ] --START--
INFO: Run Behavior\BuildLiteBehavior [ RunTime:0.000026s ]
INFO: [ app_init ] --END-- [ RunTime:0.000903s ]
INFO: [ app_begin ] --START--
INFO: Run Behavior\ReadHtmlCacheBehavior [ RunTime:0.001658s ]
INFO: [ app_begin ] --END-- [ RunTime:0.001799s ]
SQL: SHOW COLUMNS FROM `news` [ RunTime:0.0113s ]
SQL: SHOW COLUMNS FROM `notice` [ RunTime:0.0107s ]
SQL: SHOW COLUMNS FROM `student` [ RunTime:0.0101s ]
SQL: SHOW COLUMNS FROM `picture` [ RunTime:0.0106s ]
SQL: SELECT * FROM `picture` ORDER BY id  [ RunTime:0.0010s ]
SQL: SELECT * FROM `news` ORDER BY istop desc,time desc LIMIT 9   [ RunTime:0.0011s ]
SQL: SELECT * FROM `notice` WHERE ( type='0' ) ORDER BY istop desc,time desc LIMIT 5   [ RunTime:0.0011s ]
SQL: SELECT * FROM `notice` WHERE ( type='1' ) ORDER BY istop desc,time desc LIMIT 5   [ RunTime:0.0010s ]
SQL: SELECT * FROM `student` ORDER BY time desc LIMIT 8   [ RunTime:0.0010s ]
INFO: [ app_end ] --START--
INFO: Run Behavior\ShowPageTraceBehavior [ RunTime:0.001296s ]
INFO: [ app_end ] --END-- [ RunTime:0.001426s ]

[ 2017-10-12T16:28:47+08:00 ] ::1 /subject/index.php/
INFO: [ app_init ] --START--
INFO: Run Behavior\BuildLiteBehavior [ RunTime:0.000028s ]
INFO: [ app_init ] --END-- [ RunTime:0.001056s ]
INFO: [ app_begin ] --START--
INFO: Run Behavior\ReadHtmlCacheBehavior [ RunTime:0.001298s ]
INFO: [ app_begin ] --END-- [ RunTime:0.001429s ]
SQL: SHOW COLUMNS FROM `news` [ RunTime:0.0121s ]
SQL: SHOW COLUMNS FROM `notice` [ RunTime:0.0122s ]
SQL: SHOW COLUMNS FROM `student` [ RunTime:0.0116s ]
SQL: SHOW COLUMNS FROM `picture` [ RunTime:0.0119s ]
SQL: SELECT * FROM `picture` ORDER BY id  [ RunTime:0.0011s ]
SQL: SELECT * FROM `news` ORDER BY istop desc,time desc LIMIT 9   [ RunTime:0.0014s ]
SQL: SELECT * FROM `notice` WHERE ( type='0' ) ORDER BY istop desc,time desc LIMIT 5   [ RunTime:0.0014s ]
SQL: SELECT * FROM `notice` WHERE ( type='1' ) ORDER BY istop desc,time desc LIMIT 5   [ RunTime:0.0012s ]
SQL: SELECT * FROM `student` ORDER BY time desc LIMIT 8   [ RunTime:0.0011s ]
INFO: [ view_parse ] --START--
INFO: [ template_filter ] --START--
INFO: Run Behavior\ContentReplaceBehavior [ RunTime:0.000238s ]
INFO: [ template_filter ] --END-- [ RunTime:0.000328s ]
INFO: Run Behavior\ParseTemplateBehavior [ RunTime:0.034109s ]
INFO: [ view_parse ] --END-- [ RunTime:0.034221s ]
INFO: [ view_filter ] --START--
INFO: Run Behavior\WriteHtmlCacheBehavior [ RunTime:0.000994s ]
INFO: [ view_filter ] --END-- [ RunTime:0.001090s ]
INFO: [ app_end ] --START--
INFO: Run Behavior\ShowPageTraceBehavior [ RunTime:0.002032s ]
INFO: [ app_end ] --END-- [ RunTime:0.002214s ]

[ 2017-10-12T16:32:13+08:00 ] ::1 /subject/index.php/
INFO: [ app_init ] --START--
INFO: Run Behavior\BuildLiteBehavior [ RunTime:0.000059s ]
INFO: [ app_init ] --END-- [ RunTime:0.001423s ]
INFO: [ app_begin ] --START--
INFO: Run Behavior\ReadHtmlCacheBehavior [ RunTime:0.005122s ]
INFO: [ app_begin ] --END-- [ RunTime:0.005286s ]
SQL: SHOW COLUMNS FROM `news` [ RunTime:0.0124s ]
SQL: SHOW COLUMNS FROM `notice` [ RunTime:0.0106s ]
SQL: SHOW COLUMNS FROM `student` [ RunTime:0.0109s ]
SQL: SHOW COLUMNS FROM `picture` [ RunTime:0.0103s ]
SQL: SELECT * FROM `picture` ORDER BY id  [ RunTime:0.0010s ]
SQL: SELECT * FROM `news` ORDER BY istop desc,time desc LIMIT 9   [ RunTime:0.0012s ]
SQL: SELECT * FROM `notice` WHERE ( type='0' ) ORDER BY istop desc,time desc LIMIT 5   [ RunTime:0.0012s ]
SQL: SELECT * FROM `notice` WHERE ( type='1' ) ORDER BY istop desc,time desc LIMIT 5   [ RunTime:0.0010s ]
SQL: SELECT * FROM `student` ORDER BY time desc LIMIT 8   [ RunTime:0.0010s ]
INFO: [ view_parse ] --START--
INFO: [ template_filter ] --START--
INFO: Run Behavior\ContentReplaceBehavior [ RunTime:0.000298s ]
INFO: [ template_filter ] --END-- [ RunTime:0.000591s ]
INFO: Run Behavior\ParseTemplateBehavior [ RunTime:0.041736s ]
INFO: [ view_parse ] --END-- [ RunTime:0.041894s ]
INFO: [ view_filter ] --START--
INFO: Run Behavior\WriteHtmlCacheBehavior [ RunTime:0.001262s ]
INFO: [ view_filter ] --END-- [ RunTime:0.001374s ]
INFO: [ app_end ] --START--
INFO: Run Behavior\ShowPageTraceBehavior [ RunTime:0.001882s ]
INFO: [ app_end ] --END-- [ RunTime:0.002163s ]

[ 2017-10-12T16:33:28+08:00 ] ::1 /subject/index.php/
INFO: [ app_init ] --START--
INFO: Run Behavior\BuildLiteBehavior [ RunTime:0.000027s ]
INFO: [ app_init ] --END-- [ RunTime:0.000932s ]
INFO: [ app_begin ] --START--
INFO: Run Behavior\ReadHtmlCacheBehavior [ RunTime:0.001356s ]
INFO: [ app_begin ] --END-- [ RunTime:0.001505s ]
SQL: SHOW COLUMNS FROM `news` [ RunTime:0.0115s ]
SQL: SHOW COLUMNS FROM `notice` [ RunTime:0.0111s ]
SQL: SHOW COLUMNS FROM `student` [ RunTime:0.0101s ]
SQL: SHOW COLUMNS FROM `picture` [ RunTime:0.0114s ]
SQL: SELECT * FROM `picture` ORDER BY id  [ RunTime:0.0009s ]
SQL: SELECT * FROM `news` ORDER BY istop desc,time desc LIMIT 9   [ RunTime:0.0011s ]
SQL: SELECT * FROM `notice` WHERE ( type='0' ) ORDER BY istop desc,time desc LIMIT 5   [ RunTime:0.0012s ]
SQL: SELECT * FROM `notice` WHERE ( type='1' ) ORDER BY istop desc,time desc LIMIT 5   [ RunTime:0.0012s ]
SQL: SELECT * FROM `student` ORDER BY time desc LIMIT 8   [ RunTime:0.0011s ]
INFO: [ view_parse ] --START--
INFO: [ template_filter ] --START--
INFO: Run Behavior\ContentReplaceBehavior [ RunTime:0.000194s ]
INFO: [ template_filter ] --END-- [ RunTime:0.000308s ]
INFO: Run Behavior\ParseTemplateBehavior [ RunTime:0.033998s ]
INFO: [ view_parse ] --END-- [ RunTime:0.034116s ]
INFO: [ view_filter ] --START--
INFO: Run Behavior\WriteHtmlCacheBehavior [ RunTime:0.000888s ]
INFO: [ view_filter ] --END-- [ RunTime:0.000993s ]
INFO: [ app_end ] --START--
INFO: Run Behavior\ShowPageTraceBehavior [ RunTime:0.001113s ]
INFO: [ app_end ] --END-- [ RunTime:0.001232s ]

[ 2017-10-12T16:35:05+08:00 ] ::1 /subject/index.php/
INFO: [ app_init ] --START--
INFO: Run Behavior\BuildLiteBehavior [ RunTime:0.000029s ]
INFO: [ app_init ] --END-- [ RunTime:0.001135s ]
INFO: [ app_begin ] --START--
INFO: Run Behavior\ReadHtmlCacheBehavior [ RunTime:0.001447s ]
INFO: [ app_begin ] --END-- [ RunTime:0.001618s ]
SQL: SHOW COLUMNS FROM `news` [ RunTime:0.0118s ]
SQL: SHOW COLUMNS FROM `notice` [ RunTime:0.0114s ]
SQL: SHOW COLUMNS FROM `student` [ RunTime:0.0113s ]
SQL: SHOW COLUMNS FROM `picture` [ RunTime:0.0110s ]
SQL: SELECT * FROM `picture` ORDER BY id  [ RunTime:0.0009s ]
SQL: SELECT * FROM `news` ORDER BY istop desc,time desc LIMIT 9   [ RunTime:0.0013s ]
SQL: SELECT * FROM `notice` WHERE ( type='0' ) ORDER BY istop desc,time desc LIMIT 5   [ RunTime:0.0011s ]
SQL: SELECT * FROM `notice` WHERE ( type='1' ) ORDER BY istop desc,time desc LIMIT 5   [ RunTime:0.0013s ]
SQL: SELECT * FROM `student` ORDER BY time desc LIMIT 8   [ RunTime:0.0012s ]
INFO: [ view_parse ] --START--
INFO: [ template_filter ] --START--
INFO: Run Behavior\ContentReplaceBehavior [ RunTime:0.000223s ]
INFO: [ template_filter ] --END-- [ RunTime:0.000347s ]
NOTIC: [8] Undefined variable: vo D:\php\subject\Application\Runtime\Cache\Home\2a94b8bda04ff446dcedd42276fc99ee.php 第 276 行.
NOTIC: [8] Undefined variable: vo D:\php\subject\Application\Runtime\Cache\Home\2a94b8bda04ff446dcedd42276fc99ee.php 第 277 行.
NOTIC: [8] Undefined variable: vo D:\php\subject\Application\Runtime\Cache\Home\2a94b8bda04ff446dcedd42276fc99ee.php 第 279 行.
NOTIC: [8] Undefined variable: vo D:\php\subject\Application\Runtime\Cache\Home\2a94b8bda04ff446dcedd42276fc99ee.php 第 285 行.
NOTIC: [8] Undefined variable: vo D:\php\subject\Application\Runtime\Cache\Home\2a94b8bda04ff446dcedd42276fc99ee.php 第 286 行.
NOTIC: [8] Undefined variable: vo D:\php\subject\Application\Runtime\Cache\Home\2a94b8bda04ff446dcedd42276fc99ee.php 第 288 行.
NOTIC: [8] Undefined variable: vo D:\php\subject\Application\Runtime\Cache\Home\2a94b8bda04ff446dcedd42276fc99ee.php 第 294 行.
NOTIC: [8] Undefined variable: vo D:\php\subject\Application\Runtime\Cache\Home\2a94b8bda04ff446dcedd42276fc99ee.php 第 295 行.
NOTIC: [8] Undefined variable: vo D:\php\subject\Application\Runtime\Cache\Home\2a94b8bda04ff446dcedd42276fc99ee.php 第 297 行.
NOTIC: [8] Undefined variable: vo D:\php\subject\Application\Runtime\Cache\Home\2a94b8bda04ff446dcedd42276fc99ee.php 第 329 行.
NOTIC: [8] Undefined variable: vo D:\php\subject\Application\Runtime\Cache\Home\2a94b8bda04ff446dcedd42276fc99ee.php 第 330 行.
NOTIC: [8] Undefined variable: vo D:\php\subject\Application\Runtime\Cache\Home\2a94b8bda04ff446dcedd42276fc99ee.php 第 332 行.
NOTIC: [8] Undefined variable: vo D:\php\subject\Application\Runtime\Cache\Home\2a94b8bda04ff446dcedd42276fc99ee.php 第 338 行.
NOTIC: [8] Undefined variable: vo D:\php\subject\Application\Runtime\Cache\Home\2a94b8bda04ff446dcedd42276fc99ee.php 第 339 行.
NOTIC: [8] Undefined variable: vo D:\php\subject\Application\Runtime\Cache\Home\2a94b8bda04ff446dcedd42276fc99ee.php 第 341 行.
NOTIC: [8] Undefined variable: vo D:\php\subject\Application\Runtime\Cache\Home\2a94b8bda04ff446dcedd42276fc99ee.php 第 347 行.
NOTIC: [8] Undefined variable: vo D:\php\subject\Application\Runtime\Cache\Home\2a94b8bda04ff446dcedd42276fc99ee.php 第 348 行.
NOTIC: [8] Undefined variable: vo D:\php\subject\Application\Runtime\Cache\Home\2a94b8bda04ff446dcedd42276fc99ee.php 第 350 行.
NOTIC: [8] Undefined variable: vo D:\php\subject\Application\Runtime\Cache\Home\2a94b8bda04ff446dcedd42276fc99ee.php 第 382 行.
NOTIC: [8] Undefined variable: vo D:\php\subject\Application\Runtime\Cache\Home\2a94b8bda04ff446dcedd42276fc99ee.php 第 383 行.
NOTIC: [8] Undefined variable: vo D:\php\subject\Application\Runtime\Cache\Home\2a94b8bda04ff446dcedd42276fc99ee.php 第 385 行.
NOTIC: [8] Undefined variable: vo D:\php\subject\Application\Runtime\Cache\Home\2a94b8bda04ff446dcedd42276fc99ee.php 第 391 行.
NOTIC: [8] Undefined variable: vo D:\php\subject\Application\Runtime\Cache\Home\2a94b8bda04ff446dcedd42276fc99ee.php 第 392 行.
NOTIC: [8] Undefined variable: vo D:\php\subject\Application\Runtime\Cache\Home\2a94b8bda04ff446dcedd42276fc99ee.php 第 394 行.
NOTIC: [8] Undefined variable: vo D:\php\subject\Application\Runtime\Cache\Home\2a94b8bda04ff446dcedd42276fc99ee.php 第 400 行.
NOTIC: [8] Undefined variable: vo D:\php\subject\Application\Runtime\Cache\Home\2a94b8bda04ff446dcedd42276fc99ee.php 第 401 行.
NOTIC: [8] Undefined variable: vo D:\php\subject\Application\Runtime\Cache\Home\2a94b8bda04ff446dcedd42276fc99ee.php 第 403 行.
INFO: Run Behavior\ParseTemplateBehavior [ RunTime:0.036000s ]
INFO: [ view_parse ] --END-- [ RunTime:0.036105s ]
INFO: [ view_filter ] --START--
INFO: Run Behavior\WriteHtmlCacheBehavior [ RunTime:0.000874s ]
INFO: [ view_filter ] --END-- [ RunTime:0.000952s ]
INFO: [ app_end ] --START--
INFO: Run Behavior\ShowPageTraceBehavior [ RunTime:0.001471s ]
INFO: [ app_end ] --END-- [ RunTime:0.001903s ]

[ 2017-10-12T16:42:09+08:00 ] ::1 /subject/index.php/
INFO: [ app_init ] --START--
INFO: Run Behavior\BuildLiteBehavior [ RunTime:0.000030s ]
INFO: [ app_init ] --END-- [ RunTime:0.001183s ]
INFO: [ app_begin ] --START--
INFO: Run Behavior\ReadHtmlCacheBehavior [ RunTime:0.001415s ]
INFO: [ app_begin ] --END-- [ RunTime:0.001545s ]
SQL: SHOW COLUMNS FROM `news` [ RunTime:0.0118s ]
SQL: SHOW COLUMNS FROM `notice` [ RunTime:0.0121s ]
SQL: SHOW COLUMNS FROM `student` [ RunTime:0.0117s ]
SQL: SHOW COLUMNS FROM `picture` [ RunTime:0.0112s ]
SQL: SELECT * FROM `picture` ORDER BY id  [ RunTime:0.0010s ]
SQL: SELECT * FROM `news` ORDER BY istop desc,time desc LIMIT 9   [ RunTime:0.0013s ]
SQL: SELECT * FROM `notice` WHERE ( type='0' ) ORDER BY istop desc,time desc LIMIT 5   [ RunTime:0.0011s ]
SQL: SELECT * FROM `notice` WHERE ( type='1' ) ORDER BY istop desc,time desc LIMIT 5   [ RunTime:0.0013s ]
SQL: SELECT * FROM `student` ORDER BY time desc LIMIT 8   [ RunTime:0.0011s ]
INFO: [ view_parse ] --START--
INFO: [ template_filter ] --START--
INFO: Run Behavior\ContentReplaceBehavior [ RunTime:0.000175s ]
INFO: [ template_filter ] --END-- [ RunTime:0.000269s ]
INFO: Run Behavior\ParseTemplateBehavior [ RunTime:0.035642s ]
INFO: [ view_parse ] --END-- [ RunTime:0.035764s ]
INFO: [ view_filter ] --START--
INFO: Run Behavior\WriteHtmlCacheBehavior [ RunTime:0.000998s ]
INFO: [ view_filter ] --END-- [ RunTime:0.001082s ]
INFO: [ app_end ] --START--
INFO: Run Behavior\ShowPageTraceBehavior [ RunTime:0.002177s ]
INFO: [ app_end ] --END-- [ RunTime:0.002359s ]

[ 2017-10-12T16:42:45+08:00 ] ::1 /subject/index.php/
INFO: [ app_init ] --START--
INFO: Run Behavior\BuildLiteBehavior [ RunTime:0.000031s ]
INFO: [ app_init ] --END-- [ RunTime:0.000997s ]
INFO: [ app_begin ] --START--
INFO: Run Behavior\ReadHtmlCacheBehavior [ RunTime:0.000916s ]
INFO: [ app_begin ] --END-- [ RunTime:0.001016s ]
SQL: SHOW COLUMNS FROM `news` [ RunTime:0.0111s ]
SQL: SHOW COLUMNS FROM `notice` [ RunTime:0.0105s ]
SQL: SHOW COLUMNS FROM `student` [ RunTime:0.0111s ]
SQL: SHOW COLUMNS FROM `picture` [ RunTime:0.0125s ]
SQL: SELECT * FROM `picture` ORDER BY id  [ RunTime:0.0011s ]
SQL: SELECT * FROM `news` ORDER BY istop desc,time desc LIMIT 9   [ RunTime:0.0011s ]
SQL: SELECT * FROM `notice` WHERE ( type='0' ) ORDER BY istop desc,time desc LIMIT 5   [ RunTime:0.0012s ]
SQL: SELECT * FROM `notice` WHERE ( type='1' ) ORDER BY istop desc,time desc LIMIT 5   [ RunTime:0.0012s ]
SQL: SELECT * FROM `student` ORDER BY time desc LIMIT 8   [ RunTime:0.0009s ]
INFO: [ view_parse ] --START--
INFO: [ template_filter ] --START--
INFO: Run Behavior\ContentReplaceBehavior [ RunTime:0.000177s ]
INFO: [ template_filter ] --END-- [ RunTime:0.000282s ]
INFO: Run Behavior\ParseTemplateBehavior [ RunTime:0.035937s ]
INFO: [ view_parse ] --END-- [ RunTime:0.036099s ]
INFO: [ view_filter ] --START--
INFO: Run Behavior\WriteHtmlCacheBehavior [ RunTime:0.001179s ]
INFO: [ view_filter ] --END-- [ RunTime:0.001273s ]
INFO: [ app_end ] --START--
INFO: Run Behavior\ShowPageTraceBehavior [ RunTime:0.001154s ]
INFO: [ app_end ] --END-- [ RunTime:0.001270s ]

