[ 2017-10-11T23:03:59+08:00 ] ::1 /subject/index.php/
INFO: [ app_init ] --START--
INFO: Run Behavior\BuildLiteBehavior [ RunTime:0.000025s ]
INFO: [ app_init ] --END-- [ RunTime:0.000658s ]
INFO: [ app_begin ] --START--
INFO: Run Behavior\ReadHtmlCacheBehavior [ RunTime:0.001289s ]
INFO: [ app_begin ] --END-- [ RunTime:0.001455s ]
SQL: SHOW COLUMNS FROM `news` [ RunTime:0.1232s ]
SQL: SHOW COLUMNS FROM `notice` [ RunTime:0.0485s ]
SQL: SHOW COLUMNS FROM `student` [ RunTime:0.0448s ]
SQL: SHOW COLUMNS FROM `picture` [ RunTime:0.0642s ]
SQL: SELECT * FROM `picture` ORDER BY id  [ RunTime:0.0219s ]
SQL: SELECT * FROM `news` ORDER BY istop desc,time desc LIMIT 9   [ RunTime:0.0134s ]
SQL: SELECT * FROM `notice` WHERE ( type='0' ) ORDER BY istop desc,time desc LIMIT 5   [ RunTime:0.0438s ]
SQL: SELECT * FROM `notice` WHERE ( type='1' ) ORDER BY istop desc,time desc LIMIT 5   [ RunTime:0.0013s ]
SQL: SELECT * FROM `student` ORDER BY time desc LIMIT 8   [ RunTime:0.0089s ]
INFO: [ view_parse ] --START--
INFO: [ template_filter ] --START--
INFO: Run Behavior\ContentReplaceBehavior [ RunTime:0.000235s ]
INFO: [ template_filter ] --END-- [ RunTime:0.000362s ]
NOTIC: [8] Undefined variable: vo D:\php\subject\Application\Runtime\Cache\Home\2a94b8bda04ff446dcedd42276fc99ee.php 第 276 行.
NOTIC: [8] Undefined variable: vo D:\php\subject\Application\Runtime\Cache\Home\2a94b8bda04ff446dcedd42276fc99ee.php 第 277 行.
NOTIC: [8] Undefined variable: vo D:\php\subject\Application\Runtime\Cache\Home\2a94b8bda04ff446dcedd42276fc99ee.php 第 279 行.
NOTIC: [8] Undefined variable: vo D:\php\subject\Application\Runtime\Cache\Home\2a94b8bda04ff446dcedd42276fc99ee.php 第 285 行.
NOTIC: [8] Undefined variable: vo D:\php\subject\Application\Runtime\Cache\Home\2a94b8bda04ff446dcedd42276fc99ee.php 第 286 行.
NOTIC: [8] Undefined variable: vo D:\php\subject\Application\Runtime\Cache\Home\2a94b8bda04ff446dcedd42276fc99ee.php 第 288 行.
NOTIC: [8] Undefined variable: vo D:\php\subject\Application\Runtime\Cache\Home\2a94b8bda04ff446dcedd42276fc99ee.php 第 294 行.
NOTIC: [8] Undefined variable: vo D:\php\subject\Application\Runtime\Cache\Home\2a94b8bda04ff446dcedd42276fc99ee.php 第 295 行.
NOTIC: [8] Undefined variable: vo D:\php\subject\Application\Runtime\Cache\Home\2a94b8bda04ff446dcedd42276fc99ee.php 第 297 行.
NOTIC: [8] Undefined variable: vo D:\php\subject\Application\Runtime\Cache\Home\2a94b8bda04ff446dcedd42276fc99ee.php 第 329 行.
NOTIC: [8] Undefined variable: vo D:\php\subject\Application\Runtime\Cache\Home\2a94b8bda04ff446dcedd42276fc99ee.php 第 330 行.
NOTIC: [8] Undefined variable: vo D:\php\subject\Application\Runtime\Cache\Home\2a94b8bda04ff446dcedd42276fc99ee.php 第 332 行.
NOTIC: [8] Undefined variable: vo D:\php\subject\Application\Runtime\Cache\Home\2a94b8bda04ff446dcedd42276fc99ee.php 第 338 行.
NOTIC: [8] Undefined variable: vo D:\php\subject\Application\Runtime\Cache\Home\2a94b8bda04ff446dcedd42276fc99ee.php 第 339 行.
NOTIC: [8] Undefined variable: vo D:\php\subject\Application\Runtime\Cache\Home\2a94b8bda04ff446dcedd42276fc99ee.php 第 341 行.
NOTIC: [8] Undefined variable: vo D:\php\subject\Application\Runtime\Cache\Home\2a94b8bda04ff446dcedd42276fc99ee.php 第 347 行.
NOTIC: [8] Undefined variable: vo D:\php\subject\Application\Runtime\Cache\Home\2a94b8bda04ff446dcedd42276fc99ee.php 第 348 行.
NOTIC: [8] Undefined variable: vo D:\php\subject\Application\Runtime\Cache\Home\2a94b8bda04ff446dcedd42276fc99ee.php 第 350 行.
NOTIC: [8] Undefined variable: vo D:\php\subject\Application\Runtime\Cache\Home\2a94b8bda04ff446dcedd42276fc99ee.php 第 382 行.
NOTIC: [8] Undefined variable: vo D:\php\subject\Application\Runtime\Cache\Home\2a94b8bda04ff446dcedd42276fc99ee.php 第 383 行.
NOTIC: [8] Undefined variable: vo D:\php\subject\Application\Runtime\Cache\Home\2a94b8bda04ff446dcedd42276fc99ee.php 第 385 行.
NOTIC: [8] Undefined variable: vo D:\php\subject\Application\Runtime\Cache\Home\2a94b8bda04ff446dcedd42276fc99ee.php 第 391 行.
NOTIC: [8] Undefined variable: vo D:\php\subject\Application\Runtime\Cache\Home\2a94b8bda04ff446dcedd42276fc99ee.php 第 392 行.
NOTIC: [8] Undefined variable: vo D:\php\subject\Application\Runtime\Cache\Home\2a94b8bda04ff446dcedd42276fc99ee.php 第 394 行.
NOTIC: [8] Undefined variable: vo D:\php\subject\Application\Runtime\Cache\Home\2a94b8bda04ff446dcedd42276fc99ee.php 第 400 行.
NOTIC: [8] Undefined variable: vo D:\php\subject\Application\Runtime\Cache\Home\2a94b8bda04ff446dcedd42276fc99ee.php 第 401 行.
NOTIC: [8] Undefined variable: vo D:\php\subject\Application\Runtime\Cache\Home\2a94b8bda04ff446dcedd42276fc99ee.php 第 403 行.
INFO: Run Behavior\ParseTemplateBehavior [ RunTime:0.137410s ]
INFO: [ view_parse ] --END-- [ RunTime:0.137534s ]
INFO: [ view_filter ] --START--
INFO: Run Behavior\WriteHtmlCacheBehavior [ RunTime:0.001265s ]
INFO: [ view_filter ] --END-- [ RunTime:0.001376s ]
INFO: [ app_end ] --START--
INFO: Run Behavior\ShowPageTraceBehavior [ RunTime:0.001270s ]
INFO: [ app_end ] --END-- [ RunTime:0.001470s ]

[ 2017-10-11T23:08:23+08:00 ] ::1 /subject/index.php/Home/Passages/showPassageslist
INFO: [ app_init ] --START--
INFO: Run Behavior\BuildLiteBehavior [ RunTime:0.000029s ]
INFO: [ app_init ] --END-- [ RunTime:0.000825s ]
INFO: [ app_begin ] --START--
INFO: Run Behavior\ReadHtmlCacheBehavior [ RunTime:0.001131s ]
INFO: [ app_begin ] --END-- [ RunTime:0.001256s ]
SQL: SHOW COLUMNS FROM `passages` [ RunTime:0.0476s ]
SQL: SHOW COLUMNS FROM `notice` [ RunTime:0.0073s ]
SQL: SHOW COLUMNS FROM `admissions` [ RunTime:0.0579s ]
SQL: SELECT * FROM `notice` WHERE ( type='0' ) ORDER BY istop desc,time desc LIMIT 5   [ RunTime:0.0011s ]
SQL: SELECT * FROM `notice` WHERE ( type='1' ) ORDER BY istop desc,time desc LIMIT 5   [ RunTime:0.0008s ]
SQL: SELECT * FROM `admissions` ORDER BY time desc LIMIT 6   [ RunTime:0.0009s ]
INFO: [ view_parse ] --START--
INFO: [ template_filter ] --START--
INFO: Run Behavior\ContentReplaceBehavior [ RunTime:0.000249s ]
INFO: [ template_filter ] --END-- [ RunTime:0.000369s ]
NOTIC: [8] Undefined variable: page D:\php\subject\Application\Runtime\Cache\Home\d188c6e5f73dc6c26e8b5a07facf430f.php 第 427 行.
INFO: Run Behavior\ParseTemplateBehavior [ RunTime:0.028020s ]
INFO: [ view_parse ] --END-- [ RunTime:0.028159s ]
INFO: [ view_filter ] --START--
INFO: Run Behavior\WriteHtmlCacheBehavior [ RunTime:0.000886s ]
INFO: [ view_filter ] --END-- [ RunTime:0.000991s ]
INFO: [ app_end ] --START--
INFO: Run Behavior\ShowPageTraceBehavior [ RunTime:0.001180s ]
INFO: [ app_end ] --END-- [ RunTime:0.001308s ]

[ 2017-10-11T23:09:21+08:00 ] ::1 /subject/index.php/Home/Passages/showPassageslist
INFO: [ app_init ] --START--
INFO: Run Behavior\BuildLiteBehavior [ RunTime:0.000031s ]
INFO: [ app_init ] --END-- [ RunTime:0.000719s ]
INFO: [ app_begin ] --START--
INFO: Run Behavior\ReadHtmlCacheBehavior [ RunTime:0.001998s ]
INFO: [ app_begin ] --END-- [ RunTime:0.002111s ]
SQL: SHOW COLUMNS FROM `passages` [ RunTime:0.0078s ]
SQL: SHOW COLUMNS FROM `notice` [ RunTime:0.0081s ]
SQL: SHOW COLUMNS FROM `admissions` [ RunTime:0.0071s ]
SQL: SELECT * FROM `notice` WHERE ( type='0' ) ORDER BY istop desc,time desc LIMIT 5   [ RunTime:0.0011s ]
SQL: SELECT * FROM `notice` WHERE ( type='1' ) ORDER BY istop desc,time desc LIMIT 5   [ RunTime:0.0010s ]
SQL: SELECT * FROM `admissions` ORDER BY time desc LIMIT 6   [ RunTime:0.0006s ]
INFO: [ view_parse ] --START--
INFO: [ template_filter ] --START--
INFO: Run Behavior\ContentReplaceBehavior [ RunTime:0.000215s ]
INFO: [ template_filter ] --END-- [ RunTime:0.000310s ]
NOTIC: [8] Undefined variable: page D:\php\subject\Application\Runtime\Cache\Home\d188c6e5f73dc6c26e8b5a07facf430f.php 第 427 行.
INFO: Run Behavior\ParseTemplateBehavior [ RunTime:0.026248s ]
INFO: [ view_parse ] --END-- [ RunTime:0.026358s ]
INFO: [ view_filter ] --START--
INFO: Run Behavior\WriteHtmlCacheBehavior [ RunTime:0.000783s ]
INFO: [ view_filter ] --END-- [ RunTime:0.000874s ]
INFO: [ app_end ] --START--
INFO: Run Behavior\ShowPageTraceBehavior [ RunTime:0.000951s ]
INFO: [ app_end ] --END-- [ RunTime:0.001080s ]

[ 2017-10-11T23:10:08+08:00 ] ::1 /subject/index.php/Home/Passages/showPassageslist
INFO: [ app_init ] --START--
INFO: Run Behavior\BuildLiteBehavior [ RunTime:0.000032s ]
INFO: [ app_init ] --END-- [ RunTime:0.000780s ]
INFO: [ app_begin ] --START--
INFO: Run Behavior\ReadHtmlCacheBehavior [ RunTime:0.001011s ]
INFO: [ app_begin ] --END-- [ RunTime:0.001115s ]
SQL: SHOW COLUMNS FROM `passages` [ RunTime:0.0076s ]
SQL: SHOW COLUMNS FROM `notice` [ RunTime:0.0087s ]
SQL: SHOW COLUMNS FROM `admissions` [ RunTime:0.0088s ]
SQL: SELECT * FROM `notice` WHERE ( type='0' ) ORDER BY istop desc,time desc LIMIT 5   [ RunTime:0.0011s ]
SQL: SELECT * FROM `notice` WHERE ( type='1' ) ORDER BY istop desc,time desc LIMIT 5   [ RunTime:0.0010s ]
SQL: SELECT * FROM `admissions` ORDER BY time desc LIMIT 6   [ RunTime:0.0009s ]
INFO: [ view_parse ] --START--
INFO: [ template_filter ] --START--
INFO: Run Behavior\ContentReplaceBehavior [ RunTime:0.000235s ]
INFO: [ template_filter ] --END-- [ RunTime:0.000350s ]
NOTIC: [8] Undefined variable: page D:\php\subject\Application\Runtime\Cache\Home\d188c6e5f73dc6c26e8b5a07facf430f.php 第 427 行.
INFO: Run Behavior\ParseTemplateBehavior [ RunTime:0.026789s ]
INFO: [ view_parse ] --END-- [ RunTime:0.026915s ]
INFO: [ view_filter ] --START--
INFO: Run Behavior\WriteHtmlCacheBehavior [ RunTime:0.000726s ]
INFO: [ view_filter ] --END-- [ RunTime:0.000816s ]
INFO: [ app_end ] --START--
INFO: Run Behavior\ShowPageTraceBehavior [ RunTime:0.001241s ]
INFO: [ app_end ] --END-- [ RunTime:0.001378s ]

[ 2017-10-11T23:15:59+08:00 ] ::1 /subject/index.php/
INFO: [ app_init ] --START--
INFO: Run Behavior\BuildLiteBehavior [ RunTime:0.000029s ]
INFO: [ app_init ] --END-- [ RunTime:0.000869s ]
INFO: [ app_begin ] --START--
INFO: Run Behavior\ReadHtmlCacheBehavior [ RunTime:0.001231s ]
INFO: [ app_begin ] --END-- [ RunTime:0.001442s ]
SQL: SHOW COLUMNS FROM `news` [ RunTime:0.0078s ]
SQL: SHOW COLUMNS FROM `notice` [ RunTime:0.0084s ]
SQL: SHOW COLUMNS FROM `student` [ RunTime:0.0088s ]
SQL: SHOW COLUMNS FROM `picture` [ RunTime:0.0079s ]
SQL: SELECT * FROM `picture` ORDER BY id  [ RunTime:0.0009s ]
SQL: SELECT * FROM `news` ORDER BY istop desc,time desc LIMIT 9   [ RunTime:0.0012s ]
SQL: SELECT * FROM `notice` WHERE ( type='0' ) ORDER BY istop desc,time desc LIMIT 5   [ RunTime:0.0011s ]
SQL: SELECT * FROM `notice` WHERE ( type='1' ) ORDER BY istop desc,time desc LIMIT 5   [ RunTime:0.0009s ]
SQL: SELECT * FROM `student` ORDER BY time desc LIMIT 8   [ RunTime:0.0009s ]
INFO: [ view_parse ] --START--
INFO: [ template_filter ] --START--
INFO: Run Behavior\ContentReplaceBehavior [ RunTime:0.000245s ]
INFO: [ template_filter ] --END-- [ RunTime:0.000366s ]
NOTIC: [8] Undefined variable: vo D:\php\subject\Application\Runtime\Cache\Home\2a94b8bda04ff446dcedd42276fc99ee.php 第 276 行.
NOTIC: [8] Undefined variable: vo D:\php\subject\Application\Runtime\Cache\Home\2a94b8bda04ff446dcedd42276fc99ee.php 第 277 行.
NOTIC: [8] Undefined variable: vo D:\php\subject\Application\Runtime\Cache\Home\2a94b8bda04ff446dcedd42276fc99ee.php 第 279 行.
NOTIC: [8] Undefined variable: vo D:\php\subject\Application\Runtime\Cache\Home\2a94b8bda04ff446dcedd42276fc99ee.php 第 285 行.
NOTIC: [8] Undefined variable: vo D:\php\subject\Application\Runtime\Cache\Home\2a94b8bda04ff446dcedd42276fc99ee.php 第 286 行.
NOTIC: [8] Undefined variable: vo D:\php\subject\Application\Runtime\Cache\Home\2a94b8bda04ff446dcedd42276fc99ee.php 第 288 行.
NOTIC: [8] Undefined variable: vo D:\php\subject\Application\Runtime\Cache\Home\2a94b8bda04ff446dcedd42276fc99ee.php 第 294 行.
NOTIC: [8] Undefined variable: vo D:\php\subject\Application\Runtime\Cache\Home\2a94b8bda04ff446dcedd42276fc99ee.php 第 295 行.
NOTIC: [8] Undefined variable: vo D:\php\subject\Application\Runtime\Cache\Home\2a94b8bda04ff446dcedd42276fc99ee.php 第 297 行.
NOTIC: [8] Undefined variable: vo D:\php\subject\Application\Runtime\Cache\Home\2a94b8bda04ff446dcedd42276fc99ee.php 第 329 行.
NOTIC: [8] Undefined variable: vo D:\php\subject\Application\Runtime\Cache\Home\2a94b8bda04ff446dcedd42276fc99ee.php 第 330 行.
NOTIC: [8] Undefined variable: vo D:\php\subject\Application\Runtime\Cache\Home\2a94b8bda04ff446dcedd42276fc99ee.php 第 332 行.
NOTIC: [8] Undefined variable: vo D:\php\subject\Application\Runtime\Cache\Home\2a94b8bda04ff446dcedd42276fc99ee.php 第 338 行.
NOTIC: [8] Undefined variable: vo D:\php\subject\Application\Runtime\Cache\Home\2a94b8bda04ff446dcedd42276fc99ee.php 第 339 行.
NOTIC: [8] Undefined variable: vo D:\php\subject\Application\Runtime\Cache\Home\2a94b8bda04ff446dcedd42276fc99ee.php 第 341 行.
NOTIC: [8] Undefined variable: vo D:\php\subject\Application\Runtime\Cache\Home\2a94b8bda04ff446dcedd42276fc99ee.php 第 347 行.
NOTIC: [8] Undefined variable: vo D:\php\subject\Application\Runtime\Cache\Home\2a94b8bda04ff446dcedd42276fc99ee.php 第 348 行.
NOTIC: [8] Undefined variable: vo D:\php\subject\Application\Runtime\Cache\Home\2a94b8bda04ff446dcedd42276fc99ee.php 第 350 行.
NOTIC: [8] Undefined variable: vo D:\php\subject\Application\Runtime\Cache\Home\2a94b8bda04ff446dcedd42276fc99ee.php 第 382 行.
NOTIC: [8] Undefined variable: vo D:\php\subject\Application\Runtime\Cache\Home\2a94b8bda04ff446dcedd42276fc99ee.php 第 383 行.
NOTIC: [8] Undefined variable: vo D:\php\subject\Application\Runtime\Cache\Home\2a94b8bda04ff446dcedd42276fc99ee.php 第 385 行.
NOTIC: [8] Undefined variable: vo D:\php\subject\Application\Runtime\Cache\Home\2a94b8bda04ff446dcedd42276fc99ee.php 第 391 行.
NOTIC: [8] Undefined variable: vo D:\php\subject\Application\Runtime\Cache\Home\2a94b8bda04ff446dcedd42276fc99ee.php 第 392 行.
NOTIC: [8] Undefined variable: vo D:\php\subject\Application\Runtime\Cache\Home\2a94b8bda04ff446dcedd42276fc99ee.php 第 394 行.
NOTIC: [8] Undefined variable: vo D:\php\subject\Application\Runtime\Cache\Home\2a94b8bda04ff446dcedd42276fc99ee.php 第 400 行.
NOTIC: [8] Undefined variable: vo D:\php\subject\Application\Runtime\Cache\Home\2a94b8bda04ff446dcedd42276fc99ee.php 第 401 行.
NOTIC: [8] Undefined variable: vo D:\php\subject\Application\Runtime\Cache\Home\2a94b8bda04ff446dcedd42276fc99ee.php 第 403 行.
INFO: Run Behavior\ParseTemplateBehavior [ RunTime:0.041847s ]
INFO: [ view_parse ] --END-- [ RunTime:0.041964s ]
INFO: [ view_filter ] --START--
INFO: Run Behavior\WriteHtmlCacheBehavior [ RunTime:0.000704s ]
INFO: [ view_filter ] --END-- [ RunTime:0.000811s ]
INFO: [ app_end ] --START--
INFO: Run Behavior\ShowPageTraceBehavior [ RunTime:0.001113s ]
INFO: [ app_end ] --END-- [ RunTime:0.002560s ]

[ 2017-10-11T23:16:04+08:00 ] ::1 /subject/index.php/Home/Passages/time
INFO: [ app_init ] --START--
INFO: Run Behavior\BuildLiteBehavior [ RunTime:0.000030s ]
INFO: [ app_init ] --END-- [ RunTime:0.000866s ]
INFO: [ app_begin ] --START--
INFO: Run Behavior\ReadHtmlCacheBehavior [ RunTime:0.001372s ]
INFO: [ app_begin ] --END-- [ RunTime:0.001535s ]
SQL: SHOW COLUMNS FROM `time` [ RunTime:0.0557s ]
SQL: SELECT * FROM `time` ORDER BY year desc,month desc  [ RunTime:0.0013s ]
INFO: [ view_parse ] --START--
INFO: [ template_filter ] --START--
INFO: Run Behavior\ContentReplaceBehavior [ RunTime:0.000167s ]
INFO: [ template_filter ] --END-- [ RunTime:0.000265s ]
INFO: Run Behavior\ParseTemplateBehavior [ RunTime:0.024362s ]
INFO: [ view_parse ] --END-- [ RunTime:0.024549s ]
INFO: [ view_filter ] --START--
INFO: Run Behavior\WriteHtmlCacheBehavior [ RunTime:0.000832s ]
INFO: [ view_filter ] --END-- [ RunTime:0.000943s ]
INFO: [ app_end ] --START--
INFO: Run Behavior\ShowPageTraceBehavior [ RunTime:0.001237s ]
INFO: [ app_end ] --END-- [ RunTime:0.001360s ]

