[ 2017-08-21T01:02:55+08:00 ] ::1 /subject/index.php/jackbox/css/jackbox.min.css
INFO: [ app_init ] --START--
INFO: Run Behavior\BuildLiteBehavior [ RunTime:0.000030s ]
INFO: [ app_init ] --END-- [ RunTime:0.001020s ]
ERR: 无法加载模块:Jackbox

[ 2017-08-21T01:03:48+08:00 ] ::1 /subject/index.php/jackbox/css/jackbox.min.css
INFO: [ app_init ] --START--
INFO: Run Behavior\BuildLiteBehavior [ RunTime:0.000020s ]
INFO: [ app_init ] --END-- [ RunTime:0.000956s ]
ERR: 无法加载模块:Jackbox

[ 2017-08-21T01:06:43+08:00 ] ::1 /subject/index.php/jackbox/css/jackbox.min.css
INFO: [ app_init ] --START--
INFO: Run Behavior\BuildLiteBehavior [ RunTime:0.000021s ]
INFO: [ app_init ] --END-- [ RunTime:0.000862s ]
ERR: 无法加载模块:Jackbox

[ 2017-08-21T01:09:13+08:00 ] ::1 /subject/index.php/jackbox/css/jackbox.min.css
INFO: [ app_init ] --START--
INFO: Run Behavior\BuildLiteBehavior [ RunTime:0.000021s ]
INFO: [ app_init ] --END-- [ RunTime:0.000763s ]
ERR: 无法加载模块:Jackbox

[ 2017-08-21T01:15:45+08:00 ] ::1 /subject/index.php/jackbox/css/jackbox.min.css
INFO: [ app_init ] --START--
INFO: Run Behavior\BuildLiteBehavior [ RunTime:0.000046s ]
INFO: [ app_init ] --END-- [ RunTime:0.001649s ]
ERR: 无法加载模块:Jackbox

[ 2017-08-21T01:15:53+08:00 ] ::1 /subject/index.php/jackbox/css/jackbox.min.css
INFO: [ app_init ] --START--
INFO: Run Behavior\BuildLiteBehavior [ RunTime:0.000040s ]
INFO: [ app_init ] --END-- [ RunTime:0.000682s ]
ERR: 无法加载模块:Jackbox

[ 2017-08-21T01:16:37+08:00 ] ::1 /subject/index.php/jackbox/css/jackbox.min.css
INFO: [ app_init ] --START--
INFO: Run Behavior\BuildLiteBehavior [ RunTime:0.000022s ]
INFO: [ app_init ] --END-- [ RunTime:0.000724s ]
ERR: 无法加载模块:Jackbox

[ 2017-08-21T01:17:57+08:00 ] ::1 /subject/index.php/jackbox/css/jackbox.min.css
INFO: [ app_init ] --START--
INFO: Run Behavior\BuildLiteBehavior [ RunTime:0.000020s ]
INFO: [ app_init ] --END-- [ RunTime:0.000812s ]
ERR: 无法加载模块:Jackbox

[ 2017-08-21T01:18:28+08:00 ] ::1 /subject/index.php/jackbox/css/jackbox.min.css
INFO: [ app_init ] --START--
INFO: Run Behavior\BuildLiteBehavior [ RunTime:0.000023s ]
INFO: [ app_init ] --END-- [ RunTime:0.000775s ]
ERR: 无法加载模块:Jackbox

[ 2017-08-21T01:18:32+08:00 ] ::1 /subject/index.php/jackbox/css/jackbox.min.css
INFO: [ app_init ] --START--
INFO: Run Behavior\BuildLiteBehavior [ RunTime:0.000022s ]
INFO: [ app_init ] --END-- [ RunTime:0.000768s ]
ERR: 无法加载模块:Jackbox

[ 2017-08-21T01:20:21+08:00 ] ::1 /subject/index.php/jackbox/css/jackbox.min.css
INFO: [ app_init ] --START--
INFO: Run Behavior\BuildLiteBehavior [ RunTime:0.000044s ]
INFO: [ app_init ] --END-- [ RunTime:0.000999s ]
ERR: 无法加载模块:Jackbox

[ 2017-08-21T01:22:44+08:00 ] ::1 /subject/index.php/jackbox/css/jackbox.min.css
INFO: [ app_init ] --START--
INFO: Run Behavior\BuildLiteBehavior [ RunTime:0.000069s ]
INFO: [ app_init ] --END-- [ RunTime:0.001526s ]
ERR: 无法加载模块:Jackbox

[ 2017-08-21T01:26:12+08:00 ] ::1 /subject/index.php/jackbox/css/jackbox.min.css
INFO: [ app_init ] --START--
INFO: Run Behavior\BuildLiteBehavior [ RunTime:0.000020s ]
INFO: [ app_init ] --END-- [ RunTime:0.000729s ]
ERR: 无法加载模块:Jackbox

[ 2017-08-21T01:27:36+08:00 ] ::1 /subject/index.php/jackbox/css/jackbox.min.css
INFO: [ app_init ] --START--
INFO: Run Behavior\BuildLiteBehavior [ RunTime:0.000020s ]
INFO: [ app_init ] --END-- [ RunTime:0.000934s ]
ERR: 无法加载模块:Jackbox

