[ 2017-09-18T19:33:44+08:00 ] ::1 /GitHubDesktop/subject/index.php/jackbox/css/jackbox.min.css
INFO: [ app_init ] --START--
INFO: Run Behavior\BuildLiteBehavior [ RunTime:0.000026s ]
INFO: [ app_init ] --END-- [ RunTime:0.001357s ]
ERR: 无法加载模块:Jackbox

[ 2017-09-18T19:59:26+08:00 ] ::1 /GitHubDesktop/subject/index.php/jackbox/css/jackbox.min.css
INFO: [ app_init ] --START--
INFO: Run Behavior\BuildLiteBehavior [ RunTime:0.000032s ]
INFO: [ app_init ] --END-- [ RunTime:0.047846s ]
ERR: 无法加载模块:Jackbox

[ 2017-09-18T20:00:18+08:00 ] ::1 /GitHubDesktop/subject/index.php/jackbox/css/jackbox.min.css
INFO: [ app_init ] --START--
INFO: Run Behavior\BuildLiteBehavior [ RunTime:0.000033s ]
INFO: [ app_init ] --END-- [ RunTime:0.002143s ]
ERR: 无法加载模块:Jackbox

[ 2017-09-18T20:00:27+08:00 ] ::1 /GitHubDesktop/subject/index.php/jackbox/css/jackbox.min.css
INFO: [ app_init ] --START--
INFO: Run Behavior\BuildLiteBehavior [ RunTime:0.000032s ]
INFO: [ app_init ] --END-- [ RunTime:0.001534s ]
ERR: 无法加载模块:Jackbox

[ 2017-09-18T20:00:39+08:00 ] ::1 /GitHubDesktop/subject/index.php/jackbox/css/jackbox.min.css
INFO: [ app_init ] --START--
INFO: Run Behavior\BuildLiteBehavior [ RunTime:0.000026s ]
INFO: [ app_init ] --END-- [ RunTime:0.003012s ]
ERR: 无法加载模块:Jackbox

[ 2017-09-18T20:01:15+08:00 ] ::1 /GitHubDesktop/subject/index.php/jackbox/css/jackbox.min.css
INFO: [ app_init ] --START--
INFO: Run Behavior\BuildLiteBehavior [ RunTime:0.000030s ]
INFO: [ app_init ] --END-- [ RunTime:0.001645s ]
ERR: 无法加载模块:Jackbox

[ 2017-09-18T20:01:46+08:00 ] ::1 /GitHubDesktop/subject/index.php/jackbox/css/jackbox.min.css
INFO: [ app_init ] --START--
INFO: Run Behavior\BuildLiteBehavior [ RunTime:0.000029s ]
INFO: [ app_init ] --END-- [ RunTime:0.004267s ]
ERR: 无法加载模块:Jackbox

[ 2017-09-18T20:02:35+08:00 ] ::1 /GitHubDesktop/subject/index.php/jackbox/css/jackbox.min.css
INFO: [ app_init ] --START--
INFO: Run Behavior\BuildLiteBehavior [ RunTime:0.000023s ]
INFO: [ app_init ] --END-- [ RunTime:0.001031s ]
ERR: 无法加载模块:Jackbox

[ 2017-09-18T20:03:02+08:00 ] ::1 /GitHubDesktop/subject/index.php/jackbox/css/jackbox.min.css
INFO: [ app_init ] --START--
INFO: Run Behavior\BuildLiteBehavior [ RunTime:0.000031s ]
INFO: [ app_init ] --END-- [ RunTime:0.001580s ]
ERR: 无法加载模块:Jackbox

[ 2017-09-18T20:13:44+08:00 ] ::1 /GitHubDesktop/subject/index.php/jackbox/css/jackbox.min.css
INFO: [ app_init ] --START--
INFO: Run Behavior\BuildLiteBehavior [ RunTime:0.000028s ]
INFO: [ app_init ] --END-- [ RunTime:0.001625s ]
ERR: 无法加载模块:Jackbox

